/work/phenotyprediction/brunok/PHEMALE/scripts/data_IO.py:37: NumbaWarning: 
Compilation is falling back to object mode WITH looplifting enabled because Function "GetData" failed type inference due to: Untyped global name 'load': Cannot determine Numba type of <class 'function'>

File "scripts/data_IO.py", line 40:
    def GetData(self):
        <source elided>

        x = load( self.data_folder + 'data.joblib', mmap_mode='r+' )
        ^

  @jit
/home/brunok/miniconda3/envs/phenpred/lib/python3.7/site-packages/numba/core/object_mode_passes.py:152: NumbaWarning: Function "GetData" was compiled in object mode without forceobj=True.

File "scripts/data_IO.py", line 38:
    @jit
    def GetData(self):
    ^

  state.func_ir.loc))
/home/brunok/miniconda3/envs/phenpred/lib/python3.7/site-packages/numba/core/object_mode_passes.py:162: NumbaDeprecationWarning: 
Fall-back from the nopython compilation path to the object mode compilation path has been detected, this is deprecated behaviour.

For more information visit https://numba.pydata.org/numba-doc/latest/reference/deprecation.html#deprecation-of-object-mode-fall-back-behaviour-when-using-jit

File "scripts/data_IO.py", line 38:
    @jit
    def GetData(self):
    ^

  state.func_ir.loc))
/work/phenotyprediction/brunok/PHEMALE/scripts/data_IO.py:59: NumbaWarning: 
Compilation is falling back to object mode WITH looplifting enabled because Function "SplitData" failed type inference due to: Untyped global name 'train_test_split': Cannot determine Numba type of <class 'function'>

File "scripts/data_IO.py", line 61:
    def SplitData(self, x, y, test_size):
        x_train, x_test, y_train, y_test = train_test_split(x, y, test_size = test_size)
        ^

  @jit
/home/brunok/miniconda3/envs/phenpred/lib/python3.7/site-packages/numba/core/object_mode_passes.py:152: NumbaWarning: Function "SplitData" was compiled in object mode without forceobj=True.

File "scripts/data_IO.py", line 60:
    @jit
    def SplitData(self, x, y, test_size):
    ^

  state.func_ir.loc))
/home/brunok/miniconda3/envs/phenpred/lib/python3.7/site-packages/numba/core/object_mode_passes.py:162: NumbaDeprecationWarning: 
Fall-back from the nopython compilation path to the object mode compilation path has been detected, this is deprecated behaviour.

For more information visit https://numba.pydata.org/numba-doc/latest/reference/deprecation.html#deprecation-of-object-mode-fall-back-behaviour-when-using-jit

File "scripts/data_IO.py", line 60:
    @jit
    def SplitData(self, x, y, test_size):
    ^

  state.func_ir.loc))
/home/brunok/miniconda3/envs/phenpred/lib/python3.7/site-packages/sklearn/model_selection/_validation.py:774: UserWarning: Scoring failed. The score on this train-test partition for these parameters will be set to nan. Details: 
Traceback (most recent call last):
  File "/home/brunok/miniconda3/envs/phenpred/lib/python3.7/site-packages/sklearn/model_selection/_validation.py", line 761, in _score
    scores = scorer(estimator, X_test, y_test)
  File "/home/brunok/miniconda3/envs/phenpred/lib/python3.7/site-packages/sklearn/metrics/_scorer.py", line 221, in __call__
    sample_weight=sample_weight,
  File "/home/brunok/miniconda3/envs/phenpred/lib/python3.7/site-packages/sklearn/metrics/_scorer.py", line 264, in _score
    return self._sign * self._score_func(y_true, y_pred, **self._kwargs)
  File "/home/brunok/miniconda3/envs/phenpred/lib/python3.7/site-packages/sklearn/metrics/_regression.py", line 790, in r2_score
    y_true, y_pred, multioutput
  File "/home/brunok/miniconda3/envs/phenpred/lib/python3.7/site-packages/sklearn/metrics/_regression.py", line 94, in _check_reg_targets
    check_consistent_length(y_true, y_pred)
  File "/home/brunok/miniconda3/envs/phenpred/lib/python3.7/site-packages/sklearn/utils/validation.py", line 334, in check_consistent_length
    % [int(l) for l in lengths]
ValueError: Found input variables with inconsistent numbers of samples: [101, 1]

  UserWarning,
/home/brunok/miniconda3/envs/phenpred/lib/python3.7/site-packages/sklearn/cross_decomposition/_pls.py:305: UserWarning: Y residual is constant at iteration 129
  warnings.warn(f"Y residual is constant at iteration {k}")
/home/brunok/miniconda3/envs/phenpred/lib/python3.7/site-packages/sklearn/cross_decomposition/_pls.py:305: UserWarning: Y residual is constant at iteration 128
  warnings.warn(f"Y residual is constant at iteration {k}")
/home/brunok/miniconda3/envs/phenpred/lib/python3.7/site-packages/sklearn/model_selection/_validation.py:774: UserWarning: Scoring failed. The score on this train-test partition for these parameters will be set to nan. Details: 
Traceback (most recent call last):
  File "/home/brunok/miniconda3/envs/phenpred/lib/python3.7/site-packages/sklearn/model_selection/_validation.py", line 761, in _score
    scores = scorer(estimator, X_test, y_test)
  File "/home/brunok/miniconda3/envs/phenpred/lib/python3.7/site-packages/sklearn/metrics/_scorer.py", line 221, in __call__
    sample_weight=sample_weight,
  File "/home/brunok/miniconda3/envs/phenpred/lib/python3.7/site-packages/sklearn/metrics/_scorer.py", line 264, in _score
    return self._sign * self._score_func(y_true, y_pred, **self._kwargs)
  File "/home/brunok/miniconda3/envs/phenpred/lib/python3.7/site-packages/sklearn/metrics/_regression.py", line 790, in r2_score
    y_true, y_pred, multioutput
  File "/home/brunok/miniconda3/envs/phenpred/lib/python3.7/site-packages/sklearn/metrics/_regression.py", line 94, in _check_reg_targets
    check_consistent_length(y_true, y_pred)
  File "/home/brunok/miniconda3/envs/phenpred/lib/python3.7/site-packages/sklearn/utils/validation.py", line 334, in check_consistent_length
    % [int(l) for l in lengths]
ValueError: Found input variables with inconsistent numbers of samples: [101, 1]

  UserWarning,
/home/brunok/miniconda3/envs/phenpred/lib/python3.7/site-packages/sklearn/model_selection/_validation.py:774: UserWarning: Scoring failed. The score on this train-test partition for these parameters will be set to nan. Details: 
Traceback (most recent call last):
  File "/home/brunok/miniconda3/envs/phenpred/lib/python3.7/site-packages/sklearn/model_selection/_validation.py", line 761, in _score
    scores = scorer(estimator, X_test, y_test)
  File "/home/brunok/miniconda3/envs/phenpred/lib/python3.7/site-packages/sklearn/metrics/_scorer.py", line 221, in __call__
    sample_weight=sample_weight,
  File "/home/brunok/miniconda3/envs/phenpred/lib/python3.7/site-packages/sklearn/metrics/_scorer.py", line 264, in _score
    return self._sign * self._score_func(y_true, y_pred, **self._kwargs)
  File "/home/brunok/miniconda3/envs/phenpred/lib/python3.7/site-packages/sklearn/metrics/_regression.py", line 790, in r2_score
    y_true, y_pred, multioutput
  File "/home/brunok/miniconda3/envs/phenpred/lib/python3.7/site-packages/sklearn/metrics/_regression.py", line 94, in _check_reg_targets
    check_consistent_length(y_true, y_pred)
  File "/home/brunok/miniconda3/envs/phenpred/lib/python3.7/site-packages/sklearn/utils/validation.py", line 334, in check_consistent_length
    % [int(l) for l in lengths]
ValueError: Found input variables with inconsistent numbers of samples: [101, 1]

  UserWarning,
/home/brunok/miniconda3/envs/phenpred/lib/python3.7/site-packages/sklearn/model_selection/_validation.py:774: UserWarning: Scoring failed. The score on this train-test partition for these parameters will be set to nan. Details: 
Traceback (most recent call last):
  File "/home/brunok/miniconda3/envs/phenpred/lib/python3.7/site-packages/sklearn/model_selection/_validation.py", line 761, in _score
    scores = scorer(estimator, X_test, y_test)
  File "/home/brunok/miniconda3/envs/phenpred/lib/python3.7/site-packages/sklearn/metrics/_scorer.py", line 221, in __call__
    sample_weight=sample_weight,
  File "/home/brunok/miniconda3/envs/phenpred/lib/python3.7/site-packages/sklearn/metrics/_scorer.py", line 264, in _score
    return self._sign * self._score_func(y_true, y_pred, **self._kwargs)
  File "/home/brunok/miniconda3/envs/phenpred/lib/python3.7/site-packages/sklearn/metrics/_regression.py", line 790, in r2_score
    y_true, y_pred, multioutput
  File "/home/brunok/miniconda3/envs/phenpred/lib/python3.7/site-packages/sklearn/metrics/_regression.py", line 94, in _check_reg_targets
    check_consistent_length(y_true, y_pred)
  File "/home/brunok/miniconda3/envs/phenpred/lib/python3.7/site-packages/sklearn/utils/validation.py", line 334, in check_consistent_length
    % [int(l) for l in lengths]
ValueError: Found input variables with inconsistent numbers of samples: [101, 1]

  UserWarning,
/home/brunok/miniconda3/envs/phenpred/lib/python3.7/site-packages/sklearn/model_selection/_validation.py:774: UserWarning: Scoring failed. The score on this train-test partition for these parameters will be set to nan. Details: 
Traceback (most recent call last):
  File "/home/brunok/miniconda3/envs/phenpred/lib/python3.7/site-packages/sklearn/model_selection/_validation.py", line 761, in _score
    scores = scorer(estimator, X_test, y_test)
  File "/home/brunok/miniconda3/envs/phenpred/lib/python3.7/site-packages/sklearn/metrics/_scorer.py", line 221, in __call__
    sample_weight=sample_weight,
  File "/home/brunok/miniconda3/envs/phenpred/lib/python3.7/site-packages/sklearn/metrics/_scorer.py", line 264, in _score
    return self._sign * self._score_func(y_true, y_pred, **self._kwargs)
  File "/home/brunok/miniconda3/envs/phenpred/lib/python3.7/site-packages/sklearn/metrics/_regression.py", line 790, in r2_score
    y_true, y_pred, multioutput
  File "/home/brunok/miniconda3/envs/phenpred/lib/python3.7/site-packages/sklearn/metrics/_regression.py", line 94, in _check_reg_targets
    check_consistent_length(y_true, y_pred)
  File "/home/brunok/miniconda3/envs/phenpred/lib/python3.7/site-packages/sklearn/utils/validation.py", line 334, in check_consistent_length
    % [int(l) for l in lengths]
ValueError: Found input variables with inconsistent numbers of samples: [101, 1]

  UserWarning,
/home/brunok/miniconda3/envs/phenpred/lib/python3.7/site-packages/sklearn/model_selection/_validation.py:774: UserWarning: Scoring failed. The score on this train-test partition for these parameters will be set to nan. Details: 
Traceback (most recent call last):
  File "/home/brunok/miniconda3/envs/phenpred/lib/python3.7/site-packages/sklearn/model_selection/_validation.py", line 761, in _score
    scores = scorer(estimator, X_test, y_test)
  File "/home/brunok/miniconda3/envs/phenpred/lib/python3.7/site-packages/sklearn/metrics/_scorer.py", line 221, in __call__
    sample_weight=sample_weight,
  File "/home/brunok/miniconda3/envs/phenpred/lib/python3.7/site-packages/sklearn/metrics/_scorer.py", line 264, in _score
    return self._sign * self._score_func(y_true, y_pred, **self._kwargs)
  File "/home/brunok/miniconda3/envs/phenpred/lib/python3.7/site-packages/sklearn/metrics/_regression.py", line 790, in r2_score
    y_true, y_pred, multioutput
  File "/home/brunok/miniconda3/envs/phenpred/lib/python3.7/site-packages/sklearn/metrics/_regression.py", line 94, in _check_reg_targets
    check_consistent_length(y_true, y_pred)
  File "/home/brunok/miniconda3/envs/phenpred/lib/python3.7/site-packages/sklearn/utils/validation.py", line 334, in check_consistent_length
    % [int(l) for l in lengths]
ValueError: Found input variables with inconsistent numbers of samples: [100, 1]

  UserWarning,
/home/brunok/miniconda3/envs/phenpred/lib/python3.7/site-packages/sklearn/model_selection/_validation.py:774: UserWarning: Scoring failed. The score on this train-test partition for these parameters will be set to nan. Details: 
Traceback (most recent call last):
  File "/home/brunok/miniconda3/envs/phenpred/lib/python3.7/site-packages/sklearn/model_selection/_validation.py", line 761, in _score
    scores = scorer(estimator, X_test, y_test)
  File "/home/brunok/miniconda3/envs/phenpred/lib/python3.7/site-packages/sklearn/metrics/_scorer.py", line 221, in __call__
    sample_weight=sample_weight,
  File "/home/brunok/miniconda3/envs/phenpred/lib/python3.7/site-packages/sklearn/metrics/_scorer.py", line 264, in _score
    return self._sign * self._score_func(y_true, y_pred, **self._kwargs)
  File "/home/brunok/miniconda3/envs/phenpred/lib/python3.7/site-packages/sklearn/metrics/_regression.py", line 790, in r2_score
    y_true, y_pred, multioutput
  File "/home/brunok/miniconda3/envs/phenpred/lib/python3.7/site-packages/sklearn/metrics/_regression.py", line 94, in _check_reg_targets
    check_consistent_length(y_true, y_pred)
  File "/home/brunok/miniconda3/envs/phenpred/lib/python3.7/site-packages/sklearn/utils/validation.py", line 334, in check_consistent_length
    % [int(l) for l in lengths]
ValueError: Found input variables with inconsistent numbers of samples: [101, 1]

  UserWarning,
/home/brunok/miniconda3/envs/phenpred/lib/python3.7/site-packages/sklearn/model_selection/_validation.py:774: UserWarning: Scoring failed. The score on this train-test partition for these parameters will be set to nan. Details: 
Traceback (most recent call last):
  File "/home/brunok/miniconda3/envs/phenpred/lib/python3.7/site-packages/sklearn/model_selection/_validation.py", line 761, in _score
    scores = scorer(estimator, X_test, y_test)
  File "/home/brunok/miniconda3/envs/phenpred/lib/python3.7/site-packages/sklearn/metrics/_scorer.py", line 221, in __call__
    sample_weight=sample_weight,
  File "/home/brunok/miniconda3/envs/phenpred/lib/python3.7/site-packages/sklearn/metrics/_scorer.py", line 264, in _score
    return self._sign * self._score_func(y_true, y_pred, **self._kwargs)
  File "/home/brunok/miniconda3/envs/phenpred/lib/python3.7/site-packages/sklearn/metrics/_regression.py", line 790, in r2_score
    y_true, y_pred, multioutput
  File "/home/brunok/miniconda3/envs/phenpred/lib/python3.7/site-packages/sklearn/metrics/_regression.py", line 94, in _check_reg_targets
    check_consistent_length(y_true, y_pred)
  File "/home/brunok/miniconda3/envs/phenpred/lib/python3.7/site-packages/sklearn/utils/validation.py", line 334, in check_consistent_length
    % [int(l) for l in lengths]
ValueError: Found input variables with inconsistent numbers of samples: [100, 1]

  UserWarning,
/home/brunok/miniconda3/envs/phenpred/lib/python3.7/site-packages/sklearn/model_selection/_validation.py:774: UserWarning: Scoring failed. The score on this train-test partition for these parameters will be set to nan. Details: 
Traceback (most recent call last):
  File "/home/brunok/miniconda3/envs/phenpred/lib/python3.7/site-packages/sklearn/model_selection/_validation.py", line 761, in _score
    scores = scorer(estimator, X_test, y_test)
  File "/home/brunok/miniconda3/envs/phenpred/lib/python3.7/site-packages/sklearn/metrics/_scorer.py", line 221, in __call__
    sample_weight=sample_weight,
  File "/home/brunok/miniconda3/envs/phenpred/lib/python3.7/site-packages/sklearn/metrics/_scorer.py", line 264, in _score
    return self._sign * self._score_func(y_true, y_pred, **self._kwargs)
  File "/home/brunok/miniconda3/envs/phenpred/lib/python3.7/site-packages/sklearn/metrics/_regression.py", line 790, in r2_score
    y_true, y_pred, multioutput
  File "/home/brunok/miniconda3/envs/phenpred/lib/python3.7/site-packages/sklearn/metrics/_regression.py", line 94, in _check_reg_targets
    check_consistent_length(y_true, y_pred)
  File "/home/brunok/miniconda3/envs/phenpred/lib/python3.7/site-packages/sklearn/utils/validation.py", line 334, in check_consistent_length
    % [int(l) for l in lengths]
ValueError: Found input variables with inconsistent numbers of samples: [100, 1]

  UserWarning,
/home/brunok/miniconda3/envs/phenpred/lib/python3.7/site-packages/sklearn/model_selection/_validation.py:774: UserWarning: Scoring failed. The score on this train-test partition for these parameters will be set to nan. Details: 
Traceback (most recent call last):
  File "/home/brunok/miniconda3/envs/phenpred/lib/python3.7/site-packages/sklearn/model_selection/_validation.py", line 761, in _score
    scores = scorer(estimator, X_test, y_test)
  File "/home/brunok/miniconda3/envs/phenpred/lib/python3.7/site-packages/sklearn/metrics/_scorer.py", line 221, in __call__
    sample_weight=sample_weight,
  File "/home/brunok/miniconda3/envs/phenpred/lib/python3.7/site-packages/sklearn/metrics/_scorer.py", line 264, in _score
    return self._sign * self._score_func(y_true, y_pred, **self._kwargs)
  File "/home/brunok/miniconda3/envs/phenpred/lib/python3.7/site-packages/sklearn/metrics/_regression.py", line 790, in r2_score
    y_true, y_pred, multioutput
  File "/home/brunok/miniconda3/envs/phenpred/lib/python3.7/site-packages/sklearn/metrics/_regression.py", line 94, in _check_reg_targets
    check_consistent_length(y_true, y_pred)
  File "/home/brunok/miniconda3/envs/phenpred/lib/python3.7/site-packages/sklearn/utils/validation.py", line 334, in check_consistent_length
    % [int(l) for l in lengths]
ValueError: Found input variables with inconsistent numbers of samples: [101, 1]

  UserWarning,
/home/brunok/miniconda3/envs/phenpred/lib/python3.7/site-packages/sklearn/model_selection/_validation.py:774: UserWarning: Scoring failed. The score on this train-test partition for these parameters will be set to nan. Details: 
Traceback (most recent call last):
  File "/home/brunok/miniconda3/envs/phenpred/lib/python3.7/site-packages/sklearn/model_selection/_validation.py", line 761, in _score
    scores = scorer(estimator, X_test, y_test)
  File "/home/brunok/miniconda3/envs/phenpred/lib/python3.7/site-packages/sklearn/metrics/_scorer.py", line 221, in __call__
    sample_weight=sample_weight,
  File "/home/brunok/miniconda3/envs/phenpred/lib/python3.7/site-packages/sklearn/metrics/_scorer.py", line 264, in _score
    return self._sign * self._score_func(y_true, y_pred, **self._kwargs)
  File "/home/brunok/miniconda3/envs/phenpred/lib/python3.7/site-packages/sklearn/metrics/_regression.py", line 790, in r2_score
    y_true, y_pred, multioutput
  File "/home/brunok/miniconda3/envs/phenpred/lib/python3.7/site-packages/sklearn/metrics/_regression.py", line 94, in _check_reg_targets
    check_consistent_length(y_true, y_pred)
  File "/home/brunok/miniconda3/envs/phenpred/lib/python3.7/site-packages/sklearn/utils/validation.py", line 334, in check_consistent_length
    % [int(l) for l in lengths]
ValueError: Found input variables with inconsistent numbers of samples: [100, 1]

  UserWarning,
/home/brunok/miniconda3/envs/phenpred/lib/python3.7/site-packages/sklearn/model_selection/_validation.py:774: UserWarning: Scoring failed. The score on this train-test partition for these parameters will be set to nan. Details: 
Traceback (most recent call last):
  File "/home/brunok/miniconda3/envs/phenpred/lib/python3.7/site-packages/sklearn/model_selection/_validation.py", line 761, in _score
    scores = scorer(estimator, X_test, y_test)
  File "/home/brunok/miniconda3/envs/phenpred/lib/python3.7/site-packages/sklearn/metrics/_scorer.py", line 221, in __call__
    sample_weight=sample_weight,
  File "/home/brunok/miniconda3/envs/phenpred/lib/python3.7/site-packages/sklearn/metrics/_scorer.py", line 264, in _score
    return self._sign * self._score_func(y_true, y_pred, **self._kwargs)
  File "/home/brunok/miniconda3/envs/phenpred/lib/python3.7/site-packages/sklearn/metrics/_regression.py", line 790, in r2_score
    y_true, y_pred, multioutput
  File "/home/brunok/miniconda3/envs/phenpred/lib/python3.7/site-packages/sklearn/metrics/_regression.py", line 94, in _check_reg_targets
    check_consistent_length(y_true, y_pred)
  File "/home/brunok/miniconda3/envs/phenpred/lib/python3.7/site-packages/sklearn/utils/validation.py", line 334, in check_consistent_length
    % [int(l) for l in lengths]
ValueError: Found input variables with inconsistent numbers of samples: [101, 1]

  UserWarning,
/home/brunok/miniconda3/envs/phenpred/lib/python3.7/site-packages/sklearn/model_selection/_validation.py:774: UserWarning: Scoring failed. The score on this train-test partition for these parameters will be set to nan. Details: 
Traceback (most recent call last):
  File "/home/brunok/miniconda3/envs/phenpred/lib/python3.7/site-packages/sklearn/model_selection/_validation.py", line 761, in _score
    scores = scorer(estimator, X_test, y_test)
  File "/home/brunok/miniconda3/envs/phenpred/lib/python3.7/site-packages/sklearn/metrics/_scorer.py", line 221, in __call__
    sample_weight=sample_weight,
  File "/home/brunok/miniconda3/envs/phenpred/lib/python3.7/site-packages/sklearn/metrics/_scorer.py", line 264, in _score
    return self._sign * self._score_func(y_true, y_pred, **self._kwargs)
  File "/home/brunok/miniconda3/envs/phenpred/lib/python3.7/site-packages/sklearn/metrics/_regression.py", line 790, in r2_score
    y_true, y_pred, multioutput
  File "/home/brunok/miniconda3/envs/phenpred/lib/python3.7/site-packages/sklearn/metrics/_regression.py", line 94, in _check_reg_targets
    check_consistent_length(y_true, y_pred)
  File "/home/brunok/miniconda3/envs/phenpred/lib/python3.7/site-packages/sklearn/utils/validation.py", line 334, in check_consistent_length
    % [int(l) for l in lengths]
ValueError: Found input variables with inconsistent numbers of samples: [101, 1]

  UserWarning,
/home/brunok/miniconda3/envs/phenpred/lib/python3.7/site-packages/sklearn/model_selection/_validation.py:774: UserWarning: Scoring failed. The score on this train-test partition for these parameters will be set to nan. Details: 
Traceback (most recent call last):
  File "/home/brunok/miniconda3/envs/phenpred/lib/python3.7/site-packages/sklearn/model_selection/_validation.py", line 761, in _score
    scores = scorer(estimator, X_test, y_test)
  File "/home/brunok/miniconda3/envs/phenpred/lib/python3.7/site-packages/sklearn/metrics/_scorer.py", line 221, in __call__
    sample_weight=sample_weight,
  File "/home/brunok/miniconda3/envs/phenpred/lib/python3.7/site-packages/sklearn/metrics/_scorer.py", line 264, in _score
    return self._sign * self._score_func(y_true, y_pred, **self._kwargs)
  File "/home/brunok/miniconda3/envs/phenpred/lib/python3.7/site-packages/sklearn/metrics/_regression.py", line 790, in r2_score
    y_true, y_pred, multioutput
  File "/home/brunok/miniconda3/envs/phenpred/lib/python3.7/site-packages/sklearn/metrics/_regression.py", line 94, in _check_reg_targets
    check_consistent_length(y_true, y_pred)
  File "/home/brunok/miniconda3/envs/phenpred/lib/python3.7/site-packages/sklearn/utils/validation.py", line 334, in check_consistent_length
    % [int(l) for l in lengths]
ValueError: Found input variables with inconsistent numbers of samples: [100, 1]

  UserWarning,
/home/brunok/miniconda3/envs/phenpred/lib/python3.7/site-packages/sklearn/model_selection/_validation.py:774: UserWarning: Scoring failed. The score on this train-test partition for these parameters will be set to nan. Details: 
Traceback (most recent call last):
  File "/home/brunok/miniconda3/envs/phenpred/lib/python3.7/site-packages/sklearn/model_selection/_validation.py", line 761, in _score
    scores = scorer(estimator, X_test, y_test)
  File "/home/brunok/miniconda3/envs/phenpred/lib/python3.7/site-packages/sklearn/metrics/_scorer.py", line 221, in __call__
    sample_weight=sample_weight,
  File "/home/brunok/miniconda3/envs/phenpred/lib/python3.7/site-packages/sklearn/metrics/_scorer.py", line 264, in _score
    return self._sign * self._score_func(y_true, y_pred, **self._kwargs)
  File "/home/brunok/miniconda3/envs/phenpred/lib/python3.7/site-packages/sklearn/metrics/_regression.py", line 790, in r2_score
    y_true, y_pred, multioutput
  File "/home/brunok/miniconda3/envs/phenpred/lib/python3.7/site-packages/sklearn/metrics/_regression.py", line 94, in _check_reg_targets
    check_consistent_length(y_true, y_pred)
  File "/home/brunok/miniconda3/envs/phenpred/lib/python3.7/site-packages/sklearn/utils/validation.py", line 334, in check_consistent_length
    % [int(l) for l in lengths]
ValueError: Found input variables with inconsistent numbers of samples: [100, 1]

  UserWarning,
/home/brunok/miniconda3/envs/phenpred/lib/python3.7/site-packages/sklearn/model_selection/_validation.py:774: UserWarning: Scoring failed. The score on this train-test partition for these parameters will be set to nan. Details: 
Traceback (most recent call last):
  File "/home/brunok/miniconda3/envs/phenpred/lib/python3.7/site-packages/sklearn/model_selection/_validation.py", line 761, in _score
    scores = scorer(estimator, X_test, y_test)
  File "/home/brunok/miniconda3/envs/phenpred/lib/python3.7/site-packages/sklearn/metrics/_scorer.py", line 221, in __call__
    sample_weight=sample_weight,
  File "/home/brunok/miniconda3/envs/phenpred/lib/python3.7/site-packages/sklearn/metrics/_scorer.py", line 264, in _score
    return self._sign * self._score_func(y_true, y_pred, **self._kwargs)
  File "/home/brunok/miniconda3/envs/phenpred/lib/python3.7/site-packages/sklearn/metrics/_regression.py", line 790, in r2_score
    y_true, y_pred, multioutput
  File "/home/brunok/miniconda3/envs/phenpred/lib/python3.7/site-packages/sklearn/metrics/_regression.py", line 94, in _check_reg_targets
    check_consistent_length(y_true, y_pred)
  File "/home/brunok/miniconda3/envs/phenpred/lib/python3.7/site-packages/sklearn/utils/validation.py", line 334, in check_consistent_length
    % [int(l) for l in lengths]
ValueError: Found input variables with inconsistent numbers of samples: [100, 1]

  UserWarning,
/home/brunok/miniconda3/envs/phenpred/lib/python3.7/site-packages/sklearn/model_selection/_validation.py:774: UserWarning: Scoring failed. The score on this train-test partition for these parameters will be set to nan. Details: 
Traceback (most recent call last):
  File "/home/brunok/miniconda3/envs/phenpred/lib/python3.7/site-packages/sklearn/model_selection/_validation.py", line 761, in _score
    scores = scorer(estimator, X_test, y_test)
  File "/home/brunok/miniconda3/envs/phenpred/lib/python3.7/site-packages/sklearn/metrics/_scorer.py", line 221, in __call__
    sample_weight=sample_weight,
  File "/home/brunok/miniconda3/envs/phenpred/lib/python3.7/site-packages/sklearn/metrics/_scorer.py", line 264, in _score
    return self._sign * self._score_func(y_true, y_pred, **self._kwargs)
  File "/home/brunok/miniconda3/envs/phenpred/lib/python3.7/site-packages/sklearn/metrics/_regression.py", line 790, in r2_score
    y_true, y_pred, multioutput
  File "/home/brunok/miniconda3/envs/phenpred/lib/python3.7/site-packages/sklearn/metrics/_regression.py", line 94, in _check_reg_targets
    check_consistent_length(y_true, y_pred)
  File "/home/brunok/miniconda3/envs/phenpred/lib/python3.7/site-packages/sklearn/utils/validation.py", line 334, in check_consistent_length
    % [int(l) for l in lengths]
ValueError: Found input variables with inconsistent numbers of samples: [100, 1]

  UserWarning,
/home/brunok/miniconda3/envs/phenpred/lib/python3.7/site-packages/sklearn/model_selection/_validation.py:774: UserWarning: Scoring failed. The score on this train-test partition for these parameters will be set to nan. Details: 
Traceback (most recent call last):
  File "/home/brunok/miniconda3/envs/phenpred/lib/python3.7/site-packages/sklearn/model_selection/_validation.py", line 761, in _score
    scores = scorer(estimator, X_test, y_test)
  File "/home/brunok/miniconda3/envs/phenpred/lib/python3.7/site-packages/sklearn/metrics/_scorer.py", line 221, in __call__
    sample_weight=sample_weight,
  File "/home/brunok/miniconda3/envs/phenpred/lib/python3.7/site-packages/sklearn/metrics/_scorer.py", line 264, in _score
    return self._sign * self._score_func(y_true, y_pred, **self._kwargs)
  File "/home/brunok/miniconda3/envs/phenpred/lib/python3.7/site-packages/sklearn/metrics/_regression.py", line 790, in r2_score
    y_true, y_pred, multioutput
  File "/home/brunok/miniconda3/envs/phenpred/lib/python3.7/site-packages/sklearn/metrics/_regression.py", line 94, in _check_reg_targets
    check_consistent_length(y_true, y_pred)
  File "/home/brunok/miniconda3/envs/phenpred/lib/python3.7/site-packages/sklearn/utils/validation.py", line 334, in check_consistent_length
    % [int(l) for l in lengths]
ValueError: Found input variables with inconsistent numbers of samples: [100, 1]

  UserWarning,
/home/brunok/miniconda3/envs/phenpred/lib/python3.7/site-packages/sklearn/model_selection/_validation.py:774: UserWarning: Scoring failed. The score on this train-test partition for these parameters will be set to nan. Details: 
Traceback (most recent call last):
  File "/home/brunok/miniconda3/envs/phenpred/lib/python3.7/site-packages/sklearn/model_selection/_validation.py", line 761, in _score
    scores = scorer(estimator, X_test, y_test)
  File "/home/brunok/miniconda3/envs/phenpred/lib/python3.7/site-packages/sklearn/metrics/_scorer.py", line 221, in __call__
    sample_weight=sample_weight,
  File "/home/brunok/miniconda3/envs/phenpred/lib/python3.7/site-packages/sklearn/metrics/_scorer.py", line 264, in _score
    return self._sign * self._score_func(y_true, y_pred, **self._kwargs)
  File "/home/brunok/miniconda3/envs/phenpred/lib/python3.7/site-packages/sklearn/metrics/_regression.py", line 790, in r2_score
    y_true, y_pred, multioutput
  File "/home/brunok/miniconda3/envs/phenpred/lib/python3.7/site-packages/sklearn/metrics/_regression.py", line 94, in _check_reg_targets
    check_consistent_length(y_true, y_pred)
  File "/home/brunok/miniconda3/envs/phenpred/lib/python3.7/site-packages/sklearn/utils/validation.py", line 334, in check_consistent_length
    % [int(l) for l in lengths]
ValueError: Found input variables with inconsistent numbers of samples: [100, 1]

  UserWarning,
/home/brunok/miniconda3/envs/phenpred/lib/python3.7/site-packages/sklearn/model_selection/_validation.py:774: UserWarning: Scoring failed. The score on this train-test partition for these parameters will be set to nan. Details: 
Traceback (most recent call last):
  File "/home/brunok/miniconda3/envs/phenpred/lib/python3.7/site-packages/sklearn/model_selection/_validation.py", line 761, in _score
    scores = scorer(estimator, X_test, y_test)
  File "/home/brunok/miniconda3/envs/phenpred/lib/python3.7/site-packages/sklearn/metrics/_scorer.py", line 221, in __call__
    sample_weight=sample_weight,
  File "/home/brunok/miniconda3/envs/phenpred/lib/python3.7/site-packages/sklearn/metrics/_scorer.py", line 264, in _score
    return self._sign * self._score_func(y_true, y_pred, **self._kwargs)
  File "/home/brunok/miniconda3/envs/phenpred/lib/python3.7/site-packages/sklearn/metrics/_regression.py", line 790, in r2_score
    y_true, y_pred, multioutput
  File "/home/brunok/miniconda3/envs/phenpred/lib/python3.7/site-packages/sklearn/metrics/_regression.py", line 94, in _check_reg_targets
    check_consistent_length(y_true, y_pred)
  File "/home/brunok/miniconda3/envs/phenpred/lib/python3.7/site-packages/sklearn/utils/validation.py", line 334, in check_consistent_length
    % [int(l) for l in lengths]
ValueError: Found input variables with inconsistent numbers of samples: [101, 1]

  UserWarning,
/home/brunok/miniconda3/envs/phenpred/lib/python3.7/site-packages/sklearn/model_selection/_validation.py:774: UserWarning: Scoring failed. The score on this train-test partition for these parameters will be set to nan. Details: 
Traceback (most recent call last):
  File "/home/brunok/miniconda3/envs/phenpred/lib/python3.7/site-packages/sklearn/model_selection/_validation.py", line 761, in _score
    scores = scorer(estimator, X_test, y_test)
  File "/home/brunok/miniconda3/envs/phenpred/lib/python3.7/site-packages/sklearn/metrics/_scorer.py", line 221, in __call__
    sample_weight=sample_weight,
  File "/home/brunok/miniconda3/envs/phenpred/lib/python3.7/site-packages/sklearn/metrics/_scorer.py", line 264, in _score
    return self._sign * self._score_func(y_true, y_pred, **self._kwargs)
  File "/home/brunok/miniconda3/envs/phenpred/lib/python3.7/site-packages/sklearn/metrics/_regression.py", line 790, in r2_score
    y_true, y_pred, multioutput
  File "/home/brunok/miniconda3/envs/phenpred/lib/python3.7/site-packages/sklearn/metrics/_regression.py", line 94, in _check_reg_targets
    check_consistent_length(y_true, y_pred)
  File "/home/brunok/miniconda3/envs/phenpred/lib/python3.7/site-packages/sklearn/utils/validation.py", line 334, in check_consistent_length
    % [int(l) for l in lengths]
ValueError: Found input variables with inconsistent numbers of samples: [100, 1]

  UserWarning,
/home/brunok/miniconda3/envs/phenpred/lib/python3.7/site-packages/sklearn/model_selection/_validation.py:774: UserWarning: Scoring failed. The score on this train-test partition for these parameters will be set to nan. Details: 
Traceback (most recent call last):
  File "/home/brunok/miniconda3/envs/phenpred/lib/python3.7/site-packages/sklearn/model_selection/_validation.py", line 761, in _score
    scores = scorer(estimator, X_test, y_test)
  File "/home/brunok/miniconda3/envs/phenpred/lib/python3.7/site-packages/sklearn/metrics/_scorer.py", line 221, in __call__
    sample_weight=sample_weight,
  File "/home/brunok/miniconda3/envs/phenpred/lib/python3.7/site-packages/sklearn/metrics/_scorer.py", line 264, in _score
    return self._sign * self._score_func(y_true, y_pred, **self._kwargs)
  File "/home/brunok/miniconda3/envs/phenpred/lib/python3.7/site-packages/sklearn/metrics/_regression.py", line 790, in r2_score
    y_true, y_pred, multioutput
  File "/home/brunok/miniconda3/envs/phenpred/lib/python3.7/site-packages/sklearn/metrics/_regression.py", line 94, in _check_reg_targets
    check_consistent_length(y_true, y_pred)
  File "/home/brunok/miniconda3/envs/phenpred/lib/python3.7/site-packages/sklearn/utils/validation.py", line 334, in check_consistent_length
    % [int(l) for l in lengths]
ValueError: Found input variables with inconsistent numbers of samples: [101, 1]

  UserWarning,
/home/brunok/miniconda3/envs/phenpred/lib/python3.7/site-packages/sklearn/model_selection/_validation.py:774: UserWarning: Scoring failed. The score on this train-test partition for these parameters will be set to nan. Details: 
Traceback (most recent call last):
  File "/home/brunok/miniconda3/envs/phenpred/lib/python3.7/site-packages/sklearn/model_selection/_validation.py", line 761, in _score
    scores = scorer(estimator, X_test, y_test)
  File "/home/brunok/miniconda3/envs/phenpred/lib/python3.7/site-packages/sklearn/metrics/_scorer.py", line 221, in __call__
    sample_weight=sample_weight,
  File "/home/brunok/miniconda3/envs/phenpred/lib/python3.7/site-packages/sklearn/metrics/_scorer.py", line 264, in _score
    return self._sign * self._score_func(y_true, y_pred, **self._kwargs)
  File "/home/brunok/miniconda3/envs/phenpred/lib/python3.7/site-packages/sklearn/metrics/_regression.py", line 790, in r2_score
    y_true, y_pred, multioutput
  File "/home/brunok/miniconda3/envs/phenpred/lib/python3.7/site-packages/sklearn/metrics/_regression.py", line 94, in _check_reg_targets
    check_consistent_length(y_true, y_pred)
  File "/home/brunok/miniconda3/envs/phenpred/lib/python3.7/site-packages/sklearn/utils/validation.py", line 334, in check_consistent_length
    % [int(l) for l in lengths]
ValueError: Found input variables with inconsistent numbers of samples: [101, 1]

  UserWarning,
/home/brunok/miniconda3/envs/phenpred/lib/python3.7/site-packages/sklearn/model_selection/_validation.py:774: UserWarning: Scoring failed. The score on this train-test partition for these parameters will be set to nan. Details: 
Traceback (most recent call last):
  File "/home/brunok/miniconda3/envs/phenpred/lib/python3.7/site-packages/sklearn/model_selection/_validation.py", line 761, in _score
    scores = scorer(estimator, X_test, y_test)
  File "/home/brunok/miniconda3/envs/phenpred/lib/python3.7/site-packages/sklearn/metrics/_scorer.py", line 221, in __call__
    sample_weight=sample_weight,
  File "/home/brunok/miniconda3/envs/phenpred/lib/python3.7/site-packages/sklearn/metrics/_scorer.py", line 264, in _score
    return self._sign * self._score_func(y_true, y_pred, **self._kwargs)
  File "/home/brunok/miniconda3/envs/phenpred/lib/python3.7/site-packages/sklearn/metrics/_regression.py", line 790, in r2_score
    y_true, y_pred, multioutput
  File "/home/brunok/miniconda3/envs/phenpred/lib/python3.7/site-packages/sklearn/metrics/_regression.py", line 94, in _check_reg_targets
    check_consistent_length(y_true, y_pred)
  File "/home/brunok/miniconda3/envs/phenpred/lib/python3.7/site-packages/sklearn/utils/validation.py", line 334, in check_consistent_length
    % [int(l) for l in lengths]
ValueError: Found input variables with inconsistent numbers of samples: [100, 1]

  UserWarning,
/home/brunok/miniconda3/envs/phenpred/lib/python3.7/site-packages/sklearn/model_selection/_validation.py:774: UserWarning: Scoring failed. The score on this train-test partition for these parameters will be set to nan. Details: 
Traceback (most recent call last):
  File "/home/brunok/miniconda3/envs/phenpred/lib/python3.7/site-packages/sklearn/model_selection/_validation.py", line 761, in _score
    scores = scorer(estimator, X_test, y_test)
  File "/home/brunok/miniconda3/envs/phenpred/lib/python3.7/site-packages/sklearn/metrics/_scorer.py", line 221, in __call__
    sample_weight=sample_weight,
  File "/home/brunok/miniconda3/envs/phenpred/lib/python3.7/site-packages/sklearn/metrics/_scorer.py", line 264, in _score
    return self._sign * self._score_func(y_true, y_pred, **self._kwargs)
  File "/home/brunok/miniconda3/envs/phenpred/lib/python3.7/site-packages/sklearn/metrics/_regression.py", line 790, in r2_score
    y_true, y_pred, multioutput
  File "/home/brunok/miniconda3/envs/phenpred/lib/python3.7/site-packages/sklearn/metrics/_regression.py", line 94, in _check_reg_targets
    check_consistent_length(y_true, y_pred)
  File "/home/brunok/miniconda3/envs/phenpred/lib/python3.7/site-packages/sklearn/utils/validation.py", line 334, in check_consistent_length
    % [int(l) for l in lengths]
ValueError: Found input variables with inconsistent numbers of samples: [101, 1]

  UserWarning,
/home/brunok/miniconda3/envs/phenpred/lib/python3.7/site-packages/sklearn/cross_decomposition/_pls.py:305: UserWarning: Y residual is constant at iteration 129
  warnings.warn(f"Y residual is constant at iteration {k}")
/home/brunok/miniconda3/envs/phenpred/lib/python3.7/site-packages/sklearn/cross_decomposition/_pls.py:305: UserWarning: Y residual is constant at iteration 128
  warnings.warn(f"Y residual is constant at iteration {k}")
/home/brunok/miniconda3/envs/phenpred/lib/python3.7/site-packages/sklearn/model_selection/_validation.py:774: UserWarning: Scoring failed. The score on this train-test partition for these parameters will be set to nan. Details: 
Traceback (most recent call last):
  File "/home/brunok/miniconda3/envs/phenpred/lib/python3.7/site-packages/sklearn/model_selection/_validation.py", line 761, in _score
    scores = scorer(estimator, X_test, y_test)
  File "/home/brunok/miniconda3/envs/phenpred/lib/python3.7/site-packages/sklearn/metrics/_scorer.py", line 221, in __call__
    sample_weight=sample_weight,
  File "/home/brunok/miniconda3/envs/phenpred/lib/python3.7/site-packages/sklearn/metrics/_scorer.py", line 264, in _score
    return self._sign * self._score_func(y_true, y_pred, **self._kwargs)
  File "/home/brunok/miniconda3/envs/phenpred/lib/python3.7/site-packages/sklearn/metrics/_regression.py", line 790, in r2_score
    y_true, y_pred, multioutput
  File "/home/brunok/miniconda3/envs/phenpred/lib/python3.7/site-packages/sklearn/metrics/_regression.py", line 94, in _check_reg_targets
    check_consistent_length(y_true, y_pred)
  File "/home/brunok/miniconda3/envs/phenpred/lib/python3.7/site-packages/sklearn/utils/validation.py", line 334, in check_consistent_length
    % [int(l) for l in lengths]
ValueError: Found input variables with inconsistent numbers of samples: [101, 1]

  UserWarning,
/home/brunok/miniconda3/envs/phenpred/lib/python3.7/site-packages/sklearn/model_selection/_validation.py:774: UserWarning: Scoring failed. The score on this train-test partition for these parameters will be set to nan. Details: 
Traceback (most recent call last):
  File "/home/brunok/miniconda3/envs/phenpred/lib/python3.7/site-packages/sklearn/model_selection/_validation.py", line 761, in _score
    scores = scorer(estimator, X_test, y_test)
  File "/home/brunok/miniconda3/envs/phenpred/lib/python3.7/site-packages/sklearn/metrics/_scorer.py", line 221, in __call__
    sample_weight=sample_weight,
  File "/home/brunok/miniconda3/envs/phenpred/lib/python3.7/site-packages/sklearn/metrics/_scorer.py", line 264, in _score
    return self._sign * self._score_func(y_true, y_pred, **self._kwargs)
  File "/home/brunok/miniconda3/envs/phenpred/lib/python3.7/site-packages/sklearn/metrics/_regression.py", line 790, in r2_score
    y_true, y_pred, multioutput
  File "/home/brunok/miniconda3/envs/phenpred/lib/python3.7/site-packages/sklearn/metrics/_regression.py", line 94, in _check_reg_targets
    check_consistent_length(y_true, y_pred)
  File "/home/brunok/miniconda3/envs/phenpred/lib/python3.7/site-packages/sklearn/utils/validation.py", line 334, in check_consistent_length
    % [int(l) for l in lengths]
ValueError: Found input variables with inconsistent numbers of samples: [101, 1]

  UserWarning,
/home/brunok/miniconda3/envs/phenpred/lib/python3.7/site-packages/sklearn/model_selection/_validation.py:774: UserWarning: Scoring failed. The score on this train-test partition for these parameters will be set to nan. Details: 
Traceback (most recent call last):
  File "/home/brunok/miniconda3/envs/phenpred/lib/python3.7/site-packages/sklearn/model_selection/_validation.py", line 761, in _score
    scores = scorer(estimator, X_test, y_test)
  File "/home/brunok/miniconda3/envs/phenpred/lib/python3.7/site-packages/sklearn/metrics/_scorer.py", line 221, in __call__
    sample_weight=sample_weight,
  File "/home/brunok/miniconda3/envs/phenpred/lib/python3.7/site-packages/sklearn/metrics/_scorer.py", line 264, in _score
    return self._sign * self._score_func(y_true, y_pred, **self._kwargs)
  File "/home/brunok/miniconda3/envs/phenpred/lib/python3.7/site-packages/sklearn/metrics/_regression.py", line 790, in r2_score
    y_true, y_pred, multioutput
  File "/home/brunok/miniconda3/envs/phenpred/lib/python3.7/site-packages/sklearn/metrics/_regression.py", line 94, in _check_reg_targets
    check_consistent_length(y_true, y_pred)
  File "/home/brunok/miniconda3/envs/phenpred/lib/python3.7/site-packages/sklearn/utils/validation.py", line 334, in check_consistent_length
    % [int(l) for l in lengths]
ValueError: Found input variables with inconsistent numbers of samples: [101, 1]

  UserWarning,
/home/brunok/miniconda3/envs/phenpred/lib/python3.7/site-packages/sklearn/model_selection/_validation.py:774: UserWarning: Scoring failed. The score on this train-test partition for these parameters will be set to nan. Details: 
Traceback (most recent call last):
  File "/home/brunok/miniconda3/envs/phenpred/lib/python3.7/site-packages/sklearn/model_selection/_validation.py", line 761, in _score
    scores = scorer(estimator, X_test, y_test)
  File "/home/brunok/miniconda3/envs/phenpred/lib/python3.7/site-packages/sklearn/metrics/_scorer.py", line 221, in __call__
    sample_weight=sample_weight,
  File "/home/brunok/miniconda3/envs/phenpred/lib/python3.7/site-packages/sklearn/metrics/_scorer.py", line 264, in _score
    return self._sign * self._score_func(y_true, y_pred, **self._kwargs)
  File "/home/brunok/miniconda3/envs/phenpred/lib/python3.7/site-packages/sklearn/metrics/_regression.py", line 790, in r2_score
    y_true, y_pred, multioutput
  File "/home/brunok/miniconda3/envs/phenpred/lib/python3.7/site-packages/sklearn/metrics/_regression.py", line 94, in _check_reg_targets
    check_consistent_length(y_true, y_pred)
  File "/home/brunok/miniconda3/envs/phenpred/lib/python3.7/site-packages/sklearn/utils/validation.py", line 334, in check_consistent_length
    % [int(l) for l in lengths]
ValueError: Found input variables with inconsistent numbers of samples: [101, 1]

  UserWarning,
/home/brunok/miniconda3/envs/phenpred/lib/python3.7/site-packages/sklearn/model_selection/_validation.py:774: UserWarning: Scoring failed. The score on this train-test partition for these parameters will be set to nan. Details: 
Traceback (most recent call last):
  File "/home/brunok/miniconda3/envs/phenpred/lib/python3.7/site-packages/sklearn/model_selection/_validation.py", line 761, in _score
    scores = scorer(estimator, X_test, y_test)
  File "/home/brunok/miniconda3/envs/phenpred/lib/python3.7/site-packages/sklearn/metrics/_scorer.py", line 221, in __call__
    sample_weight=sample_weight,
  File "/home/brunok/miniconda3/envs/phenpred/lib/python3.7/site-packages/sklearn/metrics/_scorer.py", line 264, in _score
    return self._sign * self._score_func(y_true, y_pred, **self._kwargs)
  File "/home/brunok/miniconda3/envs/phenpred/lib/python3.7/site-packages/sklearn/metrics/_regression.py", line 790, in r2_score
    y_true, y_pred, multioutput
  File "/home/brunok/miniconda3/envs/phenpred/lib/python3.7/site-packages/sklearn/metrics/_regression.py", line 94, in _check_reg_targets
    check_consistent_length(y_true, y_pred)
  File "/home/brunok/miniconda3/envs/phenpred/lib/python3.7/site-packages/sklearn/utils/validation.py", line 334, in check_consistent_length
    % [int(l) for l in lengths]
ValueError: Found input variables with inconsistent numbers of samples: [101, 1]

  UserWarning,
/home/brunok/miniconda3/envs/phenpred/lib/python3.7/site-packages/sklearn/model_selection/_validation.py:774: UserWarning: Scoring failed. The score on this train-test partition for these parameters will be set to nan. Details: 
Traceback (most recent call last):
  File "/home/brunok/miniconda3/envs/phenpred/lib/python3.7/site-packages/sklearn/model_selection/_validation.py", line 761, in _score
    scores = scorer(estimator, X_test, y_test)
  File "/home/brunok/miniconda3/envs/phenpred/lib/python3.7/site-packages/sklearn/metrics/_scorer.py", line 221, in __call__
    sample_weight=sample_weight,
  File "/home/brunok/miniconda3/envs/phenpred/lib/python3.7/site-packages/sklearn/metrics/_scorer.py", line 264, in _score
    return self._sign * self._score_func(y_true, y_pred, **self._kwargs)
  File "/home/brunok/miniconda3/envs/phenpred/lib/python3.7/site-packages/sklearn/metrics/_regression.py", line 790, in r2_score
    y_true, y_pred, multioutput
  File "/home/brunok/miniconda3/envs/phenpred/lib/python3.7/site-packages/sklearn/metrics/_regression.py", line 94, in _check_reg_targets
    check_consistent_length(y_true, y_pred)
  File "/home/brunok/miniconda3/envs/phenpred/lib/python3.7/site-packages/sklearn/utils/validation.py", line 334, in check_consistent_length
    % [int(l) for l in lengths]
ValueError: Found input variables with inconsistent numbers of samples: [101, 1]

  UserWarning,
/home/brunok/miniconda3/envs/phenpred/lib/python3.7/site-packages/sklearn/cross_decomposition/_pls.py:305: UserWarning: Y residual is constant at iteration 129
  warnings.warn(f"Y residual is constant at iteration {k}")
/home/brunok/miniconda3/envs/phenpred/lib/python3.7/site-packages/sklearn/cross_decomposition/_pls.py:305: UserWarning: Y residual is constant at iteration 128
  warnings.warn(f"Y residual is constant at iteration {k}")
/home/brunok/miniconda3/envs/phenpred/lib/python3.7/site-packages/sklearn/model_selection/_validation.py:774: UserWarning: Scoring failed. The score on this train-test partition for these parameters will be set to nan. Details: 
Traceback (most recent call last):
  File "/home/brunok/miniconda3/envs/phenpred/lib/python3.7/site-packages/sklearn/model_selection/_validation.py", line 761, in _score
    scores = scorer(estimator, X_test, y_test)
  File "/home/brunok/miniconda3/envs/phenpred/lib/python3.7/site-packages/sklearn/metrics/_scorer.py", line 221, in __call__
    sample_weight=sample_weight,
  File "/home/brunok/miniconda3/envs/phenpred/lib/python3.7/site-packages/sklearn/metrics/_scorer.py", line 264, in _score
    return self._sign * self._score_func(y_true, y_pred, **self._kwargs)
  File "/home/brunok/miniconda3/envs/phenpred/lib/python3.7/site-packages/sklearn/metrics/_regression.py", line 790, in r2_score
    y_true, y_pred, multioutput
  File "/home/brunok/miniconda3/envs/phenpred/lib/python3.7/site-packages/sklearn/metrics/_regression.py", line 94, in _check_reg_targets
    check_consistent_length(y_true, y_pred)
  File "/home/brunok/miniconda3/envs/phenpred/lib/python3.7/site-packages/sklearn/utils/validation.py", line 334, in check_consistent_length
    % [int(l) for l in lengths]
ValueError: Found input variables with inconsistent numbers of samples: [101, 1]

  UserWarning,
/home/brunok/miniconda3/envs/phenpred/lib/python3.7/site-packages/sklearn/model_selection/_validation.py:774: UserWarning: Scoring failed. The score on this train-test partition for these parameters will be set to nan. Details: 
Traceback (most recent call last):
  File "/home/brunok/miniconda3/envs/phenpred/lib/python3.7/site-packages/sklearn/model_selection/_validation.py", line 761, in _score
    scores = scorer(estimator, X_test, y_test)
  File "/home/brunok/miniconda3/envs/phenpred/lib/python3.7/site-packages/sklearn/metrics/_scorer.py", line 221, in __call__
    sample_weight=sample_weight,
  File "/home/brunok/miniconda3/envs/phenpred/lib/python3.7/site-packages/sklearn/metrics/_scorer.py", line 264, in _score
    return self._sign * self._score_func(y_true, y_pred, **self._kwargs)
  File "/home/brunok/miniconda3/envs/phenpred/lib/python3.7/site-packages/sklearn/metrics/_regression.py", line 790, in r2_score
    y_true, y_pred, multioutput
  File "/home/brunok/miniconda3/envs/phenpred/lib/python3.7/site-packages/sklearn/metrics/_regression.py", line 94, in _check_reg_targets
    check_consistent_length(y_true, y_pred)
  File "/home/brunok/miniconda3/envs/phenpred/lib/python3.7/site-packages/sklearn/utils/validation.py", line 334, in check_consistent_length
    % [int(l) for l in lengths]
ValueError: Found input variables with inconsistent numbers of samples: [100, 1]

  UserWarning,
/home/brunok/miniconda3/envs/phenpred/lib/python3.7/site-packages/sklearn/model_selection/_validation.py:774: UserWarning: Scoring failed. The score on this train-test partition for these parameters will be set to nan. Details: 
Traceback (most recent call last):
  File "/home/brunok/miniconda3/envs/phenpred/lib/python3.7/site-packages/sklearn/model_selection/_validation.py", line 761, in _score
    scores = scorer(estimator, X_test, y_test)
  File "/home/brunok/miniconda3/envs/phenpred/lib/python3.7/site-packages/sklearn/metrics/_scorer.py", line 221, in __call__
    sample_weight=sample_weight,
  File "/home/brunok/miniconda3/envs/phenpred/lib/python3.7/site-packages/sklearn/metrics/_scorer.py", line 264, in _score
    return self._sign * self._score_func(y_true, y_pred, **self._kwargs)
  File "/home/brunok/miniconda3/envs/phenpred/lib/python3.7/site-packages/sklearn/metrics/_regression.py", line 790, in r2_score
    y_true, y_pred, multioutput
  File "/home/brunok/miniconda3/envs/phenpred/lib/python3.7/site-packages/sklearn/metrics/_regression.py", line 94, in _check_reg_targets
    check_consistent_length(y_true, y_pred)
  File "/home/brunok/miniconda3/envs/phenpred/lib/python3.7/site-packages/sklearn/utils/validation.py", line 334, in check_consistent_length
    % [int(l) for l in lengths]
ValueError: Found input variables with inconsistent numbers of samples: [101, 1]

  UserWarning,
/home/brunok/miniconda3/envs/phenpred/lib/python3.7/site-packages/sklearn/model_selection/_validation.py:774: UserWarning: Scoring failed. The score on this train-test partition for these parameters will be set to nan. Details: 
Traceback (most recent call last):
  File "/home/brunok/miniconda3/envs/phenpred/lib/python3.7/site-packages/sklearn/model_selection/_validation.py", line 761, in _score
    scores = scorer(estimator, X_test, y_test)
  File "/home/brunok/miniconda3/envs/phenpred/lib/python3.7/site-packages/sklearn/metrics/_scorer.py", line 221, in __call__
    sample_weight=sample_weight,
  File "/home/brunok/miniconda3/envs/phenpred/lib/python3.7/site-packages/sklearn/metrics/_scorer.py", line 264, in _score
    return self._sign * self._score_func(y_true, y_pred, **self._kwargs)
  File "/home/brunok/miniconda3/envs/phenpred/lib/python3.7/site-packages/sklearn/metrics/_regression.py", line 790, in r2_score
    y_true, y_pred, multioutput
  File "/home/brunok/miniconda3/envs/phenpred/lib/python3.7/site-packages/sklearn/metrics/_regression.py", line 94, in _check_reg_targets
    check_consistent_length(y_true, y_pred)
  File "/home/brunok/miniconda3/envs/phenpred/lib/python3.7/site-packages/sklearn/utils/validation.py", line 334, in check_consistent_length
    % [int(l) for l in lengths]
ValueError: Found input variables with inconsistent numbers of samples: [101, 1]

  UserWarning,
/home/brunok/miniconda3/envs/phenpred/lib/python3.7/site-packages/sklearn/model_selection/_validation.py:774: UserWarning: Scoring failed. The score on this train-test partition for these parameters will be set to nan. Details: 
Traceback (most recent call last):
  File "/home/brunok/miniconda3/envs/phenpred/lib/python3.7/site-packages/sklearn/model_selection/_validation.py", line 761, in _score
    scores = scorer(estimator, X_test, y_test)
  File "/home/brunok/miniconda3/envs/phenpred/lib/python3.7/site-packages/sklearn/metrics/_scorer.py", line 221, in __call__
    sample_weight=sample_weight,
  File "/home/brunok/miniconda3/envs/phenpred/lib/python3.7/site-packages/sklearn/metrics/_scorer.py", line 264, in _score
    return self._sign * self._score_func(y_true, y_pred, **self._kwargs)
  File "/home/brunok/miniconda3/envs/phenpred/lib/python3.7/site-packages/sklearn/metrics/_regression.py", line 790, in r2_score
    y_true, y_pred, multioutput
  File "/home/brunok/miniconda3/envs/phenpred/lib/python3.7/site-packages/sklearn/metrics/_regression.py", line 94, in _check_reg_targets
    check_consistent_length(y_true, y_pred)
  File "/home/brunok/miniconda3/envs/phenpred/lib/python3.7/site-packages/sklearn/utils/validation.py", line 334, in check_consistent_length
    % [int(l) for l in lengths]
ValueError: Found input variables with inconsistent numbers of samples: [100, 1]

  UserWarning,
/home/brunok/miniconda3/envs/phenpred/lib/python3.7/site-packages/sklearn/model_selection/_validation.py:774: UserWarning: Scoring failed. The score on this train-test partition for these parameters will be set to nan. Details: 
Traceback (most recent call last):
  File "/home/brunok/miniconda3/envs/phenpred/lib/python3.7/site-packages/sklearn/model_selection/_validation.py", line 761, in _score
    scores = scorer(estimator, X_test, y_test)
  File "/home/brunok/miniconda3/envs/phenpred/lib/python3.7/site-packages/sklearn/metrics/_scorer.py", line 221, in __call__
    sample_weight=sample_weight,
  File "/home/brunok/miniconda3/envs/phenpred/lib/python3.7/site-packages/sklearn/metrics/_scorer.py", line 264, in _score
    return self._sign * self._score_func(y_true, y_pred, **self._kwargs)
  File "/home/brunok/miniconda3/envs/phenpred/lib/python3.7/site-packages/sklearn/metrics/_regression.py", line 790, in r2_score
    y_true, y_pred, multioutput
  File "/home/brunok/miniconda3/envs/phenpred/lib/python3.7/site-packages/sklearn/metrics/_regression.py", line 94, in _check_reg_targets
    check_consistent_length(y_true, y_pred)
  File "/home/brunok/miniconda3/envs/phenpred/lib/python3.7/site-packages/sklearn/utils/validation.py", line 334, in check_consistent_length
    % [int(l) for l in lengths]
ValueError: Found input variables with inconsistent numbers of samples: [100, 1]

  UserWarning,
/home/brunok/miniconda3/envs/phenpred/lib/python3.7/site-packages/sklearn/model_selection/_validation.py:774: UserWarning: Scoring failed. The score on this train-test partition for these parameters will be set to nan. Details: 
Traceback (most recent call last):
  File "/home/brunok/miniconda3/envs/phenpred/lib/python3.7/site-packages/sklearn/model_selection/_validation.py", line 761, in _score
    scores = scorer(estimator, X_test, y_test)
  File "/home/brunok/miniconda3/envs/phenpred/lib/python3.7/site-packages/sklearn/metrics/_scorer.py", line 221, in __call__
    sample_weight=sample_weight,
  File "/home/brunok/miniconda3/envs/phenpred/lib/python3.7/site-packages/sklearn/metrics/_scorer.py", line 264, in _score
    return self._sign * self._score_func(y_true, y_pred, **self._kwargs)
  File "/home/brunok/miniconda3/envs/phenpred/lib/python3.7/site-packages/sklearn/metrics/_regression.py", line 790, in r2_score
    y_true, y_pred, multioutput
  File "/home/brunok/miniconda3/envs/phenpred/lib/python3.7/site-packages/sklearn/metrics/_regression.py", line 94, in _check_reg_targets
    check_consistent_length(y_true, y_pred)
  File "/home/brunok/miniconda3/envs/phenpred/lib/python3.7/site-packages/sklearn/utils/validation.py", line 334, in check_consistent_length
    % [int(l) for l in lengths]
ValueError: Found input variables with inconsistent numbers of samples: [101, 1]

  UserWarning,
/home/brunok/miniconda3/envs/phenpred/lib/python3.7/site-packages/sklearn/model_selection/_validation.py:774: UserWarning: Scoring failed. The score on this train-test partition for these parameters will be set to nan. Details: 
Traceback (most recent call last):
  File "/home/brunok/miniconda3/envs/phenpred/lib/python3.7/site-packages/sklearn/model_selection/_validation.py", line 761, in _score
    scores = scorer(estimator, X_test, y_test)
  File "/home/brunok/miniconda3/envs/phenpred/lib/python3.7/site-packages/sklearn/metrics/_scorer.py", line 221, in __call__
    sample_weight=sample_weight,
  File "/home/brunok/miniconda3/envs/phenpred/lib/python3.7/site-packages/sklearn/metrics/_scorer.py", line 264, in _score
    return self._sign * self._score_func(y_true, y_pred, **self._kwargs)
  File "/home/brunok/miniconda3/envs/phenpred/lib/python3.7/site-packages/sklearn/metrics/_regression.py", line 790, in r2_score
    y_true, y_pred, multioutput
  File "/home/brunok/miniconda3/envs/phenpred/lib/python3.7/site-packages/sklearn/metrics/_regression.py", line 94, in _check_reg_targets
    check_consistent_length(y_true, y_pred)
  File "/home/brunok/miniconda3/envs/phenpred/lib/python3.7/site-packages/sklearn/utils/validation.py", line 334, in check_consistent_length
    % [int(l) for l in lengths]
ValueError: Found input variables with inconsistent numbers of samples: [100, 1]

  UserWarning,
/home/brunok/miniconda3/envs/phenpred/lib/python3.7/site-packages/sklearn/model_selection/_validation.py:774: UserWarning: Scoring failed. The score on this train-test partition for these parameters will be set to nan. Details: 
Traceback (most recent call last):
  File "/home/brunok/miniconda3/envs/phenpred/lib/python3.7/site-packages/sklearn/model_selection/_validation.py", line 761, in _score
    scores = scorer(estimator, X_test, y_test)
  File "/home/brunok/miniconda3/envs/phenpred/lib/python3.7/site-packages/sklearn/metrics/_scorer.py", line 221, in __call__
    sample_weight=sample_weight,
  File "/home/brunok/miniconda3/envs/phenpred/lib/python3.7/site-packages/sklearn/metrics/_scorer.py", line 264, in _score
    return self._sign * self._score_func(y_true, y_pred, **self._kwargs)
  File "/home/brunok/miniconda3/envs/phenpred/lib/python3.7/site-packages/sklearn/metrics/_regression.py", line 790, in r2_score
    y_true, y_pred, multioutput
  File "/home/brunok/miniconda3/envs/phenpred/lib/python3.7/site-packages/sklearn/metrics/_regression.py", line 94, in _check_reg_targets
    check_consistent_length(y_true, y_pred)
  File "/home/brunok/miniconda3/envs/phenpred/lib/python3.7/site-packages/sklearn/utils/validation.py", line 334, in check_consistent_length
    % [int(l) for l in lengths]
ValueError: Found input variables with inconsistent numbers of samples: [101, 1]

  UserWarning,
/home/brunok/miniconda3/envs/phenpred/lib/python3.7/site-packages/sklearn/model_selection/_validation.py:774: UserWarning: Scoring failed. The score on this train-test partition for these parameters will be set to nan. Details: 
Traceback (most recent call last):
  File "/home/brunok/miniconda3/envs/phenpred/lib/python3.7/site-packages/sklearn/model_selection/_validation.py", line 761, in _score
    scores = scorer(estimator, X_test, y_test)
  File "/home/brunok/miniconda3/envs/phenpred/lib/python3.7/site-packages/sklearn/metrics/_scorer.py", line 221, in __call__
    sample_weight=sample_weight,
  File "/home/brunok/miniconda3/envs/phenpred/lib/python3.7/site-packages/sklearn/metrics/_scorer.py", line 264, in _score
    return self._sign * self._score_func(y_true, y_pred, **self._kwargs)
  File "/home/brunok/miniconda3/envs/phenpred/lib/python3.7/site-packages/sklearn/metrics/_regression.py", line 790, in r2_score
    y_true, y_pred, multioutput
  File "/home/brunok/miniconda3/envs/phenpred/lib/python3.7/site-packages/sklearn/metrics/_regression.py", line 94, in _check_reg_targets
    check_consistent_length(y_true, y_pred)
  File "/home/brunok/miniconda3/envs/phenpred/lib/python3.7/site-packages/sklearn/utils/validation.py", line 334, in check_consistent_length
    % [int(l) for l in lengths]
ValueError: Found input variables with inconsistent numbers of samples: [101, 1]

  UserWarning,
/home/brunok/miniconda3/envs/phenpred/lib/python3.7/site-packages/sklearn/model_selection/_validation.py:774: UserWarning: Scoring failed. The score on this train-test partition for these parameters will be set to nan. Details: 
Traceback (most recent call last):
  File "/home/brunok/miniconda3/envs/phenpred/lib/python3.7/site-packages/sklearn/model_selection/_validation.py", line 761, in _score
    scores = scorer(estimator, X_test, y_test)
  File "/home/brunok/miniconda3/envs/phenpred/lib/python3.7/site-packages/sklearn/metrics/_scorer.py", line 221, in __call__
    sample_weight=sample_weight,
  File "/home/brunok/miniconda3/envs/phenpred/lib/python3.7/site-packages/sklearn/metrics/_scorer.py", line 264, in _score
    return self._sign * self._score_func(y_true, y_pred, **self._kwargs)
  File "/home/brunok/miniconda3/envs/phenpred/lib/python3.7/site-packages/sklearn/metrics/_regression.py", line 790, in r2_score
    y_true, y_pred, multioutput
  File "/home/brunok/miniconda3/envs/phenpred/lib/python3.7/site-packages/sklearn/metrics/_regression.py", line 94, in _check_reg_targets
    check_consistent_length(y_true, y_pred)
  File "/home/brunok/miniconda3/envs/phenpred/lib/python3.7/site-packages/sklearn/utils/validation.py", line 334, in check_consistent_length
    % [int(l) for l in lengths]
ValueError: Found input variables with inconsistent numbers of samples: [101, 1]

  UserWarning,
/home/brunok/miniconda3/envs/phenpred/lib/python3.7/site-packages/sklearn/model_selection/_validation.py:774: UserWarning: Scoring failed. The score on this train-test partition for these parameters will be set to nan. Details: 
Traceback (most recent call last):
  File "/home/brunok/miniconda3/envs/phenpred/lib/python3.7/site-packages/sklearn/model_selection/_validation.py", line 761, in _score
    scores = scorer(estimator, X_test, y_test)
  File "/home/brunok/miniconda3/envs/phenpred/lib/python3.7/site-packages/sklearn/metrics/_scorer.py", line 221, in __call__
    sample_weight=sample_weight,
  File "/home/brunok/miniconda3/envs/phenpred/lib/python3.7/site-packages/sklearn/metrics/_scorer.py", line 264, in _score
    return self._sign * self._score_func(y_true, y_pred, **self._kwargs)
  File "/home/brunok/miniconda3/envs/phenpred/lib/python3.7/site-packages/sklearn/metrics/_regression.py", line 790, in r2_score
    y_true, y_pred, multioutput
  File "/home/brunok/miniconda3/envs/phenpred/lib/python3.7/site-packages/sklearn/metrics/_regression.py", line 94, in _check_reg_targets
    check_consistent_length(y_true, y_pred)
  File "/home/brunok/miniconda3/envs/phenpred/lib/python3.7/site-packages/sklearn/utils/validation.py", line 334, in check_consistent_length
    % [int(l) for l in lengths]
ValueError: Found input variables with inconsistent numbers of samples: [100, 1]

  UserWarning,
/home/brunok/miniconda3/envs/phenpred/lib/python3.7/site-packages/sklearn/cross_decomposition/_pls.py:305: UserWarning: Y residual is constant at iteration 129
  warnings.warn(f"Y residual is constant at iteration {k}")
/home/brunok/miniconda3/envs/phenpred/lib/python3.7/site-packages/sklearn/cross_decomposition/_pls.py:305: UserWarning: Y residual is constant at iteration 128
  warnings.warn(f"Y residual is constant at iteration {k}")
/home/brunok/miniconda3/envs/phenpred/lib/python3.7/site-packages/sklearn/model_selection/_validation.py:774: UserWarning: Scoring failed. The score on this train-test partition for these parameters will be set to nan. Details: 
Traceback (most recent call last):
  File "/home/brunok/miniconda3/envs/phenpred/lib/python3.7/site-packages/sklearn/model_selection/_validation.py", line 761, in _score
    scores = scorer(estimator, X_test, y_test)
  File "/home/brunok/miniconda3/envs/phenpred/lib/python3.7/site-packages/sklearn/metrics/_scorer.py", line 221, in __call__
    sample_weight=sample_weight,
  File "/home/brunok/miniconda3/envs/phenpred/lib/python3.7/site-packages/sklearn/metrics/_scorer.py", line 264, in _score
    return self._sign * self._score_func(y_true, y_pred, **self._kwargs)
  File "/home/brunok/miniconda3/envs/phenpred/lib/python3.7/site-packages/sklearn/metrics/_regression.py", line 790, in r2_score
    y_true, y_pred, multioutput
  File "/home/brunok/miniconda3/envs/phenpred/lib/python3.7/site-packages/sklearn/metrics/_regression.py", line 94, in _check_reg_targets
    check_consistent_length(y_true, y_pred)
  File "/home/brunok/miniconda3/envs/phenpred/lib/python3.7/site-packages/sklearn/utils/validation.py", line 334, in check_consistent_length
    % [int(l) for l in lengths]
ValueError: Found input variables with inconsistent numbers of samples: [101, 1]

  UserWarning,
/home/brunok/miniconda3/envs/phenpred/lib/python3.7/site-packages/sklearn/model_selection/_validation.py:774: UserWarning: Scoring failed. The score on this train-test partition for these parameters will be set to nan. Details: 
Traceback (most recent call last):
  File "/home/brunok/miniconda3/envs/phenpred/lib/python3.7/site-packages/sklearn/model_selection/_validation.py", line 761, in _score
    scores = scorer(estimator, X_test, y_test)
  File "/home/brunok/miniconda3/envs/phenpred/lib/python3.7/site-packages/sklearn/metrics/_scorer.py", line 221, in __call__
    sample_weight=sample_weight,
  File "/home/brunok/miniconda3/envs/phenpred/lib/python3.7/site-packages/sklearn/metrics/_scorer.py", line 264, in _score
    return self._sign * self._score_func(y_true, y_pred, **self._kwargs)
  File "/home/brunok/miniconda3/envs/phenpred/lib/python3.7/site-packages/sklearn/metrics/_regression.py", line 790, in r2_score
    y_true, y_pred, multioutput
  File "/home/brunok/miniconda3/envs/phenpred/lib/python3.7/site-packages/sklearn/metrics/_regression.py", line 94, in _check_reg_targets
    check_consistent_length(y_true, y_pred)
  File "/home/brunok/miniconda3/envs/phenpred/lib/python3.7/site-packages/sklearn/utils/validation.py", line 334, in check_consistent_length
    % [int(l) for l in lengths]
ValueError: Found input variables with inconsistent numbers of samples: [101, 1]

  UserWarning,
/home/brunok/miniconda3/envs/phenpred/lib/python3.7/site-packages/sklearn/model_selection/_validation.py:774: UserWarning: Scoring failed. The score on this train-test partition for these parameters will be set to nan. Details: 
Traceback (most recent call last):
  File "/home/brunok/miniconda3/envs/phenpred/lib/python3.7/site-packages/sklearn/model_selection/_validation.py", line 761, in _score
    scores = scorer(estimator, X_test, y_test)
  File "/home/brunok/miniconda3/envs/phenpred/lib/python3.7/site-packages/sklearn/metrics/_scorer.py", line 221, in __call__
    sample_weight=sample_weight,
  File "/home/brunok/miniconda3/envs/phenpred/lib/python3.7/site-packages/sklearn/metrics/_scorer.py", line 264, in _score
    return self._sign * self._score_func(y_true, y_pred, **self._kwargs)
  File "/home/brunok/miniconda3/envs/phenpred/lib/python3.7/site-packages/sklearn/metrics/_regression.py", line 790, in r2_score
    y_true, y_pred, multioutput
  File "/home/brunok/miniconda3/envs/phenpred/lib/python3.7/site-packages/sklearn/metrics/_regression.py", line 94, in _check_reg_targets
    check_consistent_length(y_true, y_pred)
  File "/home/brunok/miniconda3/envs/phenpred/lib/python3.7/site-packages/sklearn/utils/validation.py", line 334, in check_consistent_length
    % [int(l) for l in lengths]
ValueError: Found input variables with inconsistent numbers of samples: [101, 1]

  UserWarning,
/home/brunok/miniconda3/envs/phenpred/lib/python3.7/site-packages/sklearn/model_selection/_validation.py:774: UserWarning: Scoring failed. The score on this train-test partition for these parameters will be set to nan. Details: 
Traceback (most recent call last):
  File "/home/brunok/miniconda3/envs/phenpred/lib/python3.7/site-packages/sklearn/model_selection/_validation.py", line 761, in _score
    scores = scorer(estimator, X_test, y_test)
  File "/home/brunok/miniconda3/envs/phenpred/lib/python3.7/site-packages/sklearn/metrics/_scorer.py", line 221, in __call__
    sample_weight=sample_weight,
  File "/home/brunok/miniconda3/envs/phenpred/lib/python3.7/site-packages/sklearn/metrics/_scorer.py", line 264, in _score
    return self._sign * self._score_func(y_true, y_pred, **self._kwargs)
  File "/home/brunok/miniconda3/envs/phenpred/lib/python3.7/site-packages/sklearn/metrics/_regression.py", line 790, in r2_score
    y_true, y_pred, multioutput
  File "/home/brunok/miniconda3/envs/phenpred/lib/python3.7/site-packages/sklearn/metrics/_regression.py", line 94, in _check_reg_targets
    check_consistent_length(y_true, y_pred)
  File "/home/brunok/miniconda3/envs/phenpred/lib/python3.7/site-packages/sklearn/utils/validation.py", line 334, in check_consistent_length
    % [int(l) for l in lengths]
ValueError: Found input variables with inconsistent numbers of samples: [101, 1]

  UserWarning,
/home/brunok/miniconda3/envs/phenpred/lib/python3.7/site-packages/sklearn/model_selection/_validation.py:774: UserWarning: Scoring failed. The score on this train-test partition for these parameters will be set to nan. Details: 
Traceback (most recent call last):
  File "/home/brunok/miniconda3/envs/phenpred/lib/python3.7/site-packages/sklearn/model_selection/_validation.py", line 761, in _score
    scores = scorer(estimator, X_test, y_test)
  File "/home/brunok/miniconda3/envs/phenpred/lib/python3.7/site-packages/sklearn/metrics/_scorer.py", line 221, in __call__
    sample_weight=sample_weight,
  File "/home/brunok/miniconda3/envs/phenpred/lib/python3.7/site-packages/sklearn/metrics/_scorer.py", line 264, in _score
    return self._sign * self._score_func(y_true, y_pred, **self._kwargs)
  File "/home/brunok/miniconda3/envs/phenpred/lib/python3.7/site-packages/sklearn/metrics/_regression.py", line 790, in r2_score
    y_true, y_pred, multioutput
  File "/home/brunok/miniconda3/envs/phenpred/lib/python3.7/site-packages/sklearn/metrics/_regression.py", line 94, in _check_reg_targets
    check_consistent_length(y_true, y_pred)
  File "/home/brunok/miniconda3/envs/phenpred/lib/python3.7/site-packages/sklearn/utils/validation.py", line 334, in check_consistent_length
    % [int(l) for l in lengths]
ValueError: Found input variables with inconsistent numbers of samples: [100, 1]

  UserWarning,
/home/brunok/miniconda3/envs/phenpred/lib/python3.7/site-packages/sklearn/model_selection/_validation.py:774: UserWarning: Scoring failed. The score on this train-test partition for these parameters will be set to nan. Details: 
Traceback (most recent call last):
  File "/home/brunok/miniconda3/envs/phenpred/lib/python3.7/site-packages/sklearn/model_selection/_validation.py", line 761, in _score
    scores = scorer(estimator, X_test, y_test)
  File "/home/brunok/miniconda3/envs/phenpred/lib/python3.7/site-packages/sklearn/metrics/_scorer.py", line 221, in __call__
    sample_weight=sample_weight,
  File "/home/brunok/miniconda3/envs/phenpred/lib/python3.7/site-packages/sklearn/metrics/_scorer.py", line 264, in _score
    return self._sign * self._score_func(y_true, y_pred, **self._kwargs)
  File "/home/brunok/miniconda3/envs/phenpred/lib/python3.7/site-packages/sklearn/metrics/_regression.py", line 790, in r2_score
    y_true, y_pred, multioutput
  File "/home/brunok/miniconda3/envs/phenpred/lib/python3.7/site-packages/sklearn/metrics/_regression.py", line 94, in _check_reg_targets
    check_consistent_length(y_true, y_pred)
  File "/home/brunok/miniconda3/envs/phenpred/lib/python3.7/site-packages/sklearn/utils/validation.py", line 334, in check_consistent_length
    % [int(l) for l in lengths]
ValueError: Found input variables with inconsistent numbers of samples: [101, 1]

  UserWarning,
/home/brunok/miniconda3/envs/phenpred/lib/python3.7/site-packages/sklearn/model_selection/_validation.py:774: UserWarning: Scoring failed. The score on this train-test partition for these parameters will be set to nan. Details: 
Traceback (most recent call last):
  File "/home/brunok/miniconda3/envs/phenpred/lib/python3.7/site-packages/sklearn/model_selection/_validation.py", line 761, in _score
    scores = scorer(estimator, X_test, y_test)
  File "/home/brunok/miniconda3/envs/phenpred/lib/python3.7/site-packages/sklearn/metrics/_scorer.py", line 221, in __call__
    sample_weight=sample_weight,
  File "/home/brunok/miniconda3/envs/phenpred/lib/python3.7/site-packages/sklearn/metrics/_scorer.py", line 264, in _score
    return self._sign * self._score_func(y_true, y_pred, **self._kwargs)
  File "/home/brunok/miniconda3/envs/phenpred/lib/python3.7/site-packages/sklearn/metrics/_regression.py", line 790, in r2_score
    y_true, y_pred, multioutput
  File "/home/brunok/miniconda3/envs/phenpred/lib/python3.7/site-packages/sklearn/metrics/_regression.py", line 94, in _check_reg_targets
    check_consistent_length(y_true, y_pred)
  File "/home/brunok/miniconda3/envs/phenpred/lib/python3.7/site-packages/sklearn/utils/validation.py", line 334, in check_consistent_length
    % [int(l) for l in lengths]
ValueError: Found input variables with inconsistent numbers of samples: [101, 1]

  UserWarning,
/home/brunok/miniconda3/envs/phenpred/lib/python3.7/site-packages/sklearn/model_selection/_validation.py:774: UserWarning: Scoring failed. The score on this train-test partition for these parameters will be set to nan. Details: 
Traceback (most recent call last):
  File "/home/brunok/miniconda3/envs/phenpred/lib/python3.7/site-packages/sklearn/model_selection/_validation.py", line 761, in _score
    scores = scorer(estimator, X_test, y_test)
  File "/home/brunok/miniconda3/envs/phenpred/lib/python3.7/site-packages/sklearn/metrics/_scorer.py", line 221, in __call__
    sample_weight=sample_weight,
  File "/home/brunok/miniconda3/envs/phenpred/lib/python3.7/site-packages/sklearn/metrics/_scorer.py", line 264, in _score
    return self._sign * self._score_func(y_true, y_pred, **self._kwargs)
  File "/home/brunok/miniconda3/envs/phenpred/lib/python3.7/site-packages/sklearn/metrics/_regression.py", line 790, in r2_score
    y_true, y_pred, multioutput
  File "/home/brunok/miniconda3/envs/phenpred/lib/python3.7/site-packages/sklearn/metrics/_regression.py", line 94, in _check_reg_targets
    check_consistent_length(y_true, y_pred)
  File "/home/brunok/miniconda3/envs/phenpred/lib/python3.7/site-packages/sklearn/utils/validation.py", line 334, in check_consistent_length
    % [int(l) for l in lengths]
ValueError: Found input variables with inconsistent numbers of samples: [101, 1]

  UserWarning,
/home/brunok/miniconda3/envs/phenpred/lib/python3.7/site-packages/sklearn/model_selection/_validation.py:774: UserWarning: Scoring failed. The score on this train-test partition for these parameters will be set to nan. Details: 
Traceback (most recent call last):
  File "/home/brunok/miniconda3/envs/phenpred/lib/python3.7/site-packages/sklearn/model_selection/_validation.py", line 761, in _score
    scores = scorer(estimator, X_test, y_test)
  File "/home/brunok/miniconda3/envs/phenpred/lib/python3.7/site-packages/sklearn/metrics/_scorer.py", line 221, in __call__
    sample_weight=sample_weight,
  File "/home/brunok/miniconda3/envs/phenpred/lib/python3.7/site-packages/sklearn/metrics/_scorer.py", line 264, in _score
    return self._sign * self._score_func(y_true, y_pred, **self._kwargs)
  File "/home/brunok/miniconda3/envs/phenpred/lib/python3.7/site-packages/sklearn/metrics/_regression.py", line 790, in r2_score
    y_true, y_pred, multioutput
  File "/home/brunok/miniconda3/envs/phenpred/lib/python3.7/site-packages/sklearn/metrics/_regression.py", line 94, in _check_reg_targets
    check_consistent_length(y_true, y_pred)
  File "/home/brunok/miniconda3/envs/phenpred/lib/python3.7/site-packages/sklearn/utils/validation.py", line 334, in check_consistent_length
    % [int(l) for l in lengths]
ValueError: Found input variables with inconsistent numbers of samples: [101, 1]

  UserWarning,
/home/brunok/miniconda3/envs/phenpred/lib/python3.7/site-packages/sklearn/model_selection/_validation.py:774: UserWarning: Scoring failed. The score on this train-test partition for these parameters will be set to nan. Details: 
Traceback (most recent call last):
  File "/home/brunok/miniconda3/envs/phenpred/lib/python3.7/site-packages/sklearn/model_selection/_validation.py", line 761, in _score
    scores = scorer(estimator, X_test, y_test)
  File "/home/brunok/miniconda3/envs/phenpred/lib/python3.7/site-packages/sklearn/metrics/_scorer.py", line 221, in __call__
    sample_weight=sample_weight,
  File "/home/brunok/miniconda3/envs/phenpred/lib/python3.7/site-packages/sklearn/metrics/_scorer.py", line 264, in _score
    return self._sign * self._score_func(y_true, y_pred, **self._kwargs)
  File "/home/brunok/miniconda3/envs/phenpred/lib/python3.7/site-packages/sklearn/metrics/_regression.py", line 790, in r2_score
    y_true, y_pred, multioutput
  File "/home/brunok/miniconda3/envs/phenpred/lib/python3.7/site-packages/sklearn/metrics/_regression.py", line 94, in _check_reg_targets
    check_consistent_length(y_true, y_pred)
  File "/home/brunok/miniconda3/envs/phenpred/lib/python3.7/site-packages/sklearn/utils/validation.py", line 334, in check_consistent_length
    % [int(l) for l in lengths]
ValueError: Found input variables with inconsistent numbers of samples: [100, 1]

  UserWarning,
/home/brunok/miniconda3/envs/phenpred/lib/python3.7/site-packages/sklearn/model_selection/_validation.py:774: UserWarning: Scoring failed. The score on this train-test partition for these parameters will be set to nan. Details: 
Traceback (most recent call last):
  File "/home/brunok/miniconda3/envs/phenpred/lib/python3.7/site-packages/sklearn/model_selection/_validation.py", line 761, in _score
    scores = scorer(estimator, X_test, y_test)
  File "/home/brunok/miniconda3/envs/phenpred/lib/python3.7/site-packages/sklearn/metrics/_scorer.py", line 221, in __call__
    sample_weight=sample_weight,
  File "/home/brunok/miniconda3/envs/phenpred/lib/python3.7/site-packages/sklearn/metrics/_scorer.py", line 264, in _score
    return self._sign * self._score_func(y_true, y_pred, **self._kwargs)
  File "/home/brunok/miniconda3/envs/phenpred/lib/python3.7/site-packages/sklearn/metrics/_regression.py", line 790, in r2_score
    y_true, y_pred, multioutput
  File "/home/brunok/miniconda3/envs/phenpred/lib/python3.7/site-packages/sklearn/metrics/_regression.py", line 94, in _check_reg_targets
    check_consistent_length(y_true, y_pred)
  File "/home/brunok/miniconda3/envs/phenpred/lib/python3.7/site-packages/sklearn/utils/validation.py", line 334, in check_consistent_length
    % [int(l) for l in lengths]
ValueError: Found input variables with inconsistent numbers of samples: [101, 1]

  UserWarning,
/home/brunok/miniconda3/envs/phenpred/lib/python3.7/site-packages/sklearn/model_selection/_validation.py:774: UserWarning: Scoring failed. The score on this train-test partition for these parameters will be set to nan. Details: 
Traceback (most recent call last):
  File "/home/brunok/miniconda3/envs/phenpred/lib/python3.7/site-packages/sklearn/model_selection/_validation.py", line 761, in _score
    scores = scorer(estimator, X_test, y_test)
  File "/home/brunok/miniconda3/envs/phenpred/lib/python3.7/site-packages/sklearn/metrics/_scorer.py", line 221, in __call__
    sample_weight=sample_weight,
  File "/home/brunok/miniconda3/envs/phenpred/lib/python3.7/site-packages/sklearn/metrics/_scorer.py", line 264, in _score
    return self._sign * self._score_func(y_true, y_pred, **self._kwargs)
  File "/home/brunok/miniconda3/envs/phenpred/lib/python3.7/site-packages/sklearn/metrics/_regression.py", line 790, in r2_score
    y_true, y_pred, multioutput
  File "/home/brunok/miniconda3/envs/phenpred/lib/python3.7/site-packages/sklearn/metrics/_regression.py", line 94, in _check_reg_targets
    check_consistent_length(y_true, y_pred)
  File "/home/brunok/miniconda3/envs/phenpred/lib/python3.7/site-packages/sklearn/utils/validation.py", line 334, in check_consistent_length
    % [int(l) for l in lengths]
ValueError: Found input variables with inconsistent numbers of samples: [101, 1]

  UserWarning,
/home/brunok/miniconda3/envs/phenpred/lib/python3.7/site-packages/sklearn/cross_decomposition/_pls.py:305: UserWarning: Y residual is constant at iteration 129
  warnings.warn(f"Y residual is constant at iteration {k}")
/home/brunok/miniconda3/envs/phenpred/lib/python3.7/site-packages/sklearn/cross_decomposition/_pls.py:305: UserWarning: Y residual is constant at iteration 128
  warnings.warn(f"Y residual is constant at iteration {k}")
/home/brunok/miniconda3/envs/phenpred/lib/python3.7/site-packages/sklearn/model_selection/_validation.py:774: UserWarning: Scoring failed. The score on this train-test partition for these parameters will be set to nan. Details: 
Traceback (most recent call last):
  File "/home/brunok/miniconda3/envs/phenpred/lib/python3.7/site-packages/sklearn/model_selection/_validation.py", line 761, in _score
    scores = scorer(estimator, X_test, y_test)
  File "/home/brunok/miniconda3/envs/phenpred/lib/python3.7/site-packages/sklearn/metrics/_scorer.py", line 221, in __call__
    sample_weight=sample_weight,
  File "/home/brunok/miniconda3/envs/phenpred/lib/python3.7/site-packages/sklearn/metrics/_scorer.py", line 264, in _score
    return self._sign * self._score_func(y_true, y_pred, **self._kwargs)
  File "/home/brunok/miniconda3/envs/phenpred/lib/python3.7/site-packages/sklearn/metrics/_regression.py", line 790, in r2_score
    y_true, y_pred, multioutput
  File "/home/brunok/miniconda3/envs/phenpred/lib/python3.7/site-packages/sklearn/metrics/_regression.py", line 94, in _check_reg_targets
    check_consistent_length(y_true, y_pred)
  File "/home/brunok/miniconda3/envs/phenpred/lib/python3.7/site-packages/sklearn/utils/validation.py", line 334, in check_consistent_length
    % [int(l) for l in lengths]
ValueError: Found input variables with inconsistent numbers of samples: [101, 1]

  UserWarning,
/home/brunok/miniconda3/envs/phenpred/lib/python3.7/site-packages/sklearn/model_selection/_validation.py:774: UserWarning: Scoring failed. The score on this train-test partition for these parameters will be set to nan. Details: 
Traceback (most recent call last):
  File "/home/brunok/miniconda3/envs/phenpred/lib/python3.7/site-packages/sklearn/model_selection/_validation.py", line 761, in _score
    scores = scorer(estimator, X_test, y_test)
  File "/home/brunok/miniconda3/envs/phenpred/lib/python3.7/site-packages/sklearn/metrics/_scorer.py", line 221, in __call__
    sample_weight=sample_weight,
  File "/home/brunok/miniconda3/envs/phenpred/lib/python3.7/site-packages/sklearn/metrics/_scorer.py", line 264, in _score
    return self._sign * self._score_func(y_true, y_pred, **self._kwargs)
  File "/home/brunok/miniconda3/envs/phenpred/lib/python3.7/site-packages/sklearn/metrics/_regression.py", line 790, in r2_score
    y_true, y_pred, multioutput
  File "/home/brunok/miniconda3/envs/phenpred/lib/python3.7/site-packages/sklearn/metrics/_regression.py", line 94, in _check_reg_targets
    check_consistent_length(y_true, y_pred)
  File "/home/brunok/miniconda3/envs/phenpred/lib/python3.7/site-packages/sklearn/utils/validation.py", line 334, in check_consistent_length
    % [int(l) for l in lengths]
ValueError: Found input variables with inconsistent numbers of samples: [101, 1]

  UserWarning,
/home/brunok/miniconda3/envs/phenpred/lib/python3.7/site-packages/sklearn/model_selection/_validation.py:774: UserWarning: Scoring failed. The score on this train-test partition for these parameters will be set to nan. Details: 
Traceback (most recent call last):
  File "/home/brunok/miniconda3/envs/phenpred/lib/python3.7/site-packages/sklearn/model_selection/_validation.py", line 761, in _score
    scores = scorer(estimator, X_test, y_test)
  File "/home/brunok/miniconda3/envs/phenpred/lib/python3.7/site-packages/sklearn/metrics/_scorer.py", line 221, in __call__
    sample_weight=sample_weight,
  File "/home/brunok/miniconda3/envs/phenpred/lib/python3.7/site-packages/sklearn/metrics/_scorer.py", line 264, in _score
    return self._sign * self._score_func(y_true, y_pred, **self._kwargs)
  File "/home/brunok/miniconda3/envs/phenpred/lib/python3.7/site-packages/sklearn/metrics/_regression.py", line 790, in r2_score
    y_true, y_pred, multioutput
  File "/home/brunok/miniconda3/envs/phenpred/lib/python3.7/site-packages/sklearn/metrics/_regression.py", line 94, in _check_reg_targets
    check_consistent_length(y_true, y_pred)
  File "/home/brunok/miniconda3/envs/phenpred/lib/python3.7/site-packages/sklearn/utils/validation.py", line 334, in check_consistent_length
    % [int(l) for l in lengths]
ValueError: Found input variables with inconsistent numbers of samples: [100, 1]

  UserWarning,
/home/brunok/miniconda3/envs/phenpred/lib/python3.7/site-packages/sklearn/model_selection/_validation.py:774: UserWarning: Scoring failed. The score on this train-test partition for these parameters will be set to nan. Details: 
Traceback (most recent call last):
  File "/home/brunok/miniconda3/envs/phenpred/lib/python3.7/site-packages/sklearn/model_selection/_validation.py", line 761, in _score
    scores = scorer(estimator, X_test, y_test)
  File "/home/brunok/miniconda3/envs/phenpred/lib/python3.7/site-packages/sklearn/metrics/_scorer.py", line 221, in __call__
    sample_weight=sample_weight,
  File "/home/brunok/miniconda3/envs/phenpred/lib/python3.7/site-packages/sklearn/metrics/_scorer.py", line 264, in _score
    return self._sign * self._score_func(y_true, y_pred, **self._kwargs)
  File "/home/brunok/miniconda3/envs/phenpred/lib/python3.7/site-packages/sklearn/metrics/_regression.py", line 790, in r2_score
    y_true, y_pred, multioutput
  File "/home/brunok/miniconda3/envs/phenpred/lib/python3.7/site-packages/sklearn/metrics/_regression.py", line 94, in _check_reg_targets
    check_consistent_length(y_true, y_pred)
  File "/home/brunok/miniconda3/envs/phenpred/lib/python3.7/site-packages/sklearn/utils/validation.py", line 334, in check_consistent_length
    % [int(l) for l in lengths]
ValueError: Found input variables with inconsistent numbers of samples: [100, 1]

  UserWarning,
/home/brunok/miniconda3/envs/phenpred/lib/python3.7/site-packages/sklearn/model_selection/_validation.py:774: UserWarning: Scoring failed. The score on this train-test partition for these parameters will be set to nan. Details: 
Traceback (most recent call last):
  File "/home/brunok/miniconda3/envs/phenpred/lib/python3.7/site-packages/sklearn/model_selection/_validation.py", line 761, in _score
    scores = scorer(estimator, X_test, y_test)
  File "/home/brunok/miniconda3/envs/phenpred/lib/python3.7/site-packages/sklearn/metrics/_scorer.py", line 221, in __call__
    sample_weight=sample_weight,
  File "/home/brunok/miniconda3/envs/phenpred/lib/python3.7/site-packages/sklearn/metrics/_scorer.py", line 264, in _score
    return self._sign * self._score_func(y_true, y_pred, **self._kwargs)
  File "/home/brunok/miniconda3/envs/phenpred/lib/python3.7/site-packages/sklearn/metrics/_regression.py", line 790, in r2_score
    y_true, y_pred, multioutput
  File "/home/brunok/miniconda3/envs/phenpred/lib/python3.7/site-packages/sklearn/metrics/_regression.py", line 94, in _check_reg_targets
    check_consistent_length(y_true, y_pred)
  File "/home/brunok/miniconda3/envs/phenpred/lib/python3.7/site-packages/sklearn/utils/validation.py", line 334, in check_consistent_length
    % [int(l) for l in lengths]
ValueError: Found input variables with inconsistent numbers of samples: [101, 1]

  UserWarning,
/home/brunok/miniconda3/envs/phenpred/lib/python3.7/site-packages/sklearn/metrics/_regression.py:807: RuntimeWarning: overflow encountered in square
  weight * (y_true - np.average(y_true, axis=0, weights=sample_weight)) ** 2
/home/brunok/miniconda3/envs/phenpred/lib/python3.7/site-packages/sklearn/model_selection/_validation.py:774: UserWarning: Scoring failed. The score on this train-test partition for these parameters will be set to nan. Details: 
Traceback (most recent call last):
  File "/home/brunok/miniconda3/envs/phenpred/lib/python3.7/site-packages/sklearn/model_selection/_validation.py", line 761, in _score
    scores = scorer(estimator, X_test, y_test)
  File "/home/brunok/miniconda3/envs/phenpred/lib/python3.7/site-packages/sklearn/metrics/_scorer.py", line 221, in __call__
    sample_weight=sample_weight,
  File "/home/brunok/miniconda3/envs/phenpred/lib/python3.7/site-packages/sklearn/metrics/_scorer.py", line 264, in _score
    return self._sign * self._score_func(y_true, y_pred, **self._kwargs)
  File "/home/brunok/miniconda3/envs/phenpred/lib/python3.7/site-packages/sklearn/metrics/_regression.py", line 790, in r2_score
    y_true, y_pred, multioutput
  File "/home/brunok/miniconda3/envs/phenpred/lib/python3.7/site-packages/sklearn/metrics/_regression.py", line 94, in _check_reg_targets
    check_consistent_length(y_true, y_pred)
  File "/home/brunok/miniconda3/envs/phenpred/lib/python3.7/site-packages/sklearn/utils/validation.py", line 334, in check_consistent_length
    % [int(l) for l in lengths]
ValueError: Found input variables with inconsistent numbers of samples: [100, 1]

  UserWarning,
/home/brunok/miniconda3/envs/phenpred/lib/python3.7/site-packages/sklearn/model_selection/_validation.py:774: UserWarning: Scoring failed. The score on this train-test partition for these parameters will be set to nan. Details: 
Traceback (most recent call last):
  File "/home/brunok/miniconda3/envs/phenpred/lib/python3.7/site-packages/sklearn/model_selection/_validation.py", line 761, in _score
    scores = scorer(estimator, X_test, y_test)
  File "/home/brunok/miniconda3/envs/phenpred/lib/python3.7/site-packages/sklearn/metrics/_scorer.py", line 221, in __call__
    sample_weight=sample_weight,
  File "/home/brunok/miniconda3/envs/phenpred/lib/python3.7/site-packages/sklearn/metrics/_scorer.py", line 264, in _score
    return self._sign * self._score_func(y_true, y_pred, **self._kwargs)
  File "/home/brunok/miniconda3/envs/phenpred/lib/python3.7/site-packages/sklearn/metrics/_regression.py", line 790, in r2_score
    y_true, y_pred, multioutput
  File "/home/brunok/miniconda3/envs/phenpred/lib/python3.7/site-packages/sklearn/metrics/_regression.py", line 94, in _check_reg_targets
    check_consistent_length(y_true, y_pred)
  File "/home/brunok/miniconda3/envs/phenpred/lib/python3.7/site-packages/sklearn/utils/validation.py", line 334, in check_consistent_length
    % [int(l) for l in lengths]
ValueError: Found input variables with inconsistent numbers of samples: [101, 1]

  UserWarning,
/home/brunok/miniconda3/envs/phenpred/lib/python3.7/site-packages/sklearn/model_selection/_validation.py:774: UserWarning: Scoring failed. The score on this train-test partition for these parameters will be set to nan. Details: 
Traceback (most recent call last):
  File "/home/brunok/miniconda3/envs/phenpred/lib/python3.7/site-packages/sklearn/model_selection/_validation.py", line 761, in _score
    scores = scorer(estimator, X_test, y_test)
  File "/home/brunok/miniconda3/envs/phenpred/lib/python3.7/site-packages/sklearn/metrics/_scorer.py", line 221, in __call__
    sample_weight=sample_weight,
  File "/home/brunok/miniconda3/envs/phenpred/lib/python3.7/site-packages/sklearn/metrics/_scorer.py", line 264, in _score
    return self._sign * self._score_func(y_true, y_pred, **self._kwargs)
  File "/home/brunok/miniconda3/envs/phenpred/lib/python3.7/site-packages/sklearn/metrics/_regression.py", line 790, in r2_score
    y_true, y_pred, multioutput
  File "/home/brunok/miniconda3/envs/phenpred/lib/python3.7/site-packages/sklearn/metrics/_regression.py", line 94, in _check_reg_targets
    check_consistent_length(y_true, y_pred)
  File "/home/brunok/miniconda3/envs/phenpred/lib/python3.7/site-packages/sklearn/utils/validation.py", line 334, in check_consistent_length
    % [int(l) for l in lengths]
ValueError: Found input variables with inconsistent numbers of samples: [101, 1]

  UserWarning,
/home/brunok/miniconda3/envs/phenpred/lib/python3.7/site-packages/sklearn/model_selection/_validation.py:774: UserWarning: Scoring failed. The score on this train-test partition for these parameters will be set to nan. Details: 
Traceback (most recent call last):
  File "/home/brunok/miniconda3/envs/phenpred/lib/python3.7/site-packages/sklearn/model_selection/_validation.py", line 761, in _score
    scores = scorer(estimator, X_test, y_test)
  File "/home/brunok/miniconda3/envs/phenpred/lib/python3.7/site-packages/sklearn/metrics/_scorer.py", line 221, in __call__
    sample_weight=sample_weight,
  File "/home/brunok/miniconda3/envs/phenpred/lib/python3.7/site-packages/sklearn/metrics/_scorer.py", line 264, in _score
    return self._sign * self._score_func(y_true, y_pred, **self._kwargs)
  File "/home/brunok/miniconda3/envs/phenpred/lib/python3.7/site-packages/sklearn/metrics/_regression.py", line 790, in r2_score
    y_true, y_pred, multioutput
  File "/home/brunok/miniconda3/envs/phenpred/lib/python3.7/site-packages/sklearn/metrics/_regression.py", line 94, in _check_reg_targets
    check_consistent_length(y_true, y_pred)
  File "/home/brunok/miniconda3/envs/phenpred/lib/python3.7/site-packages/sklearn/utils/validation.py", line 334, in check_consistent_length
    % [int(l) for l in lengths]
ValueError: Found input variables with inconsistent numbers of samples: [101, 1]

  UserWarning,
/home/brunok/miniconda3/envs/phenpred/lib/python3.7/site-packages/sklearn/model_selection/_validation.py:774: UserWarning: Scoring failed. The score on this train-test partition for these parameters will be set to nan. Details: 
Traceback (most recent call last):
  File "/home/brunok/miniconda3/envs/phenpred/lib/python3.7/site-packages/sklearn/model_selection/_validation.py", line 761, in _score
    scores = scorer(estimator, X_test, y_test)
  File "/home/brunok/miniconda3/envs/phenpred/lib/python3.7/site-packages/sklearn/metrics/_scorer.py", line 221, in __call__
    sample_weight=sample_weight,
  File "/home/brunok/miniconda3/envs/phenpred/lib/python3.7/site-packages/sklearn/metrics/_scorer.py", line 264, in _score
    return self._sign * self._score_func(y_true, y_pred, **self._kwargs)
  File "/home/brunok/miniconda3/envs/phenpred/lib/python3.7/site-packages/sklearn/metrics/_regression.py", line 790, in r2_score
    y_true, y_pred, multioutput
  File "/home/brunok/miniconda3/envs/phenpred/lib/python3.7/site-packages/sklearn/metrics/_regression.py", line 94, in _check_reg_targets
    check_consistent_length(y_true, y_pred)
  File "/home/brunok/miniconda3/envs/phenpred/lib/python3.7/site-packages/sklearn/utils/validation.py", line 334, in check_consistent_length
    % [int(l) for l in lengths]
ValueError: Found input variables with inconsistent numbers of samples: [101, 1]

  UserWarning,
/home/brunok/miniconda3/envs/phenpred/lib/python3.7/site-packages/sklearn/model_selection/_validation.py:774: UserWarning: Scoring failed. The score on this train-test partition for these parameters will be set to nan. Details: 
Traceback (most recent call last):
  File "/home/brunok/miniconda3/envs/phenpred/lib/python3.7/site-packages/sklearn/model_selection/_validation.py", line 761, in _score
    scores = scorer(estimator, X_test, y_test)
  File "/home/brunok/miniconda3/envs/phenpred/lib/python3.7/site-packages/sklearn/metrics/_scorer.py", line 221, in __call__
    sample_weight=sample_weight,
  File "/home/brunok/miniconda3/envs/phenpred/lib/python3.7/site-packages/sklearn/metrics/_scorer.py", line 264, in _score
    return self._sign * self._score_func(y_true, y_pred, **self._kwargs)
  File "/home/brunok/miniconda3/envs/phenpred/lib/python3.7/site-packages/sklearn/metrics/_regression.py", line 790, in r2_score
    y_true, y_pred, multioutput
  File "/home/brunok/miniconda3/envs/phenpred/lib/python3.7/site-packages/sklearn/metrics/_regression.py", line 94, in _check_reg_targets
    check_consistent_length(y_true, y_pred)
  File "/home/brunok/miniconda3/envs/phenpred/lib/python3.7/site-packages/sklearn/utils/validation.py", line 334, in check_consistent_length
    % [int(l) for l in lengths]
ValueError: Found input variables with inconsistent numbers of samples: [100, 1]

  UserWarning,
/home/brunok/miniconda3/envs/phenpred/lib/python3.7/site-packages/sklearn/model_selection/_validation.py:774: UserWarning: Scoring failed. The score on this train-test partition for these parameters will be set to nan. Details: 
Traceback (most recent call last):
  File "/home/brunok/miniconda3/envs/phenpred/lib/python3.7/site-packages/sklearn/model_selection/_validation.py", line 761, in _score
    scores = scorer(estimator, X_test, y_test)
  File "/home/brunok/miniconda3/envs/phenpred/lib/python3.7/site-packages/sklearn/metrics/_scorer.py", line 221, in __call__
    sample_weight=sample_weight,
  File "/home/brunok/miniconda3/envs/phenpred/lib/python3.7/site-packages/sklearn/metrics/_scorer.py", line 264, in _score
    return self._sign * self._score_func(y_true, y_pred, **self._kwargs)
  File "/home/brunok/miniconda3/envs/phenpred/lib/python3.7/site-packages/sklearn/metrics/_regression.py", line 790, in r2_score
    y_true, y_pred, multioutput
  File "/home/brunok/miniconda3/envs/phenpred/lib/python3.7/site-packages/sklearn/metrics/_regression.py", line 94, in _check_reg_targets
    check_consistent_length(y_true, y_pred)
  File "/home/brunok/miniconda3/envs/phenpred/lib/python3.7/site-packages/sklearn/utils/validation.py", line 334, in check_consistent_length
    % [int(l) for l in lengths]
ValueError: Found input variables with inconsistent numbers of samples: [101, 1]

  UserWarning,
/home/brunok/miniconda3/envs/phenpred/lib/python3.7/site-packages/sklearn/cross_decomposition/_pls.py:305: UserWarning: Y residual is constant at iteration 230
  warnings.warn(f"Y residual is constant at iteration {k}")
/home/brunok/miniconda3/envs/phenpred/lib/python3.7/site-packages/sklearn/cross_decomposition/_pls.py:305: UserWarning: Y residual is constant at iteration 229
  warnings.warn(f"Y residual is constant at iteration {k}")
/home/brunok/miniconda3/envs/phenpred/lib/python3.7/site-packages/sklearn/model_selection/_validation.py:774: UserWarning: Scoring failed. The score on this train-test partition for these parameters will be set to nan. Details: 
Traceback (most recent call last):
  File "/home/brunok/miniconda3/envs/phenpred/lib/python3.7/site-packages/sklearn/model_selection/_validation.py", line 761, in _score
    scores = scorer(estimator, X_test, y_test)
  File "/home/brunok/miniconda3/envs/phenpred/lib/python3.7/site-packages/sklearn/metrics/_scorer.py", line 221, in __call__
    sample_weight=sample_weight,
  File "/home/brunok/miniconda3/envs/phenpred/lib/python3.7/site-packages/sklearn/metrics/_scorer.py", line 264, in _score
    return self._sign * self._score_func(y_true, y_pred, **self._kwargs)
  File "/home/brunok/miniconda3/envs/phenpred/lib/python3.7/site-packages/sklearn/metrics/_regression.py", line 790, in r2_score
    y_true, y_pred, multioutput
  File "/home/brunok/miniconda3/envs/phenpred/lib/python3.7/site-packages/sklearn/metrics/_regression.py", line 94, in _check_reg_targets
    check_consistent_length(y_true, y_pred)
  File "/home/brunok/miniconda3/envs/phenpred/lib/python3.7/site-packages/sklearn/utils/validation.py", line 334, in check_consistent_length
    % [int(l) for l in lengths]
ValueError: Found input variables with inconsistent numbers of samples: [101, 1]

  UserWarning,
/home/brunok/miniconda3/envs/phenpred/lib/python3.7/site-packages/sklearn/model_selection/_validation.py:774: UserWarning: Scoring failed. The score on this train-test partition for these parameters will be set to nan. Details: 
Traceback (most recent call last):
  File "/home/brunok/miniconda3/envs/phenpred/lib/python3.7/site-packages/sklearn/model_selection/_validation.py", line 761, in _score
    scores = scorer(estimator, X_test, y_test)
  File "/home/brunok/miniconda3/envs/phenpred/lib/python3.7/site-packages/sklearn/metrics/_scorer.py", line 221, in __call__
    sample_weight=sample_weight,
  File "/home/brunok/miniconda3/envs/phenpred/lib/python3.7/site-packages/sklearn/metrics/_scorer.py", line 264, in _score
    return self._sign * self._score_func(y_true, y_pred, **self._kwargs)
  File "/home/brunok/miniconda3/envs/phenpred/lib/python3.7/site-packages/sklearn/metrics/_regression.py", line 790, in r2_score
    y_true, y_pred, multioutput
  File "/home/brunok/miniconda3/envs/phenpred/lib/python3.7/site-packages/sklearn/metrics/_regression.py", line 94, in _check_reg_targets
    check_consistent_length(y_true, y_pred)
  File "/home/brunok/miniconda3/envs/phenpred/lib/python3.7/site-packages/sklearn/utils/validation.py", line 334, in check_consistent_length
    % [int(l) for l in lengths]
ValueError: Found input variables with inconsistent numbers of samples: [100, 1]

  UserWarning,
/home/brunok/miniconda3/envs/phenpred/lib/python3.7/site-packages/sklearn/model_selection/_validation.py:774: UserWarning: Scoring failed. The score on this train-test partition for these parameters will be set to nan. Details: 
Traceback (most recent call last):
  File "/home/brunok/miniconda3/envs/phenpred/lib/python3.7/site-packages/sklearn/model_selection/_validation.py", line 761, in _score
    scores = scorer(estimator, X_test, y_test)
  File "/home/brunok/miniconda3/envs/phenpred/lib/python3.7/site-packages/sklearn/metrics/_scorer.py", line 221, in __call__
    sample_weight=sample_weight,
  File "/home/brunok/miniconda3/envs/phenpred/lib/python3.7/site-packages/sklearn/metrics/_scorer.py", line 264, in _score
    return self._sign * self._score_func(y_true, y_pred, **self._kwargs)
  File "/home/brunok/miniconda3/envs/phenpred/lib/python3.7/site-packages/sklearn/metrics/_regression.py", line 790, in r2_score
    y_true, y_pred, multioutput
  File "/home/brunok/miniconda3/envs/phenpred/lib/python3.7/site-packages/sklearn/metrics/_regression.py", line 94, in _check_reg_targets
    check_consistent_length(y_true, y_pred)
  File "/home/brunok/miniconda3/envs/phenpred/lib/python3.7/site-packages/sklearn/utils/validation.py", line 334, in check_consistent_length
    % [int(l) for l in lengths]
ValueError: Found input variables with inconsistent numbers of samples: [100, 1]

  UserWarning,
/home/brunok/miniconda3/envs/phenpred/lib/python3.7/site-packages/sklearn/model_selection/_validation.py:774: UserWarning: Scoring failed. The score on this train-test partition for these parameters will be set to nan. Details: 
Traceback (most recent call last):
  File "/home/brunok/miniconda3/envs/phenpred/lib/python3.7/site-packages/sklearn/model_selection/_validation.py", line 761, in _score
    scores = scorer(estimator, X_test, y_test)
  File "/home/brunok/miniconda3/envs/phenpred/lib/python3.7/site-packages/sklearn/metrics/_scorer.py", line 221, in __call__
    sample_weight=sample_weight,
  File "/home/brunok/miniconda3/envs/phenpred/lib/python3.7/site-packages/sklearn/metrics/_scorer.py", line 264, in _score
    return self._sign * self._score_func(y_true, y_pred, **self._kwargs)
  File "/home/brunok/miniconda3/envs/phenpred/lib/python3.7/site-packages/sklearn/metrics/_regression.py", line 790, in r2_score
    y_true, y_pred, multioutput
  File "/home/brunok/miniconda3/envs/phenpred/lib/python3.7/site-packages/sklearn/metrics/_regression.py", line 94, in _check_reg_targets
    check_consistent_length(y_true, y_pred)
  File "/home/brunok/miniconda3/envs/phenpred/lib/python3.7/site-packages/sklearn/utils/validation.py", line 334, in check_consistent_length
    % [int(l) for l in lengths]
ValueError: Found input variables with inconsistent numbers of samples: [101, 1]

  UserWarning,
/home/brunok/miniconda3/envs/phenpred/lib/python3.7/site-packages/sklearn/model_selection/_validation.py:774: UserWarning: Scoring failed. The score on this train-test partition for these parameters will be set to nan. Details: 
Traceback (most recent call last):
  File "/home/brunok/miniconda3/envs/phenpred/lib/python3.7/site-packages/sklearn/model_selection/_validation.py", line 761, in _score
    scores = scorer(estimator, X_test, y_test)
  File "/home/brunok/miniconda3/envs/phenpred/lib/python3.7/site-packages/sklearn/metrics/_scorer.py", line 221, in __call__
    sample_weight=sample_weight,
  File "/home/brunok/miniconda3/envs/phenpred/lib/python3.7/site-packages/sklearn/metrics/_scorer.py", line 264, in _score
    return self._sign * self._score_func(y_true, y_pred, **self._kwargs)
  File "/home/brunok/miniconda3/envs/phenpred/lib/python3.7/site-packages/sklearn/metrics/_regression.py", line 790, in r2_score
    y_true, y_pred, multioutput
  File "/home/brunok/miniconda3/envs/phenpred/lib/python3.7/site-packages/sklearn/metrics/_regression.py", line 94, in _check_reg_targets
    check_consistent_length(y_true, y_pred)
  File "/home/brunok/miniconda3/envs/phenpred/lib/python3.7/site-packages/sklearn/utils/validation.py", line 334, in check_consistent_length
    % [int(l) for l in lengths]
ValueError: Found input variables with inconsistent numbers of samples: [101, 1]

  UserWarning,
/home/brunok/miniconda3/envs/phenpred/lib/python3.7/site-packages/sklearn/model_selection/_validation.py:774: UserWarning: Scoring failed. The score on this train-test partition for these parameters will be set to nan. Details: 
Traceback (most recent call last):
  File "/home/brunok/miniconda3/envs/phenpred/lib/python3.7/site-packages/sklearn/model_selection/_validation.py", line 761, in _score
    scores = scorer(estimator, X_test, y_test)
  File "/home/brunok/miniconda3/envs/phenpred/lib/python3.7/site-packages/sklearn/metrics/_scorer.py", line 221, in __call__
    sample_weight=sample_weight,
  File "/home/brunok/miniconda3/envs/phenpred/lib/python3.7/site-packages/sklearn/metrics/_scorer.py", line 264, in _score
    return self._sign * self._score_func(y_true, y_pred, **self._kwargs)
  File "/home/brunok/miniconda3/envs/phenpred/lib/python3.7/site-packages/sklearn/metrics/_regression.py", line 790, in r2_score
    y_true, y_pred, multioutput
  File "/home/brunok/miniconda3/envs/phenpred/lib/python3.7/site-packages/sklearn/metrics/_regression.py", line 94, in _check_reg_targets
    check_consistent_length(y_true, y_pred)
  File "/home/brunok/miniconda3/envs/phenpred/lib/python3.7/site-packages/sklearn/utils/validation.py", line 334, in check_consistent_length
    % [int(l) for l in lengths]
ValueError: Found input variables with inconsistent numbers of samples: [100, 1]

  UserWarning,
/home/brunok/miniconda3/envs/phenpred/lib/python3.7/site-packages/sklearn/model_selection/_validation.py:774: UserWarning: Scoring failed. The score on this train-test partition for these parameters will be set to nan. Details: 
Traceback (most recent call last):
  File "/home/brunok/miniconda3/envs/phenpred/lib/python3.7/site-packages/sklearn/model_selection/_validation.py", line 761, in _score
    scores = scorer(estimator, X_test, y_test)
  File "/home/brunok/miniconda3/envs/phenpred/lib/python3.7/site-packages/sklearn/metrics/_scorer.py", line 221, in __call__
    sample_weight=sample_weight,
  File "/home/brunok/miniconda3/envs/phenpred/lib/python3.7/site-packages/sklearn/metrics/_scorer.py", line 264, in _score
    return self._sign * self._score_func(y_true, y_pred, **self._kwargs)
  File "/home/brunok/miniconda3/envs/phenpred/lib/python3.7/site-packages/sklearn/metrics/_regression.py", line 790, in r2_score
    y_true, y_pred, multioutput
  File "/home/brunok/miniconda3/envs/phenpred/lib/python3.7/site-packages/sklearn/metrics/_regression.py", line 94, in _check_reg_targets
    check_consistent_length(y_true, y_pred)
  File "/home/brunok/miniconda3/envs/phenpred/lib/python3.7/site-packages/sklearn/utils/validation.py", line 334, in check_consistent_length
    % [int(l) for l in lengths]
ValueError: Found input variables with inconsistent numbers of samples: [101, 1]

  UserWarning,
/home/brunok/miniconda3/envs/phenpred/lib/python3.7/site-packages/sklearn/model_selection/_validation.py:774: UserWarning: Scoring failed. The score on this train-test partition for these parameters will be set to nan. Details: 
Traceback (most recent call last):
  File "/home/brunok/miniconda3/envs/phenpred/lib/python3.7/site-packages/sklearn/model_selection/_validation.py", line 761, in _score
    scores = scorer(estimator, X_test, y_test)
  File "/home/brunok/miniconda3/envs/phenpred/lib/python3.7/site-packages/sklearn/metrics/_scorer.py", line 221, in __call__
    sample_weight=sample_weight,
  File "/home/brunok/miniconda3/envs/phenpred/lib/python3.7/site-packages/sklearn/metrics/_scorer.py", line 264, in _score
    return self._sign * self._score_func(y_true, y_pred, **self._kwargs)
  File "/home/brunok/miniconda3/envs/phenpred/lib/python3.7/site-packages/sklearn/metrics/_regression.py", line 790, in r2_score
    y_true, y_pred, multioutput
  File "/home/brunok/miniconda3/envs/phenpred/lib/python3.7/site-packages/sklearn/metrics/_regression.py", line 94, in _check_reg_targets
    check_consistent_length(y_true, y_pred)
  File "/home/brunok/miniconda3/envs/phenpred/lib/python3.7/site-packages/sklearn/utils/validation.py", line 334, in check_consistent_length
    % [int(l) for l in lengths]
ValueError: Found input variables with inconsistent numbers of samples: [100, 1]

  UserWarning,
/home/brunok/miniconda3/envs/phenpred/lib/python3.7/site-packages/sklearn/model_selection/_validation.py:774: UserWarning: Scoring failed. The score on this train-test partition for these parameters will be set to nan. Details: 
Traceback (most recent call last):
  File "/home/brunok/miniconda3/envs/phenpred/lib/python3.7/site-packages/sklearn/model_selection/_validation.py", line 761, in _score
    scores = scorer(estimator, X_test, y_test)
  File "/home/brunok/miniconda3/envs/phenpred/lib/python3.7/site-packages/sklearn/metrics/_scorer.py", line 221, in __call__
    sample_weight=sample_weight,
  File "/home/brunok/miniconda3/envs/phenpred/lib/python3.7/site-packages/sklearn/metrics/_scorer.py", line 264, in _score
    return self._sign * self._score_func(y_true, y_pred, **self._kwargs)
  File "/home/brunok/miniconda3/envs/phenpred/lib/python3.7/site-packages/sklearn/metrics/_regression.py", line 790, in r2_score
    y_true, y_pred, multioutput
  File "/home/brunok/miniconda3/envs/phenpred/lib/python3.7/site-packages/sklearn/metrics/_regression.py", line 94, in _check_reg_targets
    check_consistent_length(y_true, y_pred)
  File "/home/brunok/miniconda3/envs/phenpred/lib/python3.7/site-packages/sklearn/utils/validation.py", line 334, in check_consistent_length
    % [int(l) for l in lengths]
ValueError: Found input variables with inconsistent numbers of samples: [101, 1]

  UserWarning,
/home/brunok/miniconda3/envs/phenpred/lib/python3.7/site-packages/sklearn/model_selection/_validation.py:774: UserWarning: Scoring failed. The score on this train-test partition for these parameters will be set to nan. Details: 
Traceback (most recent call last):
  File "/home/brunok/miniconda3/envs/phenpred/lib/python3.7/site-packages/sklearn/model_selection/_validation.py", line 761, in _score
    scores = scorer(estimator, X_test, y_test)
  File "/home/brunok/miniconda3/envs/phenpred/lib/python3.7/site-packages/sklearn/metrics/_scorer.py", line 221, in __call__
    sample_weight=sample_weight,
  File "/home/brunok/miniconda3/envs/phenpred/lib/python3.7/site-packages/sklearn/metrics/_scorer.py", line 264, in _score
    return self._sign * self._score_func(y_true, y_pred, **self._kwargs)
  File "/home/brunok/miniconda3/envs/phenpred/lib/python3.7/site-packages/sklearn/metrics/_regression.py", line 790, in r2_score
    y_true, y_pred, multioutput
  File "/home/brunok/miniconda3/envs/phenpred/lib/python3.7/site-packages/sklearn/metrics/_regression.py", line 94, in _check_reg_targets
    check_consistent_length(y_true, y_pred)
  File "/home/brunok/miniconda3/envs/phenpred/lib/python3.7/site-packages/sklearn/utils/validation.py", line 334, in check_consistent_length
    % [int(l) for l in lengths]
ValueError: Found input variables with inconsistent numbers of samples: [100, 1]

  UserWarning,
/home/brunok/miniconda3/envs/phenpred/lib/python3.7/site-packages/sklearn/cross_decomposition/_pls.py:305: UserWarning: Y residual is constant at iteration 129
  warnings.warn(f"Y residual is constant at iteration {k}")
/home/brunok/miniconda3/envs/phenpred/lib/python3.7/site-packages/sklearn/cross_decomposition/_pls.py:305: UserWarning: Y residual is constant at iteration 128
  warnings.warn(f"Y residual is constant at iteration {k}")
/home/brunok/miniconda3/envs/phenpred/lib/python3.7/site-packages/sklearn/model_selection/_validation.py:774: UserWarning: Scoring failed. The score on this train-test partition for these parameters will be set to nan. Details: 
Traceback (most recent call last):
  File "/home/brunok/miniconda3/envs/phenpred/lib/python3.7/site-packages/sklearn/model_selection/_validation.py", line 761, in _score
    scores = scorer(estimator, X_test, y_test)
  File "/home/brunok/miniconda3/envs/phenpred/lib/python3.7/site-packages/sklearn/metrics/_scorer.py", line 221, in __call__
    sample_weight=sample_weight,
  File "/home/brunok/miniconda3/envs/phenpred/lib/python3.7/site-packages/sklearn/metrics/_scorer.py", line 264, in _score
    return self._sign * self._score_func(y_true, y_pred, **self._kwargs)
  File "/home/brunok/miniconda3/envs/phenpred/lib/python3.7/site-packages/sklearn/metrics/_regression.py", line 790, in r2_score
    y_true, y_pred, multioutput
  File "/home/brunok/miniconda3/envs/phenpred/lib/python3.7/site-packages/sklearn/metrics/_regression.py", line 94, in _check_reg_targets
    check_consistent_length(y_true, y_pred)
  File "/home/brunok/miniconda3/envs/phenpred/lib/python3.7/site-packages/sklearn/utils/validation.py", line 334, in check_consistent_length
    % [int(l) for l in lengths]
ValueError: Found input variables with inconsistent numbers of samples: [101, 1]

  UserWarning,
/home/brunok/miniconda3/envs/phenpred/lib/python3.7/site-packages/sklearn/model_selection/_validation.py:774: UserWarning: Scoring failed. The score on this train-test partition for these parameters will be set to nan. Details: 
Traceback (most recent call last):
  File "/home/brunok/miniconda3/envs/phenpred/lib/python3.7/site-packages/sklearn/model_selection/_validation.py", line 761, in _score
    scores = scorer(estimator, X_test, y_test)
  File "/home/brunok/miniconda3/envs/phenpred/lib/python3.7/site-packages/sklearn/metrics/_scorer.py", line 221, in __call__
    sample_weight=sample_weight,
  File "/home/brunok/miniconda3/envs/phenpred/lib/python3.7/site-packages/sklearn/metrics/_scorer.py", line 264, in _score
    return self._sign * self._score_func(y_true, y_pred, **self._kwargs)
  File "/home/brunok/miniconda3/envs/phenpred/lib/python3.7/site-packages/sklearn/metrics/_regression.py", line 790, in r2_score
    y_true, y_pred, multioutput
  File "/home/brunok/miniconda3/envs/phenpred/lib/python3.7/site-packages/sklearn/metrics/_regression.py", line 94, in _check_reg_targets
    check_consistent_length(y_true, y_pred)
  File "/home/brunok/miniconda3/envs/phenpred/lib/python3.7/site-packages/sklearn/utils/validation.py", line 334, in check_consistent_length
    % [int(l) for l in lengths]
ValueError: Found input variables with inconsistent numbers of samples: [101, 1]

  UserWarning,
/home/brunok/miniconda3/envs/phenpred/lib/python3.7/site-packages/sklearn/model_selection/_validation.py:774: UserWarning: Scoring failed. The score on this train-test partition for these parameters will be set to nan. Details: 
Traceback (most recent call last):
  File "/home/brunok/miniconda3/envs/phenpred/lib/python3.7/site-packages/sklearn/model_selection/_validation.py", line 761, in _score
    scores = scorer(estimator, X_test, y_test)
  File "/home/brunok/miniconda3/envs/phenpred/lib/python3.7/site-packages/sklearn/metrics/_scorer.py", line 221, in __call__
    sample_weight=sample_weight,
  File "/home/brunok/miniconda3/envs/phenpred/lib/python3.7/site-packages/sklearn/metrics/_scorer.py", line 264, in _score
    return self._sign * self._score_func(y_true, y_pred, **self._kwargs)
  File "/home/brunok/miniconda3/envs/phenpred/lib/python3.7/site-packages/sklearn/metrics/_regression.py", line 790, in r2_score
    y_true, y_pred, multioutput
  File "/home/brunok/miniconda3/envs/phenpred/lib/python3.7/site-packages/sklearn/metrics/_regression.py", line 94, in _check_reg_targets
    check_consistent_length(y_true, y_pred)
  File "/home/brunok/miniconda3/envs/phenpred/lib/python3.7/site-packages/sklearn/utils/validation.py", line 334, in check_consistent_length
    % [int(l) for l in lengths]
ValueError: Found input variables with inconsistent numbers of samples: [100, 1]

  UserWarning,
/home/brunok/miniconda3/envs/phenpred/lib/python3.7/site-packages/sklearn/model_selection/_validation.py:774: UserWarning: Scoring failed. The score on this train-test partition for these parameters will be set to nan. Details: 
Traceback (most recent call last):
  File "/home/brunok/miniconda3/envs/phenpred/lib/python3.7/site-packages/sklearn/model_selection/_validation.py", line 761, in _score
    scores = scorer(estimator, X_test, y_test)
  File "/home/brunok/miniconda3/envs/phenpred/lib/python3.7/site-packages/sklearn/metrics/_scorer.py", line 221, in __call__
    sample_weight=sample_weight,
  File "/home/brunok/miniconda3/envs/phenpred/lib/python3.7/site-packages/sklearn/metrics/_scorer.py", line 264, in _score
    return self._sign * self._score_func(y_true, y_pred, **self._kwargs)
  File "/home/brunok/miniconda3/envs/phenpred/lib/python3.7/site-packages/sklearn/metrics/_regression.py", line 790, in r2_score
    y_true, y_pred, multioutput
  File "/home/brunok/miniconda3/envs/phenpred/lib/python3.7/site-packages/sklearn/metrics/_regression.py", line 94, in _check_reg_targets
    check_consistent_length(y_true, y_pred)
  File "/home/brunok/miniconda3/envs/phenpred/lib/python3.7/site-packages/sklearn/utils/validation.py", line 334, in check_consistent_length
    % [int(l) for l in lengths]
ValueError: Found input variables with inconsistent numbers of samples: [101, 1]

  UserWarning,
/home/brunok/miniconda3/envs/phenpred/lib/python3.7/site-packages/sklearn/model_selection/_validation.py:774: UserWarning: Scoring failed. The score on this train-test partition for these parameters will be set to nan. Details: 
Traceback (most recent call last):
  File "/home/brunok/miniconda3/envs/phenpred/lib/python3.7/site-packages/sklearn/model_selection/_validation.py", line 761, in _score
    scores = scorer(estimator, X_test, y_test)
  File "/home/brunok/miniconda3/envs/phenpred/lib/python3.7/site-packages/sklearn/metrics/_scorer.py", line 221, in __call__
    sample_weight=sample_weight,
  File "/home/brunok/miniconda3/envs/phenpred/lib/python3.7/site-packages/sklearn/metrics/_scorer.py", line 264, in _score
    return self._sign * self._score_func(y_true, y_pred, **self._kwargs)
  File "/home/brunok/miniconda3/envs/phenpred/lib/python3.7/site-packages/sklearn/metrics/_regression.py", line 790, in r2_score
    y_true, y_pred, multioutput
  File "/home/brunok/miniconda3/envs/phenpred/lib/python3.7/site-packages/sklearn/metrics/_regression.py", line 94, in _check_reg_targets
    check_consistent_length(y_true, y_pred)
  File "/home/brunok/miniconda3/envs/phenpred/lib/python3.7/site-packages/sklearn/utils/validation.py", line 334, in check_consistent_length
    % [int(l) for l in lengths]
ValueError: Found input variables with inconsistent numbers of samples: [101, 1]

  UserWarning,
/home/brunok/miniconda3/envs/phenpred/lib/python3.7/site-packages/sklearn/model_selection/_validation.py:774: UserWarning: Scoring failed. The score on this train-test partition for these parameters will be set to nan. Details: 
Traceback (most recent call last):
  File "/home/brunok/miniconda3/envs/phenpred/lib/python3.7/site-packages/sklearn/model_selection/_validation.py", line 761, in _score
    scores = scorer(estimator, X_test, y_test)
  File "/home/brunok/miniconda3/envs/phenpred/lib/python3.7/site-packages/sklearn/metrics/_scorer.py", line 221, in __call__
    sample_weight=sample_weight,
  File "/home/brunok/miniconda3/envs/phenpred/lib/python3.7/site-packages/sklearn/metrics/_scorer.py", line 264, in _score
    return self._sign * self._score_func(y_true, y_pred, **self._kwargs)
  File "/home/brunok/miniconda3/envs/phenpred/lib/python3.7/site-packages/sklearn/metrics/_regression.py", line 790, in r2_score
    y_true, y_pred, multioutput
  File "/home/brunok/miniconda3/envs/phenpred/lib/python3.7/site-packages/sklearn/metrics/_regression.py", line 94, in _check_reg_targets
    check_consistent_length(y_true, y_pred)
  File "/home/brunok/miniconda3/envs/phenpred/lib/python3.7/site-packages/sklearn/utils/validation.py", line 334, in check_consistent_length
    % [int(l) for l in lengths]
ValueError: Found input variables with inconsistent numbers of samples: [101, 1]

  UserWarning,
/home/brunok/miniconda3/envs/phenpred/lib/python3.7/site-packages/sklearn/model_selection/_validation.py:774: UserWarning: Scoring failed. The score on this train-test partition for these parameters will be set to nan. Details: 
Traceback (most recent call last):
  File "/home/brunok/miniconda3/envs/phenpred/lib/python3.7/site-packages/sklearn/model_selection/_validation.py", line 761, in _score
    scores = scorer(estimator, X_test, y_test)
  File "/home/brunok/miniconda3/envs/phenpred/lib/python3.7/site-packages/sklearn/metrics/_scorer.py", line 221, in __call__
    sample_weight=sample_weight,
  File "/home/brunok/miniconda3/envs/phenpred/lib/python3.7/site-packages/sklearn/metrics/_scorer.py", line 264, in _score
    return self._sign * self._score_func(y_true, y_pred, **self._kwargs)
  File "/home/brunok/miniconda3/envs/phenpred/lib/python3.7/site-packages/sklearn/metrics/_regression.py", line 790, in r2_score
    y_true, y_pred, multioutput
  File "/home/brunok/miniconda3/envs/phenpred/lib/python3.7/site-packages/sklearn/metrics/_regression.py", line 94, in _check_reg_targets
    check_consistent_length(y_true, y_pred)
  File "/home/brunok/miniconda3/envs/phenpred/lib/python3.7/site-packages/sklearn/utils/validation.py", line 334, in check_consistent_length
    % [int(l) for l in lengths]
ValueError: Found input variables with inconsistent numbers of samples: [101, 1]

  UserWarning,
/home/brunok/miniconda3/envs/phenpred/lib/python3.7/site-packages/sklearn/model_selection/_validation.py:774: UserWarning: Scoring failed. The score on this train-test partition for these parameters will be set to nan. Details: 
Traceback (most recent call last):
  File "/home/brunok/miniconda3/envs/phenpred/lib/python3.7/site-packages/sklearn/model_selection/_validation.py", line 761, in _score
    scores = scorer(estimator, X_test, y_test)
  File "/home/brunok/miniconda3/envs/phenpred/lib/python3.7/site-packages/sklearn/metrics/_scorer.py", line 221, in __call__
    sample_weight=sample_weight,
  File "/home/brunok/miniconda3/envs/phenpred/lib/python3.7/site-packages/sklearn/metrics/_scorer.py", line 264, in _score
    return self._sign * self._score_func(y_true, y_pred, **self._kwargs)
  File "/home/brunok/miniconda3/envs/phenpred/lib/python3.7/site-packages/sklearn/metrics/_regression.py", line 790, in r2_score
    y_true, y_pred, multioutput
  File "/home/brunok/miniconda3/envs/phenpred/lib/python3.7/site-packages/sklearn/metrics/_regression.py", line 94, in _check_reg_targets
    check_consistent_length(y_true, y_pred)
  File "/home/brunok/miniconda3/envs/phenpred/lib/python3.7/site-packages/sklearn/utils/validation.py", line 334, in check_consistent_length
    % [int(l) for l in lengths]
ValueError: Found input variables with inconsistent numbers of samples: [101, 1]

  UserWarning,
/home/brunok/miniconda3/envs/phenpred/lib/python3.7/site-packages/sklearn/model_selection/_validation.py:774: UserWarning: Scoring failed. The score on this train-test partition for these parameters will be set to nan. Details: 
Traceback (most recent call last):
  File "/home/brunok/miniconda3/envs/phenpred/lib/python3.7/site-packages/sklearn/model_selection/_validation.py", line 761, in _score
    scores = scorer(estimator, X_test, y_test)
  File "/home/brunok/miniconda3/envs/phenpred/lib/python3.7/site-packages/sklearn/metrics/_scorer.py", line 221, in __call__
    sample_weight=sample_weight,
  File "/home/brunok/miniconda3/envs/phenpred/lib/python3.7/site-packages/sklearn/metrics/_scorer.py", line 264, in _score
    return self._sign * self._score_func(y_true, y_pred, **self._kwargs)
  File "/home/brunok/miniconda3/envs/phenpred/lib/python3.7/site-packages/sklearn/metrics/_regression.py", line 790, in r2_score
    y_true, y_pred, multioutput
  File "/home/brunok/miniconda3/envs/phenpred/lib/python3.7/site-packages/sklearn/metrics/_regression.py", line 94, in _check_reg_targets
    check_consistent_length(y_true, y_pred)
  File "/home/brunok/miniconda3/envs/phenpred/lib/python3.7/site-packages/sklearn/utils/validation.py", line 334, in check_consistent_length
    % [int(l) for l in lengths]
ValueError: Found input variables with inconsistent numbers of samples: [100, 1]

  UserWarning,
/home/brunok/miniconda3/envs/phenpred/lib/python3.7/site-packages/sklearn/model_selection/_validation.py:774: UserWarning: Scoring failed. The score on this train-test partition for these parameters will be set to nan. Details: 
Traceback (most recent call last):
  File "/home/brunok/miniconda3/envs/phenpred/lib/python3.7/site-packages/sklearn/model_selection/_validation.py", line 761, in _score
    scores = scorer(estimator, X_test, y_test)
  File "/home/brunok/miniconda3/envs/phenpred/lib/python3.7/site-packages/sklearn/metrics/_scorer.py", line 221, in __call__
    sample_weight=sample_weight,
  File "/home/brunok/miniconda3/envs/phenpred/lib/python3.7/site-packages/sklearn/metrics/_scorer.py", line 264, in _score
    return self._sign * self._score_func(y_true, y_pred, **self._kwargs)
  File "/home/brunok/miniconda3/envs/phenpred/lib/python3.7/site-packages/sklearn/metrics/_regression.py", line 790, in r2_score
    y_true, y_pred, multioutput
  File "/home/brunok/miniconda3/envs/phenpred/lib/python3.7/site-packages/sklearn/metrics/_regression.py", line 94, in _check_reg_targets
    check_consistent_length(y_true, y_pred)
  File "/home/brunok/miniconda3/envs/phenpred/lib/python3.7/site-packages/sklearn/utils/validation.py", line 334, in check_consistent_length
    % [int(l) for l in lengths]
ValueError: Found input variables with inconsistent numbers of samples: [101, 1]

  UserWarning,
/home/brunok/miniconda3/envs/phenpred/lib/python3.7/site-packages/sklearn/model_selection/_validation.py:774: UserWarning: Scoring failed. The score on this train-test partition for these parameters will be set to nan. Details: 
Traceback (most recent call last):
  File "/home/brunok/miniconda3/envs/phenpred/lib/python3.7/site-packages/sklearn/model_selection/_validation.py", line 761, in _score
    scores = scorer(estimator, X_test, y_test)
  File "/home/brunok/miniconda3/envs/phenpred/lib/python3.7/site-packages/sklearn/metrics/_scorer.py", line 221, in __call__
    sample_weight=sample_weight,
  File "/home/brunok/miniconda3/envs/phenpred/lib/python3.7/site-packages/sklearn/metrics/_scorer.py", line 264, in _score
    return self._sign * self._score_func(y_true, y_pred, **self._kwargs)
  File "/home/brunok/miniconda3/envs/phenpred/lib/python3.7/site-packages/sklearn/metrics/_regression.py", line 790, in r2_score
    y_true, y_pred, multioutput
  File "/home/brunok/miniconda3/envs/phenpred/lib/python3.7/site-packages/sklearn/metrics/_regression.py", line 94, in _check_reg_targets
    check_consistent_length(y_true, y_pred)
  File "/home/brunok/miniconda3/envs/phenpred/lib/python3.7/site-packages/sklearn/utils/validation.py", line 334, in check_consistent_length
    % [int(l) for l in lengths]
ValueError: Found input variables with inconsistent numbers of samples: [100, 1]

  UserWarning,
/home/brunok/miniconda3/envs/phenpred/lib/python3.7/site-packages/sklearn/model_selection/_validation.py:774: UserWarning: Scoring failed. The score on this train-test partition for these parameters will be set to nan. Details: 
Traceback (most recent call last):
  File "/home/brunok/miniconda3/envs/phenpred/lib/python3.7/site-packages/sklearn/model_selection/_validation.py", line 761, in _score
    scores = scorer(estimator, X_test, y_test)
  File "/home/brunok/miniconda3/envs/phenpred/lib/python3.7/site-packages/sklearn/metrics/_scorer.py", line 221, in __call__
    sample_weight=sample_weight,
  File "/home/brunok/miniconda3/envs/phenpred/lib/python3.7/site-packages/sklearn/metrics/_scorer.py", line 264, in _score
    return self._sign * self._score_func(y_true, y_pred, **self._kwargs)
  File "/home/brunok/miniconda3/envs/phenpred/lib/python3.7/site-packages/sklearn/metrics/_regression.py", line 790, in r2_score
    y_true, y_pred, multioutput
  File "/home/brunok/miniconda3/envs/phenpred/lib/python3.7/site-packages/sklearn/metrics/_regression.py", line 94, in _check_reg_targets
    check_consistent_length(y_true, y_pred)
  File "/home/brunok/miniconda3/envs/phenpred/lib/python3.7/site-packages/sklearn/utils/validation.py", line 334, in check_consistent_length
    % [int(l) for l in lengths]
ValueError: Found input variables with inconsistent numbers of samples: [101, 1]

  UserWarning,
/home/brunok/miniconda3/envs/phenpred/lib/python3.7/site-packages/sklearn/model_selection/_validation.py:774: UserWarning: Scoring failed. The score on this train-test partition for these parameters will be set to nan. Details: 
Traceback (most recent call last):
  File "/home/brunok/miniconda3/envs/phenpred/lib/python3.7/site-packages/sklearn/model_selection/_validation.py", line 761, in _score
    scores = scorer(estimator, X_test, y_test)
  File "/home/brunok/miniconda3/envs/phenpred/lib/python3.7/site-packages/sklearn/metrics/_scorer.py", line 221, in __call__
    sample_weight=sample_weight,
  File "/home/brunok/miniconda3/envs/phenpred/lib/python3.7/site-packages/sklearn/metrics/_scorer.py", line 264, in _score
    return self._sign * self._score_func(y_true, y_pred, **self._kwargs)
  File "/home/brunok/miniconda3/envs/phenpred/lib/python3.7/site-packages/sklearn/metrics/_regression.py", line 790, in r2_score
    y_true, y_pred, multioutput
  File "/home/brunok/miniconda3/envs/phenpred/lib/python3.7/site-packages/sklearn/metrics/_regression.py", line 94, in _check_reg_targets
    check_consistent_length(y_true, y_pred)
  File "/home/brunok/miniconda3/envs/phenpred/lib/python3.7/site-packages/sklearn/utils/validation.py", line 334, in check_consistent_length
    % [int(l) for l in lengths]
ValueError: Found input variables with inconsistent numbers of samples: [100, 1]

  UserWarning,
/home/brunok/miniconda3/envs/phenpred/lib/python3.7/site-packages/sklearn/model_selection/_validation.py:774: UserWarning: Scoring failed. The score on this train-test partition for these parameters will be set to nan. Details: 
Traceback (most recent call last):
  File "/home/brunok/miniconda3/envs/phenpred/lib/python3.7/site-packages/sklearn/model_selection/_validation.py", line 761, in _score
    scores = scorer(estimator, X_test, y_test)
  File "/home/brunok/miniconda3/envs/phenpred/lib/python3.7/site-packages/sklearn/metrics/_scorer.py", line 221, in __call__
    sample_weight=sample_weight,
  File "/home/brunok/miniconda3/envs/phenpred/lib/python3.7/site-packages/sklearn/metrics/_scorer.py", line 264, in _score
    return self._sign * self._score_func(y_true, y_pred, **self._kwargs)
  File "/home/brunok/miniconda3/envs/phenpred/lib/python3.7/site-packages/sklearn/metrics/_regression.py", line 790, in r2_score
    y_true, y_pred, multioutput
  File "/home/brunok/miniconda3/envs/phenpred/lib/python3.7/site-packages/sklearn/metrics/_regression.py", line 94, in _check_reg_targets
    check_consistent_length(y_true, y_pred)
  File "/home/brunok/miniconda3/envs/phenpred/lib/python3.7/site-packages/sklearn/utils/validation.py", line 334, in check_consistent_length
    % [int(l) for l in lengths]
ValueError: Found input variables with inconsistent numbers of samples: [101, 1]

  UserWarning,
/home/brunok/miniconda3/envs/phenpred/lib/python3.7/site-packages/sklearn/model_selection/_validation.py:774: UserWarning: Scoring failed. The score on this train-test partition for these parameters will be set to nan. Details: 
Traceback (most recent call last):
  File "/home/brunok/miniconda3/envs/phenpred/lib/python3.7/site-packages/sklearn/model_selection/_validation.py", line 761, in _score
    scores = scorer(estimator, X_test, y_test)
  File "/home/brunok/miniconda3/envs/phenpred/lib/python3.7/site-packages/sklearn/metrics/_scorer.py", line 221, in __call__
    sample_weight=sample_weight,
  File "/home/brunok/miniconda3/envs/phenpred/lib/python3.7/site-packages/sklearn/metrics/_scorer.py", line 264, in _score
    return self._sign * self._score_func(y_true, y_pred, **self._kwargs)
  File "/home/brunok/miniconda3/envs/phenpred/lib/python3.7/site-packages/sklearn/metrics/_regression.py", line 790, in r2_score
    y_true, y_pred, multioutput
  File "/home/brunok/miniconda3/envs/phenpred/lib/python3.7/site-packages/sklearn/metrics/_regression.py", line 94, in _check_reg_targets
    check_consistent_length(y_true, y_pred)
  File "/home/brunok/miniconda3/envs/phenpred/lib/python3.7/site-packages/sklearn/utils/validation.py", line 334, in check_consistent_length
    % [int(l) for l in lengths]
ValueError: Found input variables with inconsistent numbers of samples: [100, 1]

  UserWarning,
/home/brunok/miniconda3/envs/phenpred/lib/python3.7/site-packages/sklearn/model_selection/_validation.py:774: UserWarning: Scoring failed. The score on this train-test partition for these parameters will be set to nan. Details: 
Traceback (most recent call last):
  File "/home/brunok/miniconda3/envs/phenpred/lib/python3.7/site-packages/sklearn/model_selection/_validation.py", line 761, in _score
    scores = scorer(estimator, X_test, y_test)
  File "/home/brunok/miniconda3/envs/phenpred/lib/python3.7/site-packages/sklearn/metrics/_scorer.py", line 221, in __call__
    sample_weight=sample_weight,
  File "/home/brunok/miniconda3/envs/phenpred/lib/python3.7/site-packages/sklearn/metrics/_scorer.py", line 264, in _score
    return self._sign * self._score_func(y_true, y_pred, **self._kwargs)
  File "/home/brunok/miniconda3/envs/phenpred/lib/python3.7/site-packages/sklearn/metrics/_regression.py", line 790, in r2_score
    y_true, y_pred, multioutput
  File "/home/brunok/miniconda3/envs/phenpred/lib/python3.7/site-packages/sklearn/metrics/_regression.py", line 94, in _check_reg_targets
    check_consistent_length(y_true, y_pred)
  File "/home/brunok/miniconda3/envs/phenpred/lib/python3.7/site-packages/sklearn/utils/validation.py", line 334, in check_consistent_length
    % [int(l) for l in lengths]
ValueError: Found input variables with inconsistent numbers of samples: [100, 1]

  UserWarning,
/home/brunok/miniconda3/envs/phenpred/lib/python3.7/site-packages/sklearn/cross_decomposition/_pls.py:305: UserWarning: Y residual is constant at iteration 227
  warnings.warn(f"Y residual is constant at iteration {k}")
/home/brunok/miniconda3/envs/phenpred/lib/python3.7/site-packages/sklearn/cross_decomposition/_pls.py:305: UserWarning: Y residual is constant at iteration 226
  warnings.warn(f"Y residual is constant at iteration {k}")
/home/brunok/miniconda3/envs/phenpred/lib/python3.7/site-packages/sklearn/model_selection/_validation.py:774: UserWarning: Scoring failed. The score on this train-test partition for these parameters will be set to nan. Details: 
Traceback (most recent call last):
  File "/home/brunok/miniconda3/envs/phenpred/lib/python3.7/site-packages/sklearn/model_selection/_validation.py", line 761, in _score
    scores = scorer(estimator, X_test, y_test)
  File "/home/brunok/miniconda3/envs/phenpred/lib/python3.7/site-packages/sklearn/metrics/_scorer.py", line 221, in __call__
    sample_weight=sample_weight,
  File "/home/brunok/miniconda3/envs/phenpred/lib/python3.7/site-packages/sklearn/metrics/_scorer.py", line 264, in _score
    return self._sign * self._score_func(y_true, y_pred, **self._kwargs)
  File "/home/brunok/miniconda3/envs/phenpred/lib/python3.7/site-packages/sklearn/metrics/_regression.py", line 790, in r2_score
    y_true, y_pred, multioutput
  File "/home/brunok/miniconda3/envs/phenpred/lib/python3.7/site-packages/sklearn/metrics/_regression.py", line 94, in _check_reg_targets
    check_consistent_length(y_true, y_pred)
  File "/home/brunok/miniconda3/envs/phenpred/lib/python3.7/site-packages/sklearn/utils/validation.py", line 334, in check_consistent_length
    % [int(l) for l in lengths]
ValueError: Found input variables with inconsistent numbers of samples: [100, 1]

  UserWarning,
/home/brunok/miniconda3/envs/phenpred/lib/python3.7/site-packages/sklearn/cross_decomposition/_pls.py:305: UserWarning: Y residual is constant at iteration 129
  warnings.warn(f"Y residual is constant at iteration {k}")
/home/brunok/miniconda3/envs/phenpred/lib/python3.7/site-packages/sklearn/cross_decomposition/_pls.py:305: UserWarning: Y residual is constant at iteration 128
  warnings.warn(f"Y residual is constant at iteration {k}")
/home/brunok/miniconda3/envs/phenpred/lib/python3.7/site-packages/sklearn/model_selection/_validation.py:774: UserWarning: Scoring failed. The score on this train-test partition for these parameters will be set to nan. Details: 
Traceback (most recent call last):
  File "/home/brunok/miniconda3/envs/phenpred/lib/python3.7/site-packages/sklearn/model_selection/_validation.py", line 761, in _score
    scores = scorer(estimator, X_test, y_test)
  File "/home/brunok/miniconda3/envs/phenpred/lib/python3.7/site-packages/sklearn/metrics/_scorer.py", line 221, in __call__
    sample_weight=sample_weight,
  File "/home/brunok/miniconda3/envs/phenpred/lib/python3.7/site-packages/sklearn/metrics/_scorer.py", line 264, in _score
    return self._sign * self._score_func(y_true, y_pred, **self._kwargs)
  File "/home/brunok/miniconda3/envs/phenpred/lib/python3.7/site-packages/sklearn/metrics/_regression.py", line 790, in r2_score
    y_true, y_pred, multioutput
  File "/home/brunok/miniconda3/envs/phenpred/lib/python3.7/site-packages/sklearn/metrics/_regression.py", line 94, in _check_reg_targets
    check_consistent_length(y_true, y_pred)
  File "/home/brunok/miniconda3/envs/phenpred/lib/python3.7/site-packages/sklearn/utils/validation.py", line 334, in check_consistent_length
    % [int(l) for l in lengths]
ValueError: Found input variables with inconsistent numbers of samples: [101, 1]

  UserWarning,
/home/brunok/miniconda3/envs/phenpred/lib/python3.7/site-packages/sklearn/cross_decomposition/_pls.py:305: UserWarning: Y residual is constant at iteration 129
  warnings.warn(f"Y residual is constant at iteration {k}")
/home/brunok/miniconda3/envs/phenpred/lib/python3.7/site-packages/sklearn/cross_decomposition/_pls.py:305: UserWarning: Y residual is constant at iteration 128
  warnings.warn(f"Y residual is constant at iteration {k}")
/home/brunok/miniconda3/envs/phenpred/lib/python3.7/site-packages/sklearn/metrics/_regression.py:807: RuntimeWarning: overflow encountered in square
  weight * (y_true - np.average(y_true, axis=0, weights=sample_weight)) ** 2
/home/brunok/miniconda3/envs/phenpred/lib/python3.7/site-packages/sklearn/model_selection/_validation.py:774: UserWarning: Scoring failed. The score on this train-test partition for these parameters will be set to nan. Details: 
Traceback (most recent call last):
  File "/home/brunok/miniconda3/envs/phenpred/lib/python3.7/site-packages/sklearn/model_selection/_validation.py", line 761, in _score
    scores = scorer(estimator, X_test, y_test)
  File "/home/brunok/miniconda3/envs/phenpred/lib/python3.7/site-packages/sklearn/metrics/_scorer.py", line 221, in __call__
    sample_weight=sample_weight,
  File "/home/brunok/miniconda3/envs/phenpred/lib/python3.7/site-packages/sklearn/metrics/_scorer.py", line 264, in _score
    return self._sign * self._score_func(y_true, y_pred, **self._kwargs)
  File "/home/brunok/miniconda3/envs/phenpred/lib/python3.7/site-packages/sklearn/metrics/_regression.py", line 790, in r2_score
    y_true, y_pred, multioutput
  File "/home/brunok/miniconda3/envs/phenpred/lib/python3.7/site-packages/sklearn/metrics/_regression.py", line 94, in _check_reg_targets
    check_consistent_length(y_true, y_pred)
  File "/home/brunok/miniconda3/envs/phenpred/lib/python3.7/site-packages/sklearn/utils/validation.py", line 334, in check_consistent_length
    % [int(l) for l in lengths]
ValueError: Found input variables with inconsistent numbers of samples: [101, 1]

  UserWarning,
/home/brunok/miniconda3/envs/phenpred/lib/python3.7/site-packages/sklearn/model_selection/_validation.py:774: UserWarning: Scoring failed. The score on this train-test partition for these parameters will be set to nan. Details: 
Traceback (most recent call last):
  File "/home/brunok/miniconda3/envs/phenpred/lib/python3.7/site-packages/sklearn/model_selection/_validation.py", line 761, in _score
    scores = scorer(estimator, X_test, y_test)
  File "/home/brunok/miniconda3/envs/phenpred/lib/python3.7/site-packages/sklearn/metrics/_scorer.py", line 221, in __call__
    sample_weight=sample_weight,
  File "/home/brunok/miniconda3/envs/phenpred/lib/python3.7/site-packages/sklearn/metrics/_scorer.py", line 264, in _score
    return self._sign * self._score_func(y_true, y_pred, **self._kwargs)
  File "/home/brunok/miniconda3/envs/phenpred/lib/python3.7/site-packages/sklearn/metrics/_regression.py", line 790, in r2_score
    y_true, y_pred, multioutput
  File "/home/brunok/miniconda3/envs/phenpred/lib/python3.7/site-packages/sklearn/metrics/_regression.py", line 94, in _check_reg_targets
    check_consistent_length(y_true, y_pred)
  File "/home/brunok/miniconda3/envs/phenpred/lib/python3.7/site-packages/sklearn/utils/validation.py", line 334, in check_consistent_length
    % [int(l) for l in lengths]
ValueError: Found input variables with inconsistent numbers of samples: [101, 1]

  UserWarning,
/home/brunok/miniconda3/envs/phenpred/lib/python3.7/site-packages/sklearn/model_selection/_validation.py:774: UserWarning: Scoring failed. The score on this train-test partition for these parameters will be set to nan. Details: 
Traceback (most recent call last):
  File "/home/brunok/miniconda3/envs/phenpred/lib/python3.7/site-packages/sklearn/model_selection/_validation.py", line 761, in _score
    scores = scorer(estimator, X_test, y_test)
  File "/home/brunok/miniconda3/envs/phenpred/lib/python3.7/site-packages/sklearn/metrics/_scorer.py", line 221, in __call__
    sample_weight=sample_weight,
  File "/home/brunok/miniconda3/envs/phenpred/lib/python3.7/site-packages/sklearn/metrics/_scorer.py", line 264, in _score
    return self._sign * self._score_func(y_true, y_pred, **self._kwargs)
  File "/home/brunok/miniconda3/envs/phenpred/lib/python3.7/site-packages/sklearn/metrics/_regression.py", line 790, in r2_score
    y_true, y_pred, multioutput
  File "/home/brunok/miniconda3/envs/phenpred/lib/python3.7/site-packages/sklearn/metrics/_regression.py", line 94, in _check_reg_targets
    check_consistent_length(y_true, y_pred)
  File "/home/brunok/miniconda3/envs/phenpred/lib/python3.7/site-packages/sklearn/utils/validation.py", line 334, in check_consistent_length
    % [int(l) for l in lengths]
ValueError: Found input variables with inconsistent numbers of samples: [101, 1]

  UserWarning,
/home/brunok/miniconda3/envs/phenpred/lib/python3.7/site-packages/sklearn/cross_decomposition/_pls.py:305: UserWarning: Y residual is constant at iteration 227
  warnings.warn(f"Y residual is constant at iteration {k}")
/home/brunok/miniconda3/envs/phenpred/lib/python3.7/site-packages/sklearn/cross_decomposition/_pls.py:305: UserWarning: Y residual is constant at iteration 226
  warnings.warn(f"Y residual is constant at iteration {k}")
/home/brunok/miniconda3/envs/phenpred/lib/python3.7/site-packages/sklearn/model_selection/_validation.py:774: UserWarning: Scoring failed. The score on this train-test partition for these parameters will be set to nan. Details: 
Traceback (most recent call last):
  File "/home/brunok/miniconda3/envs/phenpred/lib/python3.7/site-packages/sklearn/model_selection/_validation.py", line 761, in _score
    scores = scorer(estimator, X_test, y_test)
  File "/home/brunok/miniconda3/envs/phenpred/lib/python3.7/site-packages/sklearn/metrics/_scorer.py", line 221, in __call__
    sample_weight=sample_weight,
  File "/home/brunok/miniconda3/envs/phenpred/lib/python3.7/site-packages/sklearn/metrics/_scorer.py", line 264, in _score
    return self._sign * self._score_func(y_true, y_pred, **self._kwargs)
  File "/home/brunok/miniconda3/envs/phenpred/lib/python3.7/site-packages/sklearn/metrics/_regression.py", line 790, in r2_score
    y_true, y_pred, multioutput
  File "/home/brunok/miniconda3/envs/phenpred/lib/python3.7/site-packages/sklearn/metrics/_regression.py", line 94, in _check_reg_targets
    check_consistent_length(y_true, y_pred)
  File "/home/brunok/miniconda3/envs/phenpred/lib/python3.7/site-packages/sklearn/utils/validation.py", line 334, in check_consistent_length
    % [int(l) for l in lengths]
ValueError: Found input variables with inconsistent numbers of samples: [100, 1]

  UserWarning,
/home/brunok/miniconda3/envs/phenpred/lib/python3.7/site-packages/sklearn/model_selection/_validation.py:774: UserWarning: Scoring failed. The score on this train-test partition for these parameters will be set to nan. Details: 
Traceback (most recent call last):
  File "/home/brunok/miniconda3/envs/phenpred/lib/python3.7/site-packages/sklearn/model_selection/_validation.py", line 761, in _score
    scores = scorer(estimator, X_test, y_test)
  File "/home/brunok/miniconda3/envs/phenpred/lib/python3.7/site-packages/sklearn/metrics/_scorer.py", line 221, in __call__
    sample_weight=sample_weight,
  File "/home/brunok/miniconda3/envs/phenpred/lib/python3.7/site-packages/sklearn/metrics/_scorer.py", line 264, in _score
    return self._sign * self._score_func(y_true, y_pred, **self._kwargs)
  File "/home/brunok/miniconda3/envs/phenpred/lib/python3.7/site-packages/sklearn/metrics/_regression.py", line 790, in r2_score
    y_true, y_pred, multioutput
  File "/home/brunok/miniconda3/envs/phenpred/lib/python3.7/site-packages/sklearn/metrics/_regression.py", line 94, in _check_reg_targets
    check_consistent_length(y_true, y_pred)
  File "/home/brunok/miniconda3/envs/phenpred/lib/python3.7/site-packages/sklearn/utils/validation.py", line 334, in check_consistent_length
    % [int(l) for l in lengths]
ValueError: Found input variables with inconsistent numbers of samples: [100, 1]

  UserWarning,
/home/brunok/miniconda3/envs/phenpred/lib/python3.7/site-packages/sklearn/cross_decomposition/_pls.py:305: UserWarning: Y residual is constant at iteration 129
  warnings.warn(f"Y residual is constant at iteration {k}")
/home/brunok/miniconda3/envs/phenpred/lib/python3.7/site-packages/sklearn/cross_decomposition/_pls.py:305: UserWarning: Y residual is constant at iteration 128
  warnings.warn(f"Y residual is constant at iteration {k}")
/home/brunok/miniconda3/envs/phenpred/lib/python3.7/site-packages/sklearn/model_selection/_validation.py:774: UserWarning: Scoring failed. The score on this train-test partition for these parameters will be set to nan. Details: 
Traceback (most recent call last):
  File "/home/brunok/miniconda3/envs/phenpred/lib/python3.7/site-packages/sklearn/model_selection/_validation.py", line 761, in _score
    scores = scorer(estimator, X_test, y_test)
  File "/home/brunok/miniconda3/envs/phenpred/lib/python3.7/site-packages/sklearn/metrics/_scorer.py", line 221, in __call__
    sample_weight=sample_weight,
  File "/home/brunok/miniconda3/envs/phenpred/lib/python3.7/site-packages/sklearn/metrics/_scorer.py", line 264, in _score
    return self._sign * self._score_func(y_true, y_pred, **self._kwargs)
  File "/home/brunok/miniconda3/envs/phenpred/lib/python3.7/site-packages/sklearn/metrics/_regression.py", line 790, in r2_score
    y_true, y_pred, multioutput
  File "/home/brunok/miniconda3/envs/phenpred/lib/python3.7/site-packages/sklearn/metrics/_regression.py", line 94, in _check_reg_targets
    check_consistent_length(y_true, y_pred)
  File "/home/brunok/miniconda3/envs/phenpred/lib/python3.7/site-packages/sklearn/utils/validation.py", line 334, in check_consistent_length
    % [int(l) for l in lengths]
ValueError: Found input variables with inconsistent numbers of samples: [101, 1]

  UserWarning,
/home/brunok/miniconda3/envs/phenpred/lib/python3.7/site-packages/sklearn/model_selection/_validation.py:774: UserWarning: Scoring failed. The score on this train-test partition for these parameters will be set to nan. Details: 
Traceback (most recent call last):
  File "/home/brunok/miniconda3/envs/phenpred/lib/python3.7/site-packages/sklearn/model_selection/_validation.py", line 761, in _score
    scores = scorer(estimator, X_test, y_test)
  File "/home/brunok/miniconda3/envs/phenpred/lib/python3.7/site-packages/sklearn/metrics/_scorer.py", line 221, in __call__
    sample_weight=sample_weight,
  File "/home/brunok/miniconda3/envs/phenpred/lib/python3.7/site-packages/sklearn/metrics/_scorer.py", line 264, in _score
    return self._sign * self._score_func(y_true, y_pred, **self._kwargs)
  File "/home/brunok/miniconda3/envs/phenpred/lib/python3.7/site-packages/sklearn/metrics/_regression.py", line 790, in r2_score
    y_true, y_pred, multioutput
  File "/home/brunok/miniconda3/envs/phenpred/lib/python3.7/site-packages/sklearn/metrics/_regression.py", line 94, in _check_reg_targets
    check_consistent_length(y_true, y_pred)
  File "/home/brunok/miniconda3/envs/phenpred/lib/python3.7/site-packages/sklearn/utils/validation.py", line 334, in check_consistent_length
    % [int(l) for l in lengths]
ValueError: Found input variables with inconsistent numbers of samples: [101, 1]

  UserWarning,
/home/brunok/miniconda3/envs/phenpred/lib/python3.7/site-packages/sklearn/model_selection/_validation.py:774: UserWarning: Scoring failed. The score on this train-test partition for these parameters will be set to nan. Details: 
Traceback (most recent call last):
  File "/home/brunok/miniconda3/envs/phenpred/lib/python3.7/site-packages/sklearn/model_selection/_validation.py", line 761, in _score
    scores = scorer(estimator, X_test, y_test)
  File "/home/brunok/miniconda3/envs/phenpred/lib/python3.7/site-packages/sklearn/metrics/_scorer.py", line 221, in __call__
    sample_weight=sample_weight,
  File "/home/brunok/miniconda3/envs/phenpred/lib/python3.7/site-packages/sklearn/metrics/_scorer.py", line 264, in _score
    return self._sign * self._score_func(y_true, y_pred, **self._kwargs)
  File "/home/brunok/miniconda3/envs/phenpred/lib/python3.7/site-packages/sklearn/metrics/_regression.py", line 790, in r2_score
    y_true, y_pred, multioutput
  File "/home/brunok/miniconda3/envs/phenpred/lib/python3.7/site-packages/sklearn/metrics/_regression.py", line 94, in _check_reg_targets
    check_consistent_length(y_true, y_pred)
  File "/home/brunok/miniconda3/envs/phenpred/lib/python3.7/site-packages/sklearn/utils/validation.py", line 334, in check_consistent_length
    % [int(l) for l in lengths]
ValueError: Found input variables with inconsistent numbers of samples: [101, 1]

  UserWarning,
/home/brunok/miniconda3/envs/phenpred/lib/python3.7/site-packages/sklearn/model_selection/_validation.py:774: UserWarning: Scoring failed. The score on this train-test partition for these parameters will be set to nan. Details: 
Traceback (most recent call last):
  File "/home/brunok/miniconda3/envs/phenpred/lib/python3.7/site-packages/sklearn/model_selection/_validation.py", line 761, in _score
    scores = scorer(estimator, X_test, y_test)
  File "/home/brunok/miniconda3/envs/phenpred/lib/python3.7/site-packages/sklearn/metrics/_scorer.py", line 221, in __call__
    sample_weight=sample_weight,
  File "/home/brunok/miniconda3/envs/phenpred/lib/python3.7/site-packages/sklearn/metrics/_scorer.py", line 264, in _score
    return self._sign * self._score_func(y_true, y_pred, **self._kwargs)
  File "/home/brunok/miniconda3/envs/phenpred/lib/python3.7/site-packages/sklearn/metrics/_regression.py", line 790, in r2_score
    y_true, y_pred, multioutput
  File "/home/brunok/miniconda3/envs/phenpred/lib/python3.7/site-packages/sklearn/metrics/_regression.py", line 94, in _check_reg_targets
    check_consistent_length(y_true, y_pred)
  File "/home/brunok/miniconda3/envs/phenpred/lib/python3.7/site-packages/sklearn/utils/validation.py", line 334, in check_consistent_length
    % [int(l) for l in lengths]
ValueError: Found input variables with inconsistent numbers of samples: [101, 1]

  UserWarning,
/home/brunok/miniconda3/envs/phenpred/lib/python3.7/site-packages/sklearn/model_selection/_validation.py:774: UserWarning: Scoring failed. The score on this train-test partition for these parameters will be set to nan. Details: 
Traceback (most recent call last):
  File "/home/brunok/miniconda3/envs/phenpred/lib/python3.7/site-packages/sklearn/model_selection/_validation.py", line 761, in _score
    scores = scorer(estimator, X_test, y_test)
  File "/home/brunok/miniconda3/envs/phenpred/lib/python3.7/site-packages/sklearn/metrics/_scorer.py", line 221, in __call__
    sample_weight=sample_weight,
  File "/home/brunok/miniconda3/envs/phenpred/lib/python3.7/site-packages/sklearn/metrics/_scorer.py", line 264, in _score
    return self._sign * self._score_func(y_true, y_pred, **self._kwargs)
  File "/home/brunok/miniconda3/envs/phenpred/lib/python3.7/site-packages/sklearn/metrics/_regression.py", line 790, in r2_score
    y_true, y_pred, multioutput
  File "/home/brunok/miniconda3/envs/phenpred/lib/python3.7/site-packages/sklearn/metrics/_regression.py", line 94, in _check_reg_targets
    check_consistent_length(y_true, y_pred)
  File "/home/brunok/miniconda3/envs/phenpred/lib/python3.7/site-packages/sklearn/utils/validation.py", line 334, in check_consistent_length
    % [int(l) for l in lengths]
ValueError: Found input variables with inconsistent numbers of samples: [101, 1]

  UserWarning,
/home/brunok/miniconda3/envs/phenpred/lib/python3.7/site-packages/sklearn/model_selection/_validation.py:774: UserWarning: Scoring failed. The score on this train-test partition for these parameters will be set to nan. Details: 
Traceback (most recent call last):
  File "/home/brunok/miniconda3/envs/phenpred/lib/python3.7/site-packages/sklearn/model_selection/_validation.py", line 761, in _score
    scores = scorer(estimator, X_test, y_test)
  File "/home/brunok/miniconda3/envs/phenpred/lib/python3.7/site-packages/sklearn/metrics/_scorer.py", line 221, in __call__
    sample_weight=sample_weight,
  File "/home/brunok/miniconda3/envs/phenpred/lib/python3.7/site-packages/sklearn/metrics/_scorer.py", line 264, in _score
    return self._sign * self._score_func(y_true, y_pred, **self._kwargs)
  File "/home/brunok/miniconda3/envs/phenpred/lib/python3.7/site-packages/sklearn/metrics/_regression.py", line 790, in r2_score
    y_true, y_pred, multioutput
  File "/home/brunok/miniconda3/envs/phenpred/lib/python3.7/site-packages/sklearn/metrics/_regression.py", line 94, in _check_reg_targets
    check_consistent_length(y_true, y_pred)
  File "/home/brunok/miniconda3/envs/phenpred/lib/python3.7/site-packages/sklearn/utils/validation.py", line 334, in check_consistent_length
    % [int(l) for l in lengths]
ValueError: Found input variables with inconsistent numbers of samples: [101, 1]

  UserWarning,
/home/brunok/miniconda3/envs/phenpred/lib/python3.7/site-packages/sklearn/model_selection/_validation.py:774: UserWarning: Scoring failed. The score on this train-test partition for these parameters will be set to nan. Details: 
Traceback (most recent call last):
  File "/home/brunok/miniconda3/envs/phenpred/lib/python3.7/site-packages/sklearn/model_selection/_validation.py", line 761, in _score
    scores = scorer(estimator, X_test, y_test)
  File "/home/brunok/miniconda3/envs/phenpred/lib/python3.7/site-packages/sklearn/metrics/_scorer.py", line 221, in __call__
    sample_weight=sample_weight,
  File "/home/brunok/miniconda3/envs/phenpred/lib/python3.7/site-packages/sklearn/metrics/_scorer.py", line 264, in _score
    return self._sign * self._score_func(y_true, y_pred, **self._kwargs)
  File "/home/brunok/miniconda3/envs/phenpred/lib/python3.7/site-packages/sklearn/metrics/_regression.py", line 790, in r2_score
    y_true, y_pred, multioutput
  File "/home/brunok/miniconda3/envs/phenpred/lib/python3.7/site-packages/sklearn/metrics/_regression.py", line 94, in _check_reg_targets
    check_consistent_length(y_true, y_pred)
  File "/home/brunok/miniconda3/envs/phenpred/lib/python3.7/site-packages/sklearn/utils/validation.py", line 334, in check_consistent_length
    % [int(l) for l in lengths]
ValueError: Found input variables with inconsistent numbers of samples: [100, 1]

  UserWarning,
/home/brunok/miniconda3/envs/phenpred/lib/python3.7/site-packages/sklearn/model_selection/_validation.py:774: UserWarning: Scoring failed. The score on this train-test partition for these parameters will be set to nan. Details: 
Traceback (most recent call last):
  File "/home/brunok/miniconda3/envs/phenpred/lib/python3.7/site-packages/sklearn/model_selection/_validation.py", line 761, in _score
    scores = scorer(estimator, X_test, y_test)
  File "/home/brunok/miniconda3/envs/phenpred/lib/python3.7/site-packages/sklearn/metrics/_scorer.py", line 221, in __call__
    sample_weight=sample_weight,
  File "/home/brunok/miniconda3/envs/phenpred/lib/python3.7/site-packages/sklearn/metrics/_scorer.py", line 264, in _score
    return self._sign * self._score_func(y_true, y_pred, **self._kwargs)
  File "/home/brunok/miniconda3/envs/phenpred/lib/python3.7/site-packages/sklearn/metrics/_regression.py", line 790, in r2_score
    y_true, y_pred, multioutput
  File "/home/brunok/miniconda3/envs/phenpred/lib/python3.7/site-packages/sklearn/metrics/_regression.py", line 94, in _check_reg_targets
    check_consistent_length(y_true, y_pred)
  File "/home/brunok/miniconda3/envs/phenpred/lib/python3.7/site-packages/sklearn/utils/validation.py", line 334, in check_consistent_length
    % [int(l) for l in lengths]
ValueError: Found input variables with inconsistent numbers of samples: [100, 1]

  UserWarning,
/home/brunok/miniconda3/envs/phenpred/lib/python3.7/site-packages/sklearn/model_selection/_validation.py:774: UserWarning: Scoring failed. The score on this train-test partition for these parameters will be set to nan. Details: 
Traceback (most recent call last):
  File "/home/brunok/miniconda3/envs/phenpred/lib/python3.7/site-packages/sklearn/model_selection/_validation.py", line 761, in _score
    scores = scorer(estimator, X_test, y_test)
  File "/home/brunok/miniconda3/envs/phenpred/lib/python3.7/site-packages/sklearn/metrics/_scorer.py", line 221, in __call__
    sample_weight=sample_weight,
  File "/home/brunok/miniconda3/envs/phenpred/lib/python3.7/site-packages/sklearn/metrics/_scorer.py", line 264, in _score
    return self._sign * self._score_func(y_true, y_pred, **self._kwargs)
  File "/home/brunok/miniconda3/envs/phenpred/lib/python3.7/site-packages/sklearn/metrics/_regression.py", line 790, in r2_score
    y_true, y_pred, multioutput
  File "/home/brunok/miniconda3/envs/phenpred/lib/python3.7/site-packages/sklearn/metrics/_regression.py", line 94, in _check_reg_targets
    check_consistent_length(y_true, y_pred)
  File "/home/brunok/miniconda3/envs/phenpred/lib/python3.7/site-packages/sklearn/utils/validation.py", line 334, in check_consistent_length
    % [int(l) for l in lengths]
ValueError: Found input variables with inconsistent numbers of samples: [101, 1]

  UserWarning,
/home/brunok/miniconda3/envs/phenpred/lib/python3.7/site-packages/sklearn/model_selection/_validation.py:774: UserWarning: Scoring failed. The score on this train-test partition for these parameters will be set to nan. Details: 
Traceback (most recent call last):
  File "/home/brunok/miniconda3/envs/phenpred/lib/python3.7/site-packages/sklearn/model_selection/_validation.py", line 761, in _score
    scores = scorer(estimator, X_test, y_test)
  File "/home/brunok/miniconda3/envs/phenpred/lib/python3.7/site-packages/sklearn/metrics/_scorer.py", line 221, in __call__
    sample_weight=sample_weight,
  File "/home/brunok/miniconda3/envs/phenpred/lib/python3.7/site-packages/sklearn/metrics/_scorer.py", line 264, in _score
    return self._sign * self._score_func(y_true, y_pred, **self._kwargs)
  File "/home/brunok/miniconda3/envs/phenpred/lib/python3.7/site-packages/sklearn/metrics/_regression.py", line 790, in r2_score
    y_true, y_pred, multioutput
  File "/home/brunok/miniconda3/envs/phenpred/lib/python3.7/site-packages/sklearn/metrics/_regression.py", line 94, in _check_reg_targets
    check_consistent_length(y_true, y_pred)
  File "/home/brunok/miniconda3/envs/phenpred/lib/python3.7/site-packages/sklearn/utils/validation.py", line 334, in check_consistent_length
    % [int(l) for l in lengths]
ValueError: Found input variables with inconsistent numbers of samples: [101, 1]

  UserWarning,
/home/brunok/miniconda3/envs/phenpred/lib/python3.7/site-packages/sklearn/model_selection/_validation.py:774: UserWarning: Scoring failed. The score on this train-test partition for these parameters will be set to nan. Details: 
Traceback (most recent call last):
  File "/home/brunok/miniconda3/envs/phenpred/lib/python3.7/site-packages/sklearn/model_selection/_validation.py", line 761, in _score
    scores = scorer(estimator, X_test, y_test)
  File "/home/brunok/miniconda3/envs/phenpred/lib/python3.7/site-packages/sklearn/metrics/_scorer.py", line 221, in __call__
    sample_weight=sample_weight,
  File "/home/brunok/miniconda3/envs/phenpred/lib/python3.7/site-packages/sklearn/metrics/_scorer.py", line 264, in _score
    return self._sign * self._score_func(y_true, y_pred, **self._kwargs)
  File "/home/brunok/miniconda3/envs/phenpred/lib/python3.7/site-packages/sklearn/metrics/_regression.py", line 790, in r2_score
    y_true, y_pred, multioutput
  File "/home/brunok/miniconda3/envs/phenpred/lib/python3.7/site-packages/sklearn/metrics/_regression.py", line 94, in _check_reg_targets
    check_consistent_length(y_true, y_pred)
  File "/home/brunok/miniconda3/envs/phenpred/lib/python3.7/site-packages/sklearn/utils/validation.py", line 334, in check_consistent_length
    % [int(l) for l in lengths]
ValueError: Found input variables with inconsistent numbers of samples: [100, 1]

  UserWarning,
/home/brunok/miniconda3/envs/phenpred/lib/python3.7/site-packages/sklearn/model_selection/_validation.py:774: UserWarning: Scoring failed. The score on this train-test partition for these parameters will be set to nan. Details: 
Traceback (most recent call last):
  File "/home/brunok/miniconda3/envs/phenpred/lib/python3.7/site-packages/sklearn/model_selection/_validation.py", line 761, in _score
    scores = scorer(estimator, X_test, y_test)
  File "/home/brunok/miniconda3/envs/phenpred/lib/python3.7/site-packages/sklearn/metrics/_scorer.py", line 221, in __call__
    sample_weight=sample_weight,
  File "/home/brunok/miniconda3/envs/phenpred/lib/python3.7/site-packages/sklearn/metrics/_scorer.py", line 264, in _score
    return self._sign * self._score_func(y_true, y_pred, **self._kwargs)
  File "/home/brunok/miniconda3/envs/phenpred/lib/python3.7/site-packages/sklearn/metrics/_regression.py", line 790, in r2_score
    y_true, y_pred, multioutput
  File "/home/brunok/miniconda3/envs/phenpred/lib/python3.7/site-packages/sklearn/metrics/_regression.py", line 94, in _check_reg_targets
    check_consistent_length(y_true, y_pred)
  File "/home/brunok/miniconda3/envs/phenpred/lib/python3.7/site-packages/sklearn/utils/validation.py", line 334, in check_consistent_length
    % [int(l) for l in lengths]
ValueError: Found input variables with inconsistent numbers of samples: [101, 1]

  UserWarning,
/home/brunok/miniconda3/envs/phenpred/lib/python3.7/site-packages/sklearn/cross_decomposition/_pls.py:305: UserWarning: Y residual is constant at iteration 129
  warnings.warn(f"Y residual is constant at iteration {k}")
/home/brunok/miniconda3/envs/phenpred/lib/python3.7/site-packages/sklearn/cross_decomposition/_pls.py:305: UserWarning: Y residual is constant at iteration 128
  warnings.warn(f"Y residual is constant at iteration {k}")
/home/brunok/miniconda3/envs/phenpred/lib/python3.7/site-packages/sklearn/model_selection/_validation.py:774: UserWarning: Scoring failed. The score on this train-test partition for these parameters will be set to nan. Details: 
Traceback (most recent call last):
  File "/home/brunok/miniconda3/envs/phenpred/lib/python3.7/site-packages/sklearn/model_selection/_validation.py", line 761, in _score
    scores = scorer(estimator, X_test, y_test)
  File "/home/brunok/miniconda3/envs/phenpred/lib/python3.7/site-packages/sklearn/metrics/_scorer.py", line 221, in __call__
    sample_weight=sample_weight,
  File "/home/brunok/miniconda3/envs/phenpred/lib/python3.7/site-packages/sklearn/metrics/_scorer.py", line 264, in _score
    return self._sign * self._score_func(y_true, y_pred, **self._kwargs)
  File "/home/brunok/miniconda3/envs/phenpred/lib/python3.7/site-packages/sklearn/metrics/_regression.py", line 790, in r2_score
    y_true, y_pred, multioutput
  File "/home/brunok/miniconda3/envs/phenpred/lib/python3.7/site-packages/sklearn/metrics/_regression.py", line 94, in _check_reg_targets
    check_consistent_length(y_true, y_pred)
  File "/home/brunok/miniconda3/envs/phenpred/lib/python3.7/site-packages/sklearn/utils/validation.py", line 334, in check_consistent_length
    % [int(l) for l in lengths]
ValueError: Found input variables with inconsistent numbers of samples: [101, 1]

  UserWarning,
/home/brunok/miniconda3/envs/phenpred/lib/python3.7/site-packages/sklearn/model_selection/_validation.py:774: UserWarning: Scoring failed. The score on this train-test partition for these parameters will be set to nan. Details: 
Traceback (most recent call last):
  File "/home/brunok/miniconda3/envs/phenpred/lib/python3.7/site-packages/sklearn/model_selection/_validation.py", line 761, in _score
    scores = scorer(estimator, X_test, y_test)
  File "/home/brunok/miniconda3/envs/phenpred/lib/python3.7/site-packages/sklearn/metrics/_scorer.py", line 221, in __call__
    sample_weight=sample_weight,
  File "/home/brunok/miniconda3/envs/phenpred/lib/python3.7/site-packages/sklearn/metrics/_scorer.py", line 264, in _score
    return self._sign * self._score_func(y_true, y_pred, **self._kwargs)
  File "/home/brunok/miniconda3/envs/phenpred/lib/python3.7/site-packages/sklearn/metrics/_regression.py", line 790, in r2_score
    y_true, y_pred, multioutput
  File "/home/brunok/miniconda3/envs/phenpred/lib/python3.7/site-packages/sklearn/metrics/_regression.py", line 94, in _check_reg_targets
    check_consistent_length(y_true, y_pred)
  File "/home/brunok/miniconda3/envs/phenpred/lib/python3.7/site-packages/sklearn/utils/validation.py", line 334, in check_consistent_length
    % [int(l) for l in lengths]
ValueError: Found input variables with inconsistent numbers of samples: [101, 1]

  UserWarning,
/home/brunok/miniconda3/envs/phenpred/lib/python3.7/site-packages/sklearn/model_selection/_validation.py:774: UserWarning: Scoring failed. The score on this train-test partition for these parameters will be set to nan. Details: 
Traceback (most recent call last):
  File "/home/brunok/miniconda3/envs/phenpred/lib/python3.7/site-packages/sklearn/model_selection/_validation.py", line 761, in _score
    scores = scorer(estimator, X_test, y_test)
  File "/home/brunok/miniconda3/envs/phenpred/lib/python3.7/site-packages/sklearn/metrics/_scorer.py", line 221, in __call__
    sample_weight=sample_weight,
  File "/home/brunok/miniconda3/envs/phenpred/lib/python3.7/site-packages/sklearn/metrics/_scorer.py", line 264, in _score
    return self._sign * self._score_func(y_true, y_pred, **self._kwargs)
  File "/home/brunok/miniconda3/envs/phenpred/lib/python3.7/site-packages/sklearn/metrics/_regression.py", line 790, in r2_score
    y_true, y_pred, multioutput
  File "/home/brunok/miniconda3/envs/phenpred/lib/python3.7/site-packages/sklearn/metrics/_regression.py", line 94, in _check_reg_targets
    check_consistent_length(y_true, y_pred)
  File "/home/brunok/miniconda3/envs/phenpred/lib/python3.7/site-packages/sklearn/utils/validation.py", line 334, in check_consistent_length
    % [int(l) for l in lengths]
ValueError: Found input variables with inconsistent numbers of samples: [101, 1]

  UserWarning,
/home/brunok/miniconda3/envs/phenpred/lib/python3.7/site-packages/sklearn/model_selection/_validation.py:774: UserWarning: Scoring failed. The score on this train-test partition for these parameters will be set to nan. Details: 
Traceback (most recent call last):
  File "/home/brunok/miniconda3/envs/phenpred/lib/python3.7/site-packages/sklearn/model_selection/_validation.py", line 761, in _score
    scores = scorer(estimator, X_test, y_test)
  File "/home/brunok/miniconda3/envs/phenpred/lib/python3.7/site-packages/sklearn/metrics/_scorer.py", line 221, in __call__
    sample_weight=sample_weight,
  File "/home/brunok/miniconda3/envs/phenpred/lib/python3.7/site-packages/sklearn/metrics/_scorer.py", line 264, in _score
    return self._sign * self._score_func(y_true, y_pred, **self._kwargs)
  File "/home/brunok/miniconda3/envs/phenpred/lib/python3.7/site-packages/sklearn/metrics/_regression.py", line 790, in r2_score
    y_true, y_pred, multioutput
  File "/home/brunok/miniconda3/envs/phenpred/lib/python3.7/site-packages/sklearn/metrics/_regression.py", line 94, in _check_reg_targets
    check_consistent_length(y_true, y_pred)
  File "/home/brunok/miniconda3/envs/phenpred/lib/python3.7/site-packages/sklearn/utils/validation.py", line 334, in check_consistent_length
    % [int(l) for l in lengths]
ValueError: Found input variables with inconsistent numbers of samples: [100, 1]

  UserWarning,
/home/brunok/miniconda3/envs/phenpred/lib/python3.7/site-packages/sklearn/model_selection/_validation.py:774: UserWarning: Scoring failed. The score on this train-test partition for these parameters will be set to nan. Details: 
Traceback (most recent call last):
  File "/home/brunok/miniconda3/envs/phenpred/lib/python3.7/site-packages/sklearn/model_selection/_validation.py", line 761, in _score
    scores = scorer(estimator, X_test, y_test)
  File "/home/brunok/miniconda3/envs/phenpred/lib/python3.7/site-packages/sklearn/metrics/_scorer.py", line 221, in __call__
    sample_weight=sample_weight,
  File "/home/brunok/miniconda3/envs/phenpred/lib/python3.7/site-packages/sklearn/metrics/_scorer.py", line 264, in _score
    return self._sign * self._score_func(y_true, y_pred, **self._kwargs)
  File "/home/brunok/miniconda3/envs/phenpred/lib/python3.7/site-packages/sklearn/metrics/_regression.py", line 790, in r2_score
    y_true, y_pred, multioutput
  File "/home/brunok/miniconda3/envs/phenpred/lib/python3.7/site-packages/sklearn/metrics/_regression.py", line 94, in _check_reg_targets
    check_consistent_length(y_true, y_pred)
  File "/home/brunok/miniconda3/envs/phenpred/lib/python3.7/site-packages/sklearn/utils/validation.py", line 334, in check_consistent_length
    % [int(l) for l in lengths]
ValueError: Found input variables with inconsistent numbers of samples: [101, 1]

  UserWarning,
/home/brunok/miniconda3/envs/phenpred/lib/python3.7/site-packages/sklearn/model_selection/_validation.py:774: UserWarning: Scoring failed. The score on this train-test partition for these parameters will be set to nan. Details: 
Traceback (most recent call last):
  File "/home/brunok/miniconda3/envs/phenpred/lib/python3.7/site-packages/sklearn/model_selection/_validation.py", line 761, in _score
    scores = scorer(estimator, X_test, y_test)
  File "/home/brunok/miniconda3/envs/phenpred/lib/python3.7/site-packages/sklearn/metrics/_scorer.py", line 221, in __call__
    sample_weight=sample_weight,
  File "/home/brunok/miniconda3/envs/phenpred/lib/python3.7/site-packages/sklearn/metrics/_scorer.py", line 264, in _score
    return self._sign * self._score_func(y_true, y_pred, **self._kwargs)
  File "/home/brunok/miniconda3/envs/phenpred/lib/python3.7/site-packages/sklearn/metrics/_regression.py", line 790, in r2_score
    y_true, y_pred, multioutput
  File "/home/brunok/miniconda3/envs/phenpred/lib/python3.7/site-packages/sklearn/metrics/_regression.py", line 94, in _check_reg_targets
    check_consistent_length(y_true, y_pred)
  File "/home/brunok/miniconda3/envs/phenpred/lib/python3.7/site-packages/sklearn/utils/validation.py", line 334, in check_consistent_length
    % [int(l) for l in lengths]
ValueError: Found input variables with inconsistent numbers of samples: [101, 1]

  UserWarning,
/home/brunok/miniconda3/envs/phenpred/lib/python3.7/site-packages/sklearn/cross_decomposition/_pls.py:305: UserWarning: Y residual is constant at iteration 216
  warnings.warn(f"Y residual is constant at iteration {k}")
/home/brunok/miniconda3/envs/phenpred/lib/python3.7/site-packages/sklearn/cross_decomposition/_pls.py:305: UserWarning: Y residual is constant at iteration 216
  warnings.warn(f"Y residual is constant at iteration {k}")
/home/brunok/miniconda3/envs/phenpred/lib/python3.7/site-packages/sklearn/model_selection/_validation.py:774: UserWarning: Scoring failed. The score on this train-test partition for these parameters will be set to nan. Details: 
Traceback (most recent call last):
  File "/home/brunok/miniconda3/envs/phenpred/lib/python3.7/site-packages/sklearn/model_selection/_validation.py", line 761, in _score
    scores = scorer(estimator, X_test, y_test)
  File "/home/brunok/miniconda3/envs/phenpred/lib/python3.7/site-packages/sklearn/metrics/_scorer.py", line 221, in __call__
    sample_weight=sample_weight,
  File "/home/brunok/miniconda3/envs/phenpred/lib/python3.7/site-packages/sklearn/metrics/_scorer.py", line 264, in _score
    return self._sign * self._score_func(y_true, y_pred, **self._kwargs)
  File "/home/brunok/miniconda3/envs/phenpred/lib/python3.7/site-packages/sklearn/metrics/_regression.py", line 790, in r2_score
    y_true, y_pred, multioutput
  File "/home/brunok/miniconda3/envs/phenpred/lib/python3.7/site-packages/sklearn/metrics/_regression.py", line 94, in _check_reg_targets
    check_consistent_length(y_true, y_pred)
  File "/home/brunok/miniconda3/envs/phenpred/lib/python3.7/site-packages/sklearn/utils/validation.py", line 334, in check_consistent_length
    % [int(l) for l in lengths]
ValueError: Found input variables with inconsistent numbers of samples: [100, 1]

  UserWarning,
/home/brunok/miniconda3/envs/phenpred/lib/python3.7/site-packages/sklearn/model_selection/_validation.py:774: UserWarning: Scoring failed. The score on this train-test partition for these parameters will be set to nan. Details: 
Traceback (most recent call last):
  File "/home/brunok/miniconda3/envs/phenpred/lib/python3.7/site-packages/sklearn/model_selection/_validation.py", line 761, in _score
    scores = scorer(estimator, X_test, y_test)
  File "/home/brunok/miniconda3/envs/phenpred/lib/python3.7/site-packages/sklearn/metrics/_scorer.py", line 221, in __call__
    sample_weight=sample_weight,
  File "/home/brunok/miniconda3/envs/phenpred/lib/python3.7/site-packages/sklearn/metrics/_scorer.py", line 264, in _score
    return self._sign * self._score_func(y_true, y_pred, **self._kwargs)
  File "/home/brunok/miniconda3/envs/phenpred/lib/python3.7/site-packages/sklearn/metrics/_regression.py", line 790, in r2_score
    y_true, y_pred, multioutput
  File "/home/brunok/miniconda3/envs/phenpred/lib/python3.7/site-packages/sklearn/metrics/_regression.py", line 94, in _check_reg_targets
    check_consistent_length(y_true, y_pred)
  File "/home/brunok/miniconda3/envs/phenpred/lib/python3.7/site-packages/sklearn/utils/validation.py", line 334, in check_consistent_length
    % [int(l) for l in lengths]
ValueError: Found input variables with inconsistent numbers of samples: [101, 1]

  UserWarning,
/home/brunok/miniconda3/envs/phenpred/lib/python3.7/site-packages/sklearn/cross_decomposition/_pls.py:305: UserWarning: Y residual is constant at iteration 230
  warnings.warn(f"Y residual is constant at iteration {k}")
/home/brunok/miniconda3/envs/phenpred/lib/python3.7/site-packages/sklearn/cross_decomposition/_pls.py:305: UserWarning: Y residual is constant at iteration 229
  warnings.warn(f"Y residual is constant at iteration {k}")
/home/brunok/miniconda3/envs/phenpred/lib/python3.7/site-packages/sklearn/model_selection/_validation.py:774: UserWarning: Scoring failed. The score on this train-test partition for these parameters will be set to nan. Details: 
Traceback (most recent call last):
  File "/home/brunok/miniconda3/envs/phenpred/lib/python3.7/site-packages/sklearn/model_selection/_validation.py", line 761, in _score
    scores = scorer(estimator, X_test, y_test)
  File "/home/brunok/miniconda3/envs/phenpred/lib/python3.7/site-packages/sklearn/metrics/_scorer.py", line 221, in __call__
    sample_weight=sample_weight,
  File "/home/brunok/miniconda3/envs/phenpred/lib/python3.7/site-packages/sklearn/metrics/_scorer.py", line 264, in _score
    return self._sign * self._score_func(y_true, y_pred, **self._kwargs)
  File "/home/brunok/miniconda3/envs/phenpred/lib/python3.7/site-packages/sklearn/metrics/_regression.py", line 790, in r2_score
    y_true, y_pred, multioutput
  File "/home/brunok/miniconda3/envs/phenpred/lib/python3.7/site-packages/sklearn/metrics/_regression.py", line 94, in _check_reg_targets
    check_consistent_length(y_true, y_pred)
  File "/home/brunok/miniconda3/envs/phenpred/lib/python3.7/site-packages/sklearn/utils/validation.py", line 334, in check_consistent_length
    % [int(l) for l in lengths]
ValueError: Found input variables with inconsistent numbers of samples: [101, 1]

  UserWarning,
/home/brunok/miniconda3/envs/phenpred/lib/python3.7/site-packages/sklearn/model_selection/_validation.py:774: UserWarning: Scoring failed. The score on this train-test partition for these parameters will be set to nan. Details: 
Traceback (most recent call last):
  File "/home/brunok/miniconda3/envs/phenpred/lib/python3.7/site-packages/sklearn/model_selection/_validation.py", line 761, in _score
    scores = scorer(estimator, X_test, y_test)
  File "/home/brunok/miniconda3/envs/phenpred/lib/python3.7/site-packages/sklearn/metrics/_scorer.py", line 221, in __call__
    sample_weight=sample_weight,
  File "/home/brunok/miniconda3/envs/phenpred/lib/python3.7/site-packages/sklearn/metrics/_scorer.py", line 264, in _score
    return self._sign * self._score_func(y_true, y_pred, **self._kwargs)
  File "/home/brunok/miniconda3/envs/phenpred/lib/python3.7/site-packages/sklearn/metrics/_regression.py", line 790, in r2_score
    y_true, y_pred, multioutput
  File "/home/brunok/miniconda3/envs/phenpred/lib/python3.7/site-packages/sklearn/metrics/_regression.py", line 94, in _check_reg_targets
    check_consistent_length(y_true, y_pred)
  File "/home/brunok/miniconda3/envs/phenpred/lib/python3.7/site-packages/sklearn/utils/validation.py", line 334, in check_consistent_length
    % [int(l) for l in lengths]
ValueError: Found input variables with inconsistent numbers of samples: [100, 1]

  UserWarning,
/home/brunok/miniconda3/envs/phenpred/lib/python3.7/site-packages/sklearn/model_selection/_validation.py:774: UserWarning: Scoring failed. The score on this train-test partition for these parameters will be set to nan. Details: 
Traceback (most recent call last):
  File "/home/brunok/miniconda3/envs/phenpred/lib/python3.7/site-packages/sklearn/model_selection/_validation.py", line 761, in _score
    scores = scorer(estimator, X_test, y_test)
  File "/home/brunok/miniconda3/envs/phenpred/lib/python3.7/site-packages/sklearn/metrics/_scorer.py", line 221, in __call__
    sample_weight=sample_weight,
  File "/home/brunok/miniconda3/envs/phenpred/lib/python3.7/site-packages/sklearn/metrics/_scorer.py", line 264, in _score
    return self._sign * self._score_func(y_true, y_pred, **self._kwargs)
  File "/home/brunok/miniconda3/envs/phenpred/lib/python3.7/site-packages/sklearn/metrics/_regression.py", line 790, in r2_score
    y_true, y_pred, multioutput
  File "/home/brunok/miniconda3/envs/phenpred/lib/python3.7/site-packages/sklearn/metrics/_regression.py", line 94, in _check_reg_targets
    check_consistent_length(y_true, y_pred)
  File "/home/brunok/miniconda3/envs/phenpred/lib/python3.7/site-packages/sklearn/utils/validation.py", line 334, in check_consistent_length
    % [int(l) for l in lengths]
ValueError: Found input variables with inconsistent numbers of samples: [101, 1]

  UserWarning,
/home/brunok/miniconda3/envs/phenpred/lib/python3.7/site-packages/sklearn/model_selection/_validation.py:774: UserWarning: Scoring failed. The score on this train-test partition for these parameters will be set to nan. Details: 
Traceback (most recent call last):
  File "/home/brunok/miniconda3/envs/phenpred/lib/python3.7/site-packages/sklearn/model_selection/_validation.py", line 761, in _score
    scores = scorer(estimator, X_test, y_test)
  File "/home/brunok/miniconda3/envs/phenpred/lib/python3.7/site-packages/sklearn/metrics/_scorer.py", line 221, in __call__
    sample_weight=sample_weight,
  File "/home/brunok/miniconda3/envs/phenpred/lib/python3.7/site-packages/sklearn/metrics/_scorer.py", line 264, in _score
    return self._sign * self._score_func(y_true, y_pred, **self._kwargs)
  File "/home/brunok/miniconda3/envs/phenpred/lib/python3.7/site-packages/sklearn/metrics/_regression.py", line 790, in r2_score
    y_true, y_pred, multioutput
  File "/home/brunok/miniconda3/envs/phenpred/lib/python3.7/site-packages/sklearn/metrics/_regression.py", line 94, in _check_reg_targets
    check_consistent_length(y_true, y_pred)
  File "/home/brunok/miniconda3/envs/phenpred/lib/python3.7/site-packages/sklearn/utils/validation.py", line 334, in check_consistent_length
    % [int(l) for l in lengths]
ValueError: Found input variables with inconsistent numbers of samples: [100, 1]

  UserWarning,
/home/brunok/miniconda3/envs/phenpred/lib/python3.7/site-packages/sklearn/cross_decomposition/_pls.py:305: UserWarning: Y residual is constant at iteration 216
  warnings.warn(f"Y residual is constant at iteration {k}")
/home/brunok/miniconda3/envs/phenpred/lib/python3.7/site-packages/sklearn/cross_decomposition/_pls.py:305: UserWarning: Y residual is constant at iteration 216
  warnings.warn(f"Y residual is constant at iteration {k}")
/home/brunok/miniconda3/envs/phenpred/lib/python3.7/site-packages/sklearn/model_selection/_validation.py:774: UserWarning: Scoring failed. The score on this train-test partition for these parameters will be set to nan. Details: 
Traceback (most recent call last):
  File "/home/brunok/miniconda3/envs/phenpred/lib/python3.7/site-packages/sklearn/model_selection/_validation.py", line 761, in _score
    scores = scorer(estimator, X_test, y_test)
  File "/home/brunok/miniconda3/envs/phenpred/lib/python3.7/site-packages/sklearn/metrics/_scorer.py", line 221, in __call__
    sample_weight=sample_weight,
  File "/home/brunok/miniconda3/envs/phenpred/lib/python3.7/site-packages/sklearn/metrics/_scorer.py", line 264, in _score
    return self._sign * self._score_func(y_true, y_pred, **self._kwargs)
  File "/home/brunok/miniconda3/envs/phenpred/lib/python3.7/site-packages/sklearn/metrics/_regression.py", line 790, in r2_score
    y_true, y_pred, multioutput
  File "/home/brunok/miniconda3/envs/phenpred/lib/python3.7/site-packages/sklearn/metrics/_regression.py", line 94, in _check_reg_targets
    check_consistent_length(y_true, y_pred)
  File "/home/brunok/miniconda3/envs/phenpred/lib/python3.7/site-packages/sklearn/utils/validation.py", line 334, in check_consistent_length
    % [int(l) for l in lengths]
ValueError: Found input variables with inconsistent numbers of samples: [100, 1]

  UserWarning,
/home/brunok/miniconda3/envs/phenpred/lib/python3.7/site-packages/sklearn/model_selection/_validation.py:774: UserWarning: Scoring failed. The score on this train-test partition for these parameters will be set to nan. Details: 
Traceback (most recent call last):
  File "/home/brunok/miniconda3/envs/phenpred/lib/python3.7/site-packages/sklearn/model_selection/_validation.py", line 761, in _score
    scores = scorer(estimator, X_test, y_test)
  File "/home/brunok/miniconda3/envs/phenpred/lib/python3.7/site-packages/sklearn/metrics/_scorer.py", line 221, in __call__
    sample_weight=sample_weight,
  File "/home/brunok/miniconda3/envs/phenpred/lib/python3.7/site-packages/sklearn/metrics/_scorer.py", line 264, in _score
    return self._sign * self._score_func(y_true, y_pred, **self._kwargs)
  File "/home/brunok/miniconda3/envs/phenpred/lib/python3.7/site-packages/sklearn/metrics/_regression.py", line 790, in r2_score
    y_true, y_pred, multioutput
  File "/home/brunok/miniconda3/envs/phenpred/lib/python3.7/site-packages/sklearn/metrics/_regression.py", line 94, in _check_reg_targets
    check_consistent_length(y_true, y_pred)
  File "/home/brunok/miniconda3/envs/phenpred/lib/python3.7/site-packages/sklearn/utils/validation.py", line 334, in check_consistent_length
    % [int(l) for l in lengths]
ValueError: Found input variables with inconsistent numbers of samples: [101, 1]

  UserWarning,
/home/brunok/miniconda3/envs/phenpred/lib/python3.7/site-packages/sklearn/model_selection/_validation.py:774: UserWarning: Scoring failed. The score on this train-test partition for these parameters will be set to nan. Details: 
Traceback (most recent call last):
  File "/home/brunok/miniconda3/envs/phenpred/lib/python3.7/site-packages/sklearn/model_selection/_validation.py", line 761, in _score
    scores = scorer(estimator, X_test, y_test)
  File "/home/brunok/miniconda3/envs/phenpred/lib/python3.7/site-packages/sklearn/metrics/_scorer.py", line 221, in __call__
    sample_weight=sample_weight,
  File "/home/brunok/miniconda3/envs/phenpred/lib/python3.7/site-packages/sklearn/metrics/_scorer.py", line 264, in _score
    return self._sign * self._score_func(y_true, y_pred, **self._kwargs)
  File "/home/brunok/miniconda3/envs/phenpred/lib/python3.7/site-packages/sklearn/metrics/_regression.py", line 790, in r2_score
    y_true, y_pred, multioutput
  File "/home/brunok/miniconda3/envs/phenpred/lib/python3.7/site-packages/sklearn/metrics/_regression.py", line 94, in _check_reg_targets
    check_consistent_length(y_true, y_pred)
  File "/home/brunok/miniconda3/envs/phenpred/lib/python3.7/site-packages/sklearn/utils/validation.py", line 334, in check_consistent_length
    % [int(l) for l in lengths]
ValueError: Found input variables with inconsistent numbers of samples: [100, 1]

  UserWarning,
/home/brunok/miniconda3/envs/phenpred/lib/python3.7/site-packages/sklearn/model_selection/_validation.py:774: UserWarning: Scoring failed. The score on this train-test partition for these parameters will be set to nan. Details: 
Traceback (most recent call last):
  File "/home/brunok/miniconda3/envs/phenpred/lib/python3.7/site-packages/sklearn/model_selection/_validation.py", line 761, in _score
    scores = scorer(estimator, X_test, y_test)
  File "/home/brunok/miniconda3/envs/phenpred/lib/python3.7/site-packages/sklearn/metrics/_scorer.py", line 221, in __call__
    sample_weight=sample_weight,
  File "/home/brunok/miniconda3/envs/phenpred/lib/python3.7/site-packages/sklearn/metrics/_scorer.py", line 264, in _score
    return self._sign * self._score_func(y_true, y_pred, **self._kwargs)
  File "/home/brunok/miniconda3/envs/phenpred/lib/python3.7/site-packages/sklearn/metrics/_regression.py", line 790, in r2_score
    y_true, y_pred, multioutput
  File "/home/brunok/miniconda3/envs/phenpred/lib/python3.7/site-packages/sklearn/metrics/_regression.py", line 94, in _check_reg_targets
    check_consistent_length(y_true, y_pred)
  File "/home/brunok/miniconda3/envs/phenpred/lib/python3.7/site-packages/sklearn/utils/validation.py", line 334, in check_consistent_length
    % [int(l) for l in lengths]
ValueError: Found input variables with inconsistent numbers of samples: [101, 1]

  UserWarning,
/home/brunok/miniconda3/envs/phenpred/lib/python3.7/site-packages/sklearn/model_selection/_validation.py:774: UserWarning: Scoring failed. The score on this train-test partition for these parameters will be set to nan. Details: 
Traceback (most recent call last):
  File "/home/brunok/miniconda3/envs/phenpred/lib/python3.7/site-packages/sklearn/model_selection/_validation.py", line 761, in _score
    scores = scorer(estimator, X_test, y_test)
  File "/home/brunok/miniconda3/envs/phenpred/lib/python3.7/site-packages/sklearn/metrics/_scorer.py", line 221, in __call__
    sample_weight=sample_weight,
  File "/home/brunok/miniconda3/envs/phenpred/lib/python3.7/site-packages/sklearn/metrics/_scorer.py", line 264, in _score
    return self._sign * self._score_func(y_true, y_pred, **self._kwargs)
  File "/home/brunok/miniconda3/envs/phenpred/lib/python3.7/site-packages/sklearn/metrics/_regression.py", line 790, in r2_score
    y_true, y_pred, multioutput
  File "/home/brunok/miniconda3/envs/phenpred/lib/python3.7/site-packages/sklearn/metrics/_regression.py", line 94, in _check_reg_targets
    check_consistent_length(y_true, y_pred)
  File "/home/brunok/miniconda3/envs/phenpred/lib/python3.7/site-packages/sklearn/utils/validation.py", line 334, in check_consistent_length
    % [int(l) for l in lengths]
ValueError: Found input variables with inconsistent numbers of samples: [100, 1]

  UserWarning,
/home/brunok/miniconda3/envs/phenpred/lib/python3.7/site-packages/sklearn/cross_decomposition/_pls.py:305: UserWarning: Y residual is constant at iteration 129
  warnings.warn(f"Y residual is constant at iteration {k}")
/home/brunok/miniconda3/envs/phenpred/lib/python3.7/site-packages/sklearn/cross_decomposition/_pls.py:305: UserWarning: Y residual is constant at iteration 128
  warnings.warn(f"Y residual is constant at iteration {k}")
/home/brunok/miniconda3/envs/phenpred/lib/python3.7/site-packages/sklearn/model_selection/_validation.py:774: UserWarning: Scoring failed. The score on this train-test partition for these parameters will be set to nan. Details: 
Traceback (most recent call last):
  File "/home/brunok/miniconda3/envs/phenpred/lib/python3.7/site-packages/sklearn/model_selection/_validation.py", line 761, in _score
    scores = scorer(estimator, X_test, y_test)
  File "/home/brunok/miniconda3/envs/phenpred/lib/python3.7/site-packages/sklearn/metrics/_scorer.py", line 221, in __call__
    sample_weight=sample_weight,
  File "/home/brunok/miniconda3/envs/phenpred/lib/python3.7/site-packages/sklearn/metrics/_scorer.py", line 264, in _score
    return self._sign * self._score_func(y_true, y_pred, **self._kwargs)
  File "/home/brunok/miniconda3/envs/phenpred/lib/python3.7/site-packages/sklearn/metrics/_regression.py", line 790, in r2_score
    y_true, y_pred, multioutput
  File "/home/brunok/miniconda3/envs/phenpred/lib/python3.7/site-packages/sklearn/metrics/_regression.py", line 94, in _check_reg_targets
    check_consistent_length(y_true, y_pred)
  File "/home/brunok/miniconda3/envs/phenpred/lib/python3.7/site-packages/sklearn/utils/validation.py", line 334, in check_consistent_length
    % [int(l) for l in lengths]
ValueError: Found input variables with inconsistent numbers of samples: [101, 1]

  UserWarning,
/home/brunok/miniconda3/envs/phenpred/lib/python3.7/site-packages/sklearn/cross_decomposition/_pls.py:236: FutureWarning: As of version 0.24, n_components(5000) should be in [1, n_features].n_components=4588 will be used instead. In version 1.1 (renaming of 0.26), an error will be raised.
  FutureWarning,
/home/brunok/miniconda3/envs/phenpred/lib/python3.7/site-packages/sklearn/cross_decomposition/_pls.py:305: UserWarning: Y residual is constant at iteration 228
  warnings.warn(f"Y residual is constant at iteration {k}")
/home/brunok/miniconda3/envs/phenpred/lib/python3.7/site-packages/sklearn/cross_decomposition/_pls.py:236: FutureWarning: As of version 0.24, n_components(5000) should be in [1, n_features].n_components=4588 will be used instead. In version 1.1 (renaming of 0.26), an error will be raised.
  FutureWarning,
/home/brunok/miniconda3/envs/phenpred/lib/python3.7/site-packages/sklearn/model_selection/_validation.py:774: UserWarning: Scoring failed. The score on this train-test partition for these parameters will be set to nan. Details: 
Traceback (most recent call last):
  File "/home/brunok/miniconda3/envs/phenpred/lib/python3.7/site-packages/sklearn/model_selection/_validation.py", line 761, in _score
    scores = scorer(estimator, X_test, y_test)
  File "/home/brunok/miniconda3/envs/phenpred/lib/python3.7/site-packages/sklearn/metrics/_scorer.py", line 221, in __call__
    sample_weight=sample_weight,
  File "/home/brunok/miniconda3/envs/phenpred/lib/python3.7/site-packages/sklearn/metrics/_scorer.py", line 264, in _score
    return self._sign * self._score_func(y_true, y_pred, **self._kwargs)
  File "/home/brunok/miniconda3/envs/phenpred/lib/python3.7/site-packages/sklearn/metrics/_regression.py", line 790, in r2_score
    y_true, y_pred, multioutput
  File "/home/brunok/miniconda3/envs/phenpred/lib/python3.7/site-packages/sklearn/metrics/_regression.py", line 94, in _check_reg_targets
    check_consistent_length(y_true, y_pred)
  File "/home/brunok/miniconda3/envs/phenpred/lib/python3.7/site-packages/sklearn/utils/validation.py", line 334, in check_consistent_length
    % [int(l) for l in lengths]
ValueError: Found input variables with inconsistent numbers of samples: [100, 1]

  UserWarning,
/home/brunok/miniconda3/envs/phenpred/lib/python3.7/site-packages/sklearn/model_selection/_validation.py:774: UserWarning: Scoring failed. The score on this train-test partition for these parameters will be set to nan. Details: 
Traceback (most recent call last):
  File "/home/brunok/miniconda3/envs/phenpred/lib/python3.7/site-packages/sklearn/model_selection/_validation.py", line 761, in _score
    scores = scorer(estimator, X_test, y_test)
  File "/home/brunok/miniconda3/envs/phenpred/lib/python3.7/site-packages/sklearn/metrics/_scorer.py", line 221, in __call__
    sample_weight=sample_weight,
  File "/home/brunok/miniconda3/envs/phenpred/lib/python3.7/site-packages/sklearn/metrics/_scorer.py", line 264, in _score
    return self._sign * self._score_func(y_true, y_pred, **self._kwargs)
  File "/home/brunok/miniconda3/envs/phenpred/lib/python3.7/site-packages/sklearn/metrics/_regression.py", line 790, in r2_score
    y_true, y_pred, multioutput
  File "/home/brunok/miniconda3/envs/phenpred/lib/python3.7/site-packages/sklearn/metrics/_regression.py", line 94, in _check_reg_targets
    check_consistent_length(y_true, y_pred)
  File "/home/brunok/miniconda3/envs/phenpred/lib/python3.7/site-packages/sklearn/utils/validation.py", line 334, in check_consistent_length
    % [int(l) for l in lengths]
ValueError: Found input variables with inconsistent numbers of samples: [100, 1]

  UserWarning,
/home/brunok/miniconda3/envs/phenpred/lib/python3.7/site-packages/sklearn/model_selection/_validation.py:774: UserWarning: Scoring failed. The score on this train-test partition for these parameters will be set to nan. Details: 
Traceback (most recent call last):
  File "/home/brunok/miniconda3/envs/phenpred/lib/python3.7/site-packages/sklearn/model_selection/_validation.py", line 761, in _score
    scores = scorer(estimator, X_test, y_test)
  File "/home/brunok/miniconda3/envs/phenpred/lib/python3.7/site-packages/sklearn/metrics/_scorer.py", line 221, in __call__
    sample_weight=sample_weight,
  File "/home/brunok/miniconda3/envs/phenpred/lib/python3.7/site-packages/sklearn/metrics/_scorer.py", line 264, in _score
    return self._sign * self._score_func(y_true, y_pred, **self._kwargs)
  File "/home/brunok/miniconda3/envs/phenpred/lib/python3.7/site-packages/sklearn/metrics/_regression.py", line 790, in r2_score
    y_true, y_pred, multioutput
  File "/home/brunok/miniconda3/envs/phenpred/lib/python3.7/site-packages/sklearn/metrics/_regression.py", line 94, in _check_reg_targets
    check_consistent_length(y_true, y_pred)
  File "/home/brunok/miniconda3/envs/phenpred/lib/python3.7/site-packages/sklearn/utils/validation.py", line 334, in check_consistent_length
    % [int(l) for l in lengths]
ValueError: Found input variables with inconsistent numbers of samples: [101, 1]

  UserWarning,
/home/brunok/miniconda3/envs/phenpred/lib/python3.7/site-packages/sklearn/model_selection/_validation.py:774: UserWarning: Scoring failed. The score on this train-test partition for these parameters will be set to nan. Details: 
Traceback (most recent call last):
  File "/home/brunok/miniconda3/envs/phenpred/lib/python3.7/site-packages/sklearn/model_selection/_validation.py", line 761, in _score
    scores = scorer(estimator, X_test, y_test)
  File "/home/brunok/miniconda3/envs/phenpred/lib/python3.7/site-packages/sklearn/metrics/_scorer.py", line 221, in __call__
    sample_weight=sample_weight,
  File "/home/brunok/miniconda3/envs/phenpred/lib/python3.7/site-packages/sklearn/metrics/_scorer.py", line 264, in _score
    return self._sign * self._score_func(y_true, y_pred, **self._kwargs)
  File "/home/brunok/miniconda3/envs/phenpred/lib/python3.7/site-packages/sklearn/metrics/_regression.py", line 790, in r2_score
    y_true, y_pred, multioutput
  File "/home/brunok/miniconda3/envs/phenpred/lib/python3.7/site-packages/sklearn/metrics/_regression.py", line 94, in _check_reg_targets
    check_consistent_length(y_true, y_pred)
  File "/home/brunok/miniconda3/envs/phenpred/lib/python3.7/site-packages/sklearn/utils/validation.py", line 334, in check_consistent_length
    % [int(l) for l in lengths]
ValueError: Found input variables with inconsistent numbers of samples: [101, 1]

  UserWarning,
/home/brunok/miniconda3/envs/phenpred/lib/python3.7/site-packages/sklearn/cross_decomposition/_pls.py:305: UserWarning: Y residual is constant at iteration 228
  warnings.warn(f"Y residual is constant at iteration {k}")
/home/brunok/miniconda3/envs/phenpred/lib/python3.7/site-packages/sklearn/cross_decomposition/_pls.py:305: UserWarning: Y residual is constant at iteration 228
  warnings.warn(f"Y residual is constant at iteration {k}")
/home/brunok/miniconda3/envs/phenpred/lib/python3.7/site-packages/sklearn/model_selection/_validation.py:774: UserWarning: Scoring failed. The score on this train-test partition for these parameters will be set to nan. Details: 
Traceback (most recent call last):
  File "/home/brunok/miniconda3/envs/phenpred/lib/python3.7/site-packages/sklearn/model_selection/_validation.py", line 761, in _score
    scores = scorer(estimator, X_test, y_test)
  File "/home/brunok/miniconda3/envs/phenpred/lib/python3.7/site-packages/sklearn/metrics/_scorer.py", line 221, in __call__
    sample_weight=sample_weight,
  File "/home/brunok/miniconda3/envs/phenpred/lib/python3.7/site-packages/sklearn/metrics/_scorer.py", line 264, in _score
    return self._sign * self._score_func(y_true, y_pred, **self._kwargs)
  File "/home/brunok/miniconda3/envs/phenpred/lib/python3.7/site-packages/sklearn/metrics/_regression.py", line 790, in r2_score
    y_true, y_pred, multioutput
  File "/home/brunok/miniconda3/envs/phenpred/lib/python3.7/site-packages/sklearn/metrics/_regression.py", line 94, in _check_reg_targets
    check_consistent_length(y_true, y_pred)
  File "/home/brunok/miniconda3/envs/phenpred/lib/python3.7/site-packages/sklearn/utils/validation.py", line 334, in check_consistent_length
    % [int(l) for l in lengths]
ValueError: Found input variables with inconsistent numbers of samples: [101, 1]

  UserWarning,
/home/brunok/miniconda3/envs/phenpred/lib/python3.7/site-packages/sklearn/cross_decomposition/_pls.py:236: FutureWarning: As of version 0.24, n_components(10000) should be in [1, n_features].n_components=4588 will be used instead. In version 1.1 (renaming of 0.26), an error will be raised.
  FutureWarning,
/home/brunok/miniconda3/envs/phenpred/lib/python3.7/site-packages/sklearn/cross_decomposition/_pls.py:305: UserWarning: Y residual is constant at iteration 129
  warnings.warn(f"Y residual is constant at iteration {k}")
/home/brunok/miniconda3/envs/phenpred/lib/python3.7/site-packages/sklearn/cross_decomposition/_pls.py:236: FutureWarning: As of version 0.24, n_components(10000) should be in [1, n_features].n_components=4588 will be used instead. In version 1.1 (renaming of 0.26), an error will be raised.
  FutureWarning,
/home/brunok/miniconda3/envs/phenpred/lib/python3.7/site-packages/sklearn/model_selection/_validation.py:774: UserWarning: Scoring failed. The score on this train-test partition for these parameters will be set to nan. Details: 
Traceback (most recent call last):
  File "/home/brunok/miniconda3/envs/phenpred/lib/python3.7/site-packages/sklearn/model_selection/_validation.py", line 761, in _score
    scores = scorer(estimator, X_test, y_test)
  File "/home/brunok/miniconda3/envs/phenpred/lib/python3.7/site-packages/sklearn/metrics/_scorer.py", line 221, in __call__
    sample_weight=sample_weight,
  File "/home/brunok/miniconda3/envs/phenpred/lib/python3.7/site-packages/sklearn/metrics/_scorer.py", line 264, in _score
    return self._sign * self._score_func(y_true, y_pred, **self._kwargs)
  File "/home/brunok/miniconda3/envs/phenpred/lib/python3.7/site-packages/sklearn/metrics/_regression.py", line 790, in r2_score
    y_true, y_pred, multioutput
  File "/home/brunok/miniconda3/envs/phenpred/lib/python3.7/site-packages/sklearn/metrics/_regression.py", line 94, in _check_reg_targets
    check_consistent_length(y_true, y_pred)
  File "/home/brunok/miniconda3/envs/phenpred/lib/python3.7/site-packages/sklearn/utils/validation.py", line 334, in check_consistent_length
    % [int(l) for l in lengths]
ValueError: Found input variables with inconsistent numbers of samples: [101, 1]

  UserWarning,
/home/brunok/miniconda3/envs/phenpred/lib/python3.7/site-packages/sklearn/model_selection/_validation.py:774: UserWarning: Scoring failed. The score on this train-test partition for these parameters will be set to nan. Details: 
Traceback (most recent call last):
  File "/home/brunok/miniconda3/envs/phenpred/lib/python3.7/site-packages/sklearn/model_selection/_validation.py", line 761, in _score
    scores = scorer(estimator, X_test, y_test)
  File "/home/brunok/miniconda3/envs/phenpred/lib/python3.7/site-packages/sklearn/metrics/_scorer.py", line 221, in __call__
    sample_weight=sample_weight,
  File "/home/brunok/miniconda3/envs/phenpred/lib/python3.7/site-packages/sklearn/metrics/_scorer.py", line 264, in _score
    return self._sign * self._score_func(y_true, y_pred, **self._kwargs)
  File "/home/brunok/miniconda3/envs/phenpred/lib/python3.7/site-packages/sklearn/metrics/_regression.py", line 790, in r2_score
    y_true, y_pred, multioutput
  File "/home/brunok/miniconda3/envs/phenpred/lib/python3.7/site-packages/sklearn/metrics/_regression.py", line 94, in _check_reg_targets
    check_consistent_length(y_true, y_pred)
  File "/home/brunok/miniconda3/envs/phenpred/lib/python3.7/site-packages/sklearn/utils/validation.py", line 334, in check_consistent_length
    % [int(l) for l in lengths]
ValueError: Found input variables with inconsistent numbers of samples: [100, 1]

  UserWarning,
/home/brunok/miniconda3/envs/phenpred/lib/python3.7/site-packages/sklearn/model_selection/_validation.py:774: UserWarning: Scoring failed. The score on this train-test partition for these parameters will be set to nan. Details: 
Traceback (most recent call last):
  File "/home/brunok/miniconda3/envs/phenpred/lib/python3.7/site-packages/sklearn/model_selection/_validation.py", line 761, in _score
    scores = scorer(estimator, X_test, y_test)
  File "/home/brunok/miniconda3/envs/phenpred/lib/python3.7/site-packages/sklearn/metrics/_scorer.py", line 221, in __call__
    sample_weight=sample_weight,
  File "/home/brunok/miniconda3/envs/phenpred/lib/python3.7/site-packages/sklearn/metrics/_scorer.py", line 264, in _score
    return self._sign * self._score_func(y_true, y_pred, **self._kwargs)
  File "/home/brunok/miniconda3/envs/phenpred/lib/python3.7/site-packages/sklearn/metrics/_regression.py", line 790, in r2_score
    y_true, y_pred, multioutput
  File "/home/brunok/miniconda3/envs/phenpred/lib/python3.7/site-packages/sklearn/metrics/_regression.py", line 94, in _check_reg_targets
    check_consistent_length(y_true, y_pred)
  File "/home/brunok/miniconda3/envs/phenpred/lib/python3.7/site-packages/sklearn/utils/validation.py", line 334, in check_consistent_length
    % [int(l) for l in lengths]
ValueError: Found input variables with inconsistent numbers of samples: [101, 1]

  UserWarning,
/home/brunok/miniconda3/envs/phenpred/lib/python3.7/site-packages/sklearn/model_selection/_validation.py:774: UserWarning: Scoring failed. The score on this train-test partition for these parameters will be set to nan. Details: 
Traceback (most recent call last):
  File "/home/brunok/miniconda3/envs/phenpred/lib/python3.7/site-packages/sklearn/model_selection/_validation.py", line 761, in _score
    scores = scorer(estimator, X_test, y_test)
  File "/home/brunok/miniconda3/envs/phenpred/lib/python3.7/site-packages/sklearn/metrics/_scorer.py", line 221, in __call__
    sample_weight=sample_weight,
  File "/home/brunok/miniconda3/envs/phenpred/lib/python3.7/site-packages/sklearn/metrics/_scorer.py", line 264, in _score
    return self._sign * self._score_func(y_true, y_pred, **self._kwargs)
  File "/home/brunok/miniconda3/envs/phenpred/lib/python3.7/site-packages/sklearn/metrics/_regression.py", line 790, in r2_score
    y_true, y_pred, multioutput
  File "/home/brunok/miniconda3/envs/phenpred/lib/python3.7/site-packages/sklearn/metrics/_regression.py", line 94, in _check_reg_targets
    check_consistent_length(y_true, y_pred)
  File "/home/brunok/miniconda3/envs/phenpred/lib/python3.7/site-packages/sklearn/utils/validation.py", line 334, in check_consistent_length
    % [int(l) for l in lengths]
ValueError: Found input variables with inconsistent numbers of samples: [101, 1]

  UserWarning,
/home/brunok/miniconda3/envs/phenpred/lib/python3.7/site-packages/sklearn/cross_decomposition/_pls.py:305: UserWarning: Y residual is constant at iteration 216
  warnings.warn(f"Y residual is constant at iteration {k}")
/home/brunok/miniconda3/envs/phenpred/lib/python3.7/site-packages/sklearn/cross_decomposition/_pls.py:305: UserWarning: Y residual is constant at iteration 216
  warnings.warn(f"Y residual is constant at iteration {k}")
/home/brunok/miniconda3/envs/phenpred/lib/python3.7/site-packages/sklearn/model_selection/_validation.py:774: UserWarning: Scoring failed. The score on this train-test partition for these parameters will be set to nan. Details: 
Traceback (most recent call last):
  File "/home/brunok/miniconda3/envs/phenpred/lib/python3.7/site-packages/sklearn/model_selection/_validation.py", line 761, in _score
    scores = scorer(estimator, X_test, y_test)
  File "/home/brunok/miniconda3/envs/phenpred/lib/python3.7/site-packages/sklearn/metrics/_scorer.py", line 221, in __call__
    sample_weight=sample_weight,
  File "/home/brunok/miniconda3/envs/phenpred/lib/python3.7/site-packages/sklearn/metrics/_scorer.py", line 264, in _score
    return self._sign * self._score_func(y_true, y_pred, **self._kwargs)
  File "/home/brunok/miniconda3/envs/phenpred/lib/python3.7/site-packages/sklearn/metrics/_regression.py", line 790, in r2_score
    y_true, y_pred, multioutput
  File "/home/brunok/miniconda3/envs/phenpred/lib/python3.7/site-packages/sklearn/metrics/_regression.py", line 94, in _check_reg_targets
    check_consistent_length(y_true, y_pred)
  File "/home/brunok/miniconda3/envs/phenpred/lib/python3.7/site-packages/sklearn/utils/validation.py", line 334, in check_consistent_length
    % [int(l) for l in lengths]
ValueError: Found input variables with inconsistent numbers of samples: [100, 1]

  UserWarning,
/home/brunok/miniconda3/envs/phenpred/lib/python3.7/site-packages/sklearn/cross_decomposition/_pls.py:236: FutureWarning: As of version 0.24, n_components(5000) should be in [1, n_features].n_components=4588 will be used instead. In version 1.1 (renaming of 0.26), an error will be raised.
  FutureWarning,
/home/brunok/miniconda3/envs/phenpred/lib/python3.7/site-packages/sklearn/cross_decomposition/_pls.py:305: UserWarning: Y residual is constant at iteration 216
  warnings.warn(f"Y residual is constant at iteration {k}")
/home/brunok/miniconda3/envs/phenpred/lib/python3.7/site-packages/sklearn/cross_decomposition/_pls.py:236: FutureWarning: As of version 0.24, n_components(5000) should be in [1, n_features].n_components=4588 will be used instead. In version 1.1 (renaming of 0.26), an error will be raised.
  FutureWarning,
